Tue May 13 15:54:06 2025: Running xcd server. This server was built by gradle.
Tue May 13 15:54:06 2025: Server was asked to start on port: '35787'
Tue May 13 15:54:06 2025: Server is using token UUID: 'd4cffe3f-9fe3-403b-8aa1-29e90b66bcd0'
Tue May 13 15:54:06 2025: SESSION_MGR: creating session with session uuid: '6d04a3e9-ade5-4ab9-8d63-1f78fcd2ec76' and name 'default'
Tue May 13 15:54:06 2025: Attempting to start server on port '35787'
Tue May 13 15:54:06 2025: XCD main fifo: created main fifo '/tmp/xcdmaind4cffe3f-9fe3-403b-8aa1-29e90b66bcd0', fd read = 12
Tue May 13 15:54:06 2025: Running Dispatch Server
Tue May 13 15:54:06 2025: Version 2.2.0
Tue May 13 15:54:06 2025: Dispatch Server: Accepted socket connection from client
Tue May 13 15:54:06 2025: Starting Socket connection
Tue May 13 15:54:06 2025: EXCHANGE_TOKEN received, server token: d4cffe3f-9fe3-403b-8aa1-29e90b66bcd0, passed token: d4cffe3f-9fe3-403b-8aa1-29e90b66bcd0
Tue May 13 15:54:06 2025: DISPATCH_HANDLER: Adding handler from function makeHandler in library libxv_system_diagram
Tue May 13 15:54:06 2025: SESSION_MGR: creating session with session uuid: 'b02747ea-2b7a-4aed-8ccb-fb5ad14da2c0' and name 'vitis-run_compile_axil_conv2D'
Tue May 13 15:54:06 2025: KERNEL_SVC: creating session with uuid: 'b02747ea-2b7a-4aed-8ccb-fb5ad14da2c0' and name 'vitis-run_compile_axil_conv2D'
Tue May 13 15:54:06 2025: GUIDANCE_SMGR: creating guidance session with uuid: 'b02747ea-2b7a-4aed-8ccb-fb5ad14da2c0' and name 'vitis-run_compile_axil_conv2D'
Tue May 13 15:54:06 2025: SYSTEM_DIAGRAM: creating session with uuid: 'b02747ea-2b7a-4aed-8ccb-fb5ad14da2c0' and name 'vitis-run_compile_axil_conv2D'
Tue May 13 15:54:23 2025: Dispatch Server: Accepted socket connection from client
Tue May 13 15:54:23 2025: Starting Socket connection
Tue May 13 15:54:39 2025: SESSION_MGR: closing session for UUID 'b02747ea-2b7a-4aed-8ccb-fb5ad14da2c0' with name 'vitis-run_compile_axil_conv2D'
Tue May 13 15:54:39 2025: KERNEL_SVC: closing session for UUID 'b02747ea-2b7a-4aed-8ccb-fb5ad14da2c0' with name 'vitis-run_compile_axil_conv2D'
Tue May 13 15:54:39 2025: GUIDANCE_SMGR: closing session for UUID 'b02747ea-2b7a-4aed-8ccb-fb5ad14da2c0' with name 'vitis-run_compile_axil_conv2D'
Tue May 13 15:54:39 2025: SYSTEM_DIAGRAM: closing session for UUID 'b02747ea-2b7a-4aed-8ccb-fb5ad14da2c0' with name 'vitis-run_compile_axil_conv2D'
Tue May 13 15:54:39 2025: STOP_SERVER received, server token: d4cffe3f-9fe3-403b-8aa1-29e90b66bcd0, passed token: d4cffe3f-9fe3-403b-8aa1-29e90b66bcd0
Tue May 13 15:54:39 2025: Socket received request to stop server.
Tue May 13 15:54:39 2025: Dispatch Server: do_await_stop
Tue May 13 15:54:39 2025: Dispatch Server: stopping mainFifo_
Tue May 13 15:54:39 2025: XCD main fifo: Stopping
Tue May 13 15:54:39 2025: XCD main fifo: do_read error code: Operation canceled
Tue May 13 15:54:39 2025: XCD main fifo: bytes_transferred: 0
Tue May 13 15:54:39 2025: SERVER: destructor for server bound to port 35787
Tue May 13 15:54:39 2025: XCD main fifo: Good unlink of /tmp/xcdmaind4cffe3f-9fe3-403b-8aa1-29e90b66bcd0
Tue May 13 15:54:39 2025: Server exiting with status 0.
Tue May 13 15:54:40 2025: Closing log file.
Tue May 13 15:56:39 2025: Running xcd server. This server was built by gradle.
Tue May 13 15:56:39 2025: Server was asked to start on port: '42999'
Tue May 13 15:56:39 2025: Server is using token UUID: 'f2dde820-8419-4ed7-a11a-f1915931c5b2'
Tue May 13 15:56:39 2025: SESSION_MGR: creating session with session uuid: '6d04a3e9-ade5-4ab9-8d63-1f78fcd2ec76' and name 'default'
Tue May 13 15:56:39 2025: Attempting to start server on port '42999'
Tue May 13 15:56:39 2025: XCD main fifo: created main fifo '/tmp/xcdmainf2dde820-8419-4ed7-a11a-f1915931c5b2', fd read = 13
Tue May 13 15:56:39 2025: Running Dispatch Server
Tue May 13 15:56:39 2025: Version 2.2.0
Tue May 13 15:56:40 2025: Dispatch Server: Accepted socket connection from client
Tue May 13 15:56:40 2025: Starting Socket connection
Tue May 13 15:56:40 2025: EXCHANGE_TOKEN received, server token: f2dde820-8419-4ed7-a11a-f1915931c5b2, passed token: f2dde820-8419-4ed7-a11a-f1915931c5b2
Tue May 13 15:56:40 2025: DISPATCH_HANDLER: Adding handler from function makeHandler in library libxv_system_diagram
Tue May 13 15:56:40 2025: SESSION_MGR: creating session with session uuid: 'b7e7664d-da41-4d66-83fd-8cffcb8853a2' and name 'v++_compile_axil_conv2D'
Tue May 13 15:56:40 2025: KERNEL_SVC: creating session with uuid: 'b7e7664d-da41-4d66-83fd-8cffcb8853a2' and name 'v++_compile_axil_conv2D'
Tue May 13 15:56:40 2025: GUIDANCE_SMGR: creating guidance session with uuid: 'b7e7664d-da41-4d66-83fd-8cffcb8853a2' and name 'v++_compile_axil_conv2D'
Tue May 13 15:56:40 2025: SYSTEM_DIAGRAM: creating session with uuid: 'b7e7664d-da41-4d66-83fd-8cffcb8853a2' and name 'v++_compile_axil_conv2D'
Tue May 13 15:56:47 2025: Dispatch Server: Accepted socket connection from client
Tue May 13 15:56:47 2025: Starting Socket connection
Tue May 13 15:57:10 2025: SESSION_MGR: closing session for UUID 'b7e7664d-da41-4d66-83fd-8cffcb8853a2' with name 'v++_compile_axil_conv2D'
Tue May 13 15:57:10 2025: KERNEL_SVC: closing session for UUID 'b7e7664d-da41-4d66-83fd-8cffcb8853a2' with name 'v++_compile_axil_conv2D'
Tue May 13 15:57:10 2025: GUIDANCE_SMGR: closing session for UUID 'b7e7664d-da41-4d66-83fd-8cffcb8853a2' with name 'v++_compile_axil_conv2D'
Tue May 13 15:57:10 2025: SYSTEM_DIAGRAM: closing session for UUID 'b7e7664d-da41-4d66-83fd-8cffcb8853a2' with name 'v++_compile_axil_conv2D'
Tue May 13 15:57:10 2025: STOP_SERVER received, server token: f2dde820-8419-4ed7-a11a-f1915931c5b2, passed token: f2dde820-8419-4ed7-a11a-f1915931c5b2
Tue May 13 15:57:10 2025: Socket received request to stop server.
Tue May 13 15:57:10 2025: Dispatch Server: do_await_stop
Tue May 13 15:57:10 2025: Dispatch Server: stopping mainFifo_
Tue May 13 15:57:10 2025: XCD main fifo: Stopping
Tue May 13 15:57:10 2025: XCD main fifo: do_read error code: Operation canceled
Tue May 13 15:57:10 2025: XCD main fifo: bytes_transferred: 0
Tue May 13 15:57:10 2025: SERVER: destructor for server bound to port 42999
Tue May 13 15:57:10 2025: XCD main fifo: Good unlink of /tmp/xcdmainf2dde820-8419-4ed7-a11a-f1915931c5b2
Tue May 13 15:57:10 2025: Server exiting with status 0.
Tue May 13 15:57:10 2025: Closing log file.
Tue May 13 16:04:08 2025: Running xcd server. This server was built by gradle.
Tue May 13 16:04:08 2025: Server was asked to start on port: '44687'
Tue May 13 16:04:08 2025: Server is using token UUID: '7f85f96a-57d9-4bc9-a0af-40526d5e4bde'
Tue May 13 16:04:08 2025: SESSION_MGR: creating session with session uuid: '6d04a3e9-ade5-4ab9-8d63-1f78fcd2ec76' and name 'default'
Tue May 13 16:04:08 2025: Attempting to start server on port '44687'
Tue May 13 16:04:08 2025: XCD main fifo: created main fifo '/tmp/xcdmain7f85f96a-57d9-4bc9-a0af-40526d5e4bde', fd read = 13
Tue May 13 16:04:08 2025: Running Dispatch Server
Tue May 13 16:04:08 2025: Version 2.2.0
Tue May 13 16:04:13 2025: Dispatch Server: Accepted socket connection from client
Tue May 13 16:04:13 2025: Starting Socket connection
Tue May 13 16:04:13 2025: EXCHANGE_TOKEN received, server token: 7f85f96a-57d9-4bc9-a0af-40526d5e4bde, passed token: 7f85f96a-57d9-4bc9-a0af-40526d5e4bde
Tue May 13 16:04:14 2025: DISPATCH_HANDLER: Adding handler from function makeHandler in library libxv_system_diagram
Tue May 13 16:04:14 2025: SESSION_MGR: creating session with session uuid: 'dcadef5e-a7d4-45c9-8019-40d8e2328ed5' and name 'vitis-run_compile_axil_conv2D'
Tue May 13 16:04:14 2025: KERNEL_SVC: creating session with uuid: 'dcadef5e-a7d4-45c9-8019-40d8e2328ed5' and name 'vitis-run_compile_axil_conv2D'
Tue May 13 16:04:14 2025: GUIDANCE_SMGR: creating guidance session with uuid: 'dcadef5e-a7d4-45c9-8019-40d8e2328ed5' and name 'vitis-run_compile_axil_conv2D'
Tue May 13 16:04:14 2025: SYSTEM_DIAGRAM: creating session with uuid: 'dcadef5e-a7d4-45c9-8019-40d8e2328ed5' and name 'vitis-run_compile_axil_conv2D'
Tue May 13 16:04:40 2025: Dispatch Server: Accepted socket connection from client
Tue May 13 16:04:40 2025: Starting Socket connection
Tue May 13 16:08:23 2025: SESSION_MGR: closing session for UUID 'dcadef5e-a7d4-45c9-8019-40d8e2328ed5' with name 'vitis-run_compile_axil_conv2D'
Tue May 13 16:08:24 2025: KERNEL_SVC: closing session for UUID 'dcadef5e-a7d4-45c9-8019-40d8e2328ed5' with name 'vitis-run_compile_axil_conv2D'
Tue May 13 16:08:24 2025: GUIDANCE_SMGR: closing session for UUID 'dcadef5e-a7d4-45c9-8019-40d8e2328ed5' with name 'vitis-run_compile_axil_conv2D'
Tue May 13 16:08:24 2025: SYSTEM_DIAGRAM: closing session for UUID 'dcadef5e-a7d4-45c9-8019-40d8e2328ed5' with name 'vitis-run_compile_axil_conv2D'
Tue May 13 16:08:24 2025: STOP_SERVER received, server token: 7f85f96a-57d9-4bc9-a0af-40526d5e4bde, passed token: 7f85f96a-57d9-4bc9-a0af-40526d5e4bde
Tue May 13 16:08:24 2025: Socket received request to stop server.
Tue May 13 16:08:24 2025: Dispatch Server: do_await_stop
Tue May 13 16:08:24 2025: Dispatch Server: stopping mainFifo_
Tue May 13 16:08:24 2025: XCD main fifo: Stopping
Tue May 13 16:08:24 2025: XCD main fifo: do_read error code: Operation canceled
Tue May 13 16:08:24 2025: XCD main fifo: bytes_transferred: 0
Tue May 13 16:08:24 2025: SERVER: destructor for server bound to port 44687
Tue May 13 16:08:24 2025: XCD main fifo: Good unlink of /tmp/xcdmain7f85f96a-57d9-4bc9-a0af-40526d5e4bde
Tue May 13 16:08:24 2025: Server exiting with status 0.
Tue May 13 16:08:27 2025: Closing log file.
Tue May 13 16:11:26 2025: Running xcd server. This server was built by gradle.
Tue May 13 16:11:26 2025: Server was asked to start on port: '41447'
Tue May 13 16:11:26 2025: Server is using token UUID: 'b32f95ef-01cd-49e6-a788-f7e98f0244ef'
Tue May 13 16:11:26 2025: SESSION_MGR: creating session with session uuid: '6d04a3e9-ade5-4ab9-8d63-1f78fcd2ec76' and name 'default'
Tue May 13 16:11:26 2025: Attempting to start server on port '41447'
Tue May 13 16:11:26 2025: XCD main fifo: created main fifo '/tmp/xcdmainb32f95ef-01cd-49e6-a788-f7e98f0244ef', fd read = 12
Tue May 13 16:11:26 2025: Running Dispatch Server
Tue May 13 16:11:26 2025: Version 2.2.0
Tue May 13 16:11:31 2025: Dispatch Server: Accepted socket connection from client
Tue May 13 16:11:31 2025: Starting Socket connection
Tue May 13 16:11:31 2025: EXCHANGE_TOKEN received, server token: b32f95ef-01cd-49e6-a788-f7e98f0244ef, passed token: b32f95ef-01cd-49e6-a788-f7e98f0244ef
Tue May 13 16:11:32 2025: DISPATCH_HANDLER: Adding handler from function makeHandler in library libxv_system_diagram
Tue May 13 16:11:32 2025: SESSION_MGR: creating session with session uuid: '9a4c50fe-25e1-4d40-8b6b-face77ed07b0' and name 'vitis-run_compile_axil_conv2D'
Tue May 13 16:11:32 2025: KERNEL_SVC: creating session with uuid: '9a4c50fe-25e1-4d40-8b6b-face77ed07b0' and name 'vitis-run_compile_axil_conv2D'
Tue May 13 16:11:32 2025: GUIDANCE_SMGR: creating guidance session with uuid: '9a4c50fe-25e1-4d40-8b6b-face77ed07b0' and name 'vitis-run_compile_axil_conv2D'
Tue May 13 16:11:32 2025: SYSTEM_DIAGRAM: creating session with uuid: '9a4c50fe-25e1-4d40-8b6b-face77ed07b0' and name 'vitis-run_compile_axil_conv2D'
Tue May 13 16:12:02 2025: Dispatch Server: Accepted socket connection from client
Tue May 13 16:12:02 2025: Starting Socket connection
Tue May 13 16:12:19 2025: SESSION_MGR: closing session for UUID '9a4c50fe-25e1-4d40-8b6b-face77ed07b0' with name 'vitis-run_compile_axil_conv2D'
Tue May 13 16:12:19 2025: KERNEL_SVC: closing session for UUID '9a4c50fe-25e1-4d40-8b6b-face77ed07b0' with name 'vitis-run_compile_axil_conv2D'
Tue May 13 16:12:19 2025: GUIDANCE_SMGR: closing session for UUID '9a4c50fe-25e1-4d40-8b6b-face77ed07b0' with name 'vitis-run_compile_axil_conv2D'
Tue May 13 16:12:19 2025: SYSTEM_DIAGRAM: closing session for UUID '9a4c50fe-25e1-4d40-8b6b-face77ed07b0' with name 'vitis-run_compile_axil_conv2D'
Tue May 13 16:12:19 2025: STOP_SERVER received, server token: b32f95ef-01cd-49e6-a788-f7e98f0244ef, passed token: b32f95ef-01cd-49e6-a788-f7e98f0244ef
Tue May 13 16:12:19 2025: Socket received request to stop server.
Tue May 13 16:12:19 2025: Dispatch Server: do_await_stop
Tue May 13 16:12:19 2025: Dispatch Server: stopping mainFifo_
Tue May 13 16:12:19 2025: XCD main fifo: Stopping
Tue May 13 16:12:19 2025: XCD main fifo: do_read error code: Operation canceled
Tue May 13 16:12:19 2025: XCD main fifo: bytes_transferred: 0
Tue May 13 16:12:19 2025: SERVER: destructor for server bound to port 41447
Tue May 13 16:12:19 2025: XCD main fifo: Good unlink of /tmp/xcdmainb32f95ef-01cd-49e6-a788-f7e98f0244ef
Tue May 13 16:12:19 2025: Server exiting with status 0.
Tue May 13 16:12:19 2025: Closing log file.
Tue May 13 16:16:01 2025: Running xcd server. This server was built by gradle.
Tue May 13 16:16:01 2025: Server was asked to start on port: '35761'
Tue May 13 16:16:01 2025: Server is using token UUID: '8feb249f-05be-4c78-a896-48453d4e07ce'
Tue May 13 16:16:01 2025: SESSION_MGR: creating session with session uuid: '6d04a3e9-ade5-4ab9-8d63-1f78fcd2ec76' and name 'default'
Tue May 13 16:16:01 2025: Attempting to start server on port '35761'
Tue May 13 16:16:01 2025: XCD main fifo: created main fifo '/tmp/xcdmain8feb249f-05be-4c78-a896-48453d4e07ce', fd read = 13
Tue May 13 16:16:01 2025: Running Dispatch Server
Tue May 13 16:16:01 2025: Version 2.2.0
Tue May 13 16:16:01 2025: Dispatch Server: Accepted socket connection from client
Tue May 13 16:16:01 2025: Starting Socket connection
Tue May 13 16:16:01 2025: EXCHANGE_TOKEN received, server token: 8feb249f-05be-4c78-a896-48453d4e07ce, passed token: 8feb249f-05be-4c78-a896-48453d4e07ce
Tue May 13 16:16:01 2025: DISPATCH_HANDLER: Adding handler from function makeHandler in library libxv_system_diagram
Tue May 13 16:16:01 2025: SESSION_MGR: creating session with session uuid: '089f19ba-227e-4674-a2aa-35a6600979a7' and name 'v++_compile_axil_conv2D'
Tue May 13 16:16:01 2025: KERNEL_SVC: creating session with uuid: '089f19ba-227e-4674-a2aa-35a6600979a7' and name 'v++_compile_axil_conv2D'
Tue May 13 16:16:01 2025: GUIDANCE_SMGR: creating guidance session with uuid: '089f19ba-227e-4674-a2aa-35a6600979a7' and name 'v++_compile_axil_conv2D'
Tue May 13 16:16:01 2025: SYSTEM_DIAGRAM: creating session with uuid: '089f19ba-227e-4674-a2aa-35a6600979a7' and name 'v++_compile_axil_conv2D'
Tue May 13 16:16:10 2025: Dispatch Server: Accepted socket connection from client
Tue May 13 16:16:10 2025: Starting Socket connection
Tue May 13 16:16:34 2025: SESSION_MGR: closing session for UUID '089f19ba-227e-4674-a2aa-35a6600979a7' with name 'v++_compile_axil_conv2D'
Tue May 13 16:16:34 2025: KERNEL_SVC: closing session for UUID '089f19ba-227e-4674-a2aa-35a6600979a7' with name 'v++_compile_axil_conv2D'
Tue May 13 16:16:34 2025: GUIDANCE_SMGR: closing session for UUID '089f19ba-227e-4674-a2aa-35a6600979a7' with name 'v++_compile_axil_conv2D'
Tue May 13 16:16:34 2025: SYSTEM_DIAGRAM: closing session for UUID '089f19ba-227e-4674-a2aa-35a6600979a7' with name 'v++_compile_axil_conv2D'
Tue May 13 16:16:34 2025: STOP_SERVER received, server token: 8feb249f-05be-4c78-a896-48453d4e07ce, passed token: 8feb249f-05be-4c78-a896-48453d4e07ce
Tue May 13 16:16:34 2025: Socket received request to stop server.
Tue May 13 16:16:34 2025: Dispatch Server: do_await_stop
Tue May 13 16:16:34 2025: Dispatch Server: stopping mainFifo_
Tue May 13 16:16:34 2025: XCD main fifo: Stopping
Tue May 13 16:16:34 2025: XCD main fifo: do_read error code: Operation canceled
Tue May 13 16:16:34 2025: XCD main fifo: bytes_transferred: 0
Tue May 13 16:16:34 2025: SERVER: destructor for server bound to port 35761
Tue May 13 16:16:34 2025: XCD main fifo: Good unlink of /tmp/xcdmain8feb249f-05be-4c78-a896-48453d4e07ce
Tue May 13 16:16:34 2025: Server exiting with status 0.
Tue May 13 16:16:34 2025: Closing log file.
Tue May 13 16:22:23 2025: Running xcd server. This server was built by gradle.
Tue May 13 16:22:23 2025: Server was asked to start on port: '45935'
Tue May 13 16:22:23 2025: Server is using token UUID: '3bf3d832-6dce-4b61-aab4-4009f4e082f3'
Tue May 13 16:22:23 2025: SESSION_MGR: creating session with session uuid: '6d04a3e9-ade5-4ab9-8d63-1f78fcd2ec76' and name 'default'
Tue May 13 16:22:23 2025: Attempting to start server on port '45935'
Tue May 13 16:22:23 2025: XCD main fifo: created main fifo '/tmp/xcdmain3bf3d832-6dce-4b61-aab4-4009f4e082f3', fd read = 13
Tue May 13 16:22:23 2025: Running Dispatch Server
Tue May 13 16:22:23 2025: Version 2.2.0
Tue May 13 16:22:24 2025: Dispatch Server: Accepted socket connection from client
Tue May 13 16:22:24 2025: Starting Socket connection
Tue May 13 16:22:24 2025: EXCHANGE_TOKEN received, server token: 3bf3d832-6dce-4b61-aab4-4009f4e082f3, passed token: 3bf3d832-6dce-4b61-aab4-4009f4e082f3
Tue May 13 16:22:24 2025: DISPATCH_HANDLER: Adding handler from function makeHandler in library libxv_system_diagram
Tue May 13 16:22:24 2025: SESSION_MGR: creating session with session uuid: '60e74ca3-d5ce-41e5-9b95-de25e7158d26' and name 'vitis-run_compile_axil_conv2D'
Tue May 13 16:22:24 2025: KERNEL_SVC: creating session with uuid: '60e74ca3-d5ce-41e5-9b95-de25e7158d26' and name 'vitis-run_compile_axil_conv2D'
Tue May 13 16:22:24 2025: GUIDANCE_SMGR: creating guidance session with uuid: '60e74ca3-d5ce-41e5-9b95-de25e7158d26' and name 'vitis-run_compile_axil_conv2D'
Tue May 13 16:22:24 2025: SYSTEM_DIAGRAM: creating session with uuid: '60e74ca3-d5ce-41e5-9b95-de25e7158d26' and name 'vitis-run_compile_axil_conv2D'
Tue May 13 16:22:32 2025: Dispatch Server: Accepted socket connection from client
Tue May 13 16:22:32 2025: Starting Socket connection
Tue May 13 16:23:45 2025: SESSION_MGR: closing session for UUID '60e74ca3-d5ce-41e5-9b95-de25e7158d26' with name 'vitis-run_compile_axil_conv2D'
Tue May 13 16:23:45 2025: KERNEL_SVC: closing session for UUID '60e74ca3-d5ce-41e5-9b95-de25e7158d26' with name 'vitis-run_compile_axil_conv2D'
Tue May 13 16:23:45 2025: GUIDANCE_SMGR: closing session for UUID '60e74ca3-d5ce-41e5-9b95-de25e7158d26' with name 'vitis-run_compile_axil_conv2D'
Tue May 13 16:23:45 2025: SYSTEM_DIAGRAM: closing session for UUID '60e74ca3-d5ce-41e5-9b95-de25e7158d26' with name 'vitis-run_compile_axil_conv2D'
Tue May 13 16:23:45 2025: STOP_SERVER received, server token: 3bf3d832-6dce-4b61-aab4-4009f4e082f3, passed token: 3bf3d832-6dce-4b61-aab4-4009f4e082f3
Tue May 13 16:23:45 2025: Socket received request to stop server.
Tue May 13 16:23:45 2025: Dispatch Server: do_await_stop
Tue May 13 16:23:45 2025: Dispatch Server: stopping mainFifo_
Tue May 13 16:23:45 2025: XCD main fifo: Stopping
Tue May 13 16:23:45 2025: XCD main fifo: do_read error code: Operation canceled
Tue May 13 16:23:45 2025: XCD main fifo: bytes_transferred: 0
Tue May 13 16:23:45 2025: SERVER: destructor for server bound to port 45935
Tue May 13 16:23:45 2025: XCD main fifo: Good unlink of /tmp/xcdmain3bf3d832-6dce-4b61-aab4-4009f4e082f3
Tue May 13 16:23:45 2025: Server exiting with status 0.
Tue May 13 16:23:45 2025: Closing log file.
Tue May 13 16:25:10 2025: Running xcd server. This server was built by gradle.
Tue May 13 16:25:10 2025: Server was asked to start on port: '38657'
Tue May 13 16:25:10 2025: Server is using token UUID: 'c12402f1-c88d-48bf-b6d9-da52eb19a9c0'
Tue May 13 16:25:10 2025: SESSION_MGR: creating session with session uuid: '6d04a3e9-ade5-4ab9-8d63-1f78fcd2ec76' and name 'default'
Tue May 13 16:25:10 2025: Attempting to start server on port '38657'
Tue May 13 16:25:10 2025: XCD main fifo: created main fifo '/tmp/xcdmainc12402f1-c88d-48bf-b6d9-da52eb19a9c0', fd read = 13
Tue May 13 16:25:10 2025: Running Dispatch Server
Tue May 13 16:25:10 2025: Version 2.2.0
Tue May 13 16:25:11 2025: Dispatch Server: Accepted socket connection from client
Tue May 13 16:25:11 2025: Starting Socket connection
Tue May 13 16:25:11 2025: EXCHANGE_TOKEN received, server token: c12402f1-c88d-48bf-b6d9-da52eb19a9c0, passed token: c12402f1-c88d-48bf-b6d9-da52eb19a9c0
Tue May 13 16:25:11 2025: DISPATCH_HANDLER: Adding handler from function makeHandler in library libxv_system_diagram
Tue May 13 16:25:11 2025: SESSION_MGR: creating session with session uuid: 'c5fa205e-1aa1-4e2e-abc4-468c08d49390' and name 'vitis-run_compile_axil_conv2D'
Tue May 13 16:25:11 2025: KERNEL_SVC: creating session with uuid: 'c5fa205e-1aa1-4e2e-abc4-468c08d49390' and name 'vitis-run_compile_axil_conv2D'
Tue May 13 16:25:11 2025: GUIDANCE_SMGR: creating guidance session with uuid: 'c5fa205e-1aa1-4e2e-abc4-468c08d49390' and name 'vitis-run_compile_axil_conv2D'
Tue May 13 16:25:11 2025: SYSTEM_DIAGRAM: creating session with uuid: 'c5fa205e-1aa1-4e2e-abc4-468c08d49390' and name 'vitis-run_compile_axil_conv2D'
Tue May 13 16:25:19 2025: Dispatch Server: Accepted socket connection from client
Tue May 13 16:25:19 2025: Starting Socket connection
Tue May 13 17:17:13 2025: SESSION_MGR: closing session for UUID 'c5fa205e-1aa1-4e2e-abc4-468c08d49390' with name 'vitis-run_compile_axil_conv2D'
Tue May 13 17:17:13 2025: KERNEL_SVC: closing session for UUID 'c5fa205e-1aa1-4e2e-abc4-468c08d49390' with name 'vitis-run_compile_axil_conv2D'
Tue May 13 17:17:13 2025: GUIDANCE_SMGR: closing session for UUID 'c5fa205e-1aa1-4e2e-abc4-468c08d49390' with name 'vitis-run_compile_axil_conv2D'
Tue May 13 17:17:13 2025: SYSTEM_DIAGRAM: closing session for UUID 'c5fa205e-1aa1-4e2e-abc4-468c08d49390' with name 'vitis-run_compile_axil_conv2D'
Tue May 13 17:17:14 2025: STOP_SERVER received, server token: c12402f1-c88d-48bf-b6d9-da52eb19a9c0, passed token: c12402f1-c88d-48bf-b6d9-da52eb19a9c0
Tue May 13 17:17:14 2025: Socket received request to stop server.
Tue May 13 17:17:14 2025: Dispatch Server: do_await_stop
Tue May 13 17:17:14 2025: Dispatch Server: stopping mainFifo_
Tue May 13 17:17:14 2025: XCD main fifo: Stopping
Tue May 13 17:17:14 2025: XCD main fifo: do_read error code: Operation canceled
Tue May 13 17:17:14 2025: XCD main fifo: bytes_transferred: 0
Tue May 13 17:17:14 2025: SERVER: destructor for server bound to port 38657
Tue May 13 17:17:14 2025: XCD main fifo: Good unlink of /tmp/xcdmainc12402f1-c88d-48bf-b6d9-da52eb19a9c0
Tue May 13 17:17:14 2025: Server exiting with status 0.
Tue May 13 17:17:14 2025: Closing log file.
Tue May 13 17:17:52 2025: Running xcd server. This server was built by gradle.
Tue May 13 17:17:52 2025: Server was asked to start on port: '33773'
Tue May 13 17:17:52 2025: Server is using token UUID: '9c5c9229-b8e0-404b-9f33-65f7dc85a6d7'
Tue May 13 17:17:52 2025: SESSION_MGR: creating session with session uuid: '6d04a3e9-ade5-4ab9-8d63-1f78fcd2ec76' and name 'default'
Tue May 13 17:17:52 2025: Attempting to start server on port '33773'
Tue May 13 17:17:52 2025: XCD main fifo: created main fifo '/tmp/xcdmain9c5c9229-b8e0-404b-9f33-65f7dc85a6d7', fd read = 13
Tue May 13 17:17:52 2025: Running Dispatch Server
Tue May 13 17:17:52 2025: Version 2.2.0
Tue May 13 17:17:53 2025: Dispatch Server: Accepted socket connection from client
Tue May 13 17:17:53 2025: Starting Socket connection
Tue May 13 17:17:53 2025: EXCHANGE_TOKEN received, server token: 9c5c9229-b8e0-404b-9f33-65f7dc85a6d7, passed token: 9c5c9229-b8e0-404b-9f33-65f7dc85a6d7
Tue May 13 17:17:53 2025: DISPATCH_HANDLER: Adding handler from function makeHandler in library libxv_system_diagram
Tue May 13 17:17:53 2025: SESSION_MGR: creating session with session uuid: 'a953e72f-a8a8-4f2f-b4ff-bc4d215608f6' and name 'vitis-run_compile_axil_conv2D'
Tue May 13 17:17:53 2025: KERNEL_SVC: creating session with uuid: 'a953e72f-a8a8-4f2f-b4ff-bc4d215608f6' and name 'vitis-run_compile_axil_conv2D'
Tue May 13 17:17:53 2025: GUIDANCE_SMGR: creating guidance session with uuid: 'a953e72f-a8a8-4f2f-b4ff-bc4d215608f6' and name 'vitis-run_compile_axil_conv2D'
Tue May 13 17:17:53 2025: SYSTEM_DIAGRAM: creating session with uuid: 'a953e72f-a8a8-4f2f-b4ff-bc4d215608f6' and name 'vitis-run_compile_axil_conv2D'
Tue May 13 17:18:06 2025: Dispatch Server: Accepted socket connection from client
Tue May 13 17:18:06 2025: Starting Socket connection
Tue May 13 17:18:50 2025: SESSION_MGR: closing session for UUID 'a953e72f-a8a8-4f2f-b4ff-bc4d215608f6' with name 'vitis-run_compile_axil_conv2D'
Tue May 13 17:18:50 2025: KERNEL_SVC: closing session for UUID 'a953e72f-a8a8-4f2f-b4ff-bc4d215608f6' with name 'vitis-run_compile_axil_conv2D'
Tue May 13 17:18:50 2025: GUIDANCE_SMGR: closing session for UUID 'a953e72f-a8a8-4f2f-b4ff-bc4d215608f6' with name 'vitis-run_compile_axil_conv2D'
Tue May 13 17:18:50 2025: SYSTEM_DIAGRAM: closing session for UUID 'a953e72f-a8a8-4f2f-b4ff-bc4d215608f6' with name 'vitis-run_compile_axil_conv2D'
Tue May 13 17:18:50 2025: STOP_SERVER received, server token: 9c5c9229-b8e0-404b-9f33-65f7dc85a6d7, passed token: 9c5c9229-b8e0-404b-9f33-65f7dc85a6d7
Tue May 13 17:18:50 2025: Socket received request to stop server.
Tue May 13 17:18:50 2025: Dispatch Server: do_await_stop
Tue May 13 17:18:50 2025: Dispatch Server: stopping mainFifo_
Tue May 13 17:18:50 2025: XCD main fifo: Stopping
Tue May 13 17:18:50 2025: XCD main fifo: do_read error code: Operation canceled
Tue May 13 17:18:50 2025: XCD main fifo: bytes_transferred: 0
Tue May 13 17:18:50 2025: SERVER: destructor for server bound to port 33773
Tue May 13 17:18:50 2025: XCD main fifo: Good unlink of /tmp/xcdmain9c5c9229-b8e0-404b-9f33-65f7dc85a6d7
Tue May 13 17:18:50 2025: Server exiting with status 0.
Tue May 13 17:18:50 2025: Closing log file.
Fri May 16 13:32:43 2025: Running xcd server. This server was built by gradle.
Fri May 16 13:32:43 2025: Server was asked to start on port: '36915'
Fri May 16 13:32:43 2025: Server is using token UUID: 'f3541765-8482-45e5-a03d-6467e712375f'
Fri May 16 13:32:43 2025: SESSION_MGR: creating session with session uuid: '6d04a3e9-ade5-4ab9-8d63-1f78fcd2ec76' and name 'default'
Fri May 16 13:32:43 2025: Attempting to start server on port '36915'
Fri May 16 13:32:43 2025: XCD main fifo: created main fifo '/tmp/xcdmainf3541765-8482-45e5-a03d-6467e712375f', fd read = 12
Fri May 16 13:32:43 2025: Running Dispatch Server
Fri May 16 13:32:43 2025: Version 2.2.0
Fri May 16 13:32:43 2025: Dispatch Server: Accepted socket connection from client
Fri May 16 13:32:43 2025: Starting Socket connection
Fri May 16 13:32:43 2025: EXCHANGE_TOKEN received, server token: f3541765-8482-45e5-a03d-6467e712375f, passed token: f3541765-8482-45e5-a03d-6467e712375f
Fri May 16 13:32:43 2025: DISPATCH_HANDLER: Adding handler from function makeHandler in library libxv_system_diagram
Fri May 16 13:32:43 2025: SESSION_MGR: creating session with session uuid: '146cb17e-e37f-430b-a0d7-5f9e5dac7bf5' and name 'vitis-run_compile_axil_conv2D'
Fri May 16 13:32:43 2025: KERNEL_SVC: creating session with uuid: '146cb17e-e37f-430b-a0d7-5f9e5dac7bf5' and name 'vitis-run_compile_axil_conv2D'
Fri May 16 13:32:43 2025: GUIDANCE_SMGR: creating guidance session with uuid: '146cb17e-e37f-430b-a0d7-5f9e5dac7bf5' and name 'vitis-run_compile_axil_conv2D'
Fri May 16 13:32:43 2025: SYSTEM_DIAGRAM: creating session with uuid: '146cb17e-e37f-430b-a0d7-5f9e5dac7bf5' and name 'vitis-run_compile_axil_conv2D'
Fri May 16 13:33:00 2025: Dispatch Server: Accepted socket connection from client
Fri May 16 13:33:00 2025: Starting Socket connection
Fri May 16 13:35:25 2025: Dispatch Server: Accepted socket connection from client
Fri May 16 13:35:25 2025: Starting Socket connection
Fri May 16 13:37:31 2025: Dispatch Server: Accepted socket connection from client
Fri May 16 13:37:31 2025: Starting Socket connection
Fri May 16 13:39:25 2025: Dispatch Server: Accepted socket connection from client
Fri May 16 13:39:25 2025: Starting Socket connection
Fri May 16 13:41:16 2025: SESSION_MGR: closing session for UUID '146cb17e-e37f-430b-a0d7-5f9e5dac7bf5' with name 'vitis-run_compile_axil_conv2D'
Fri May 16 13:41:16 2025: KERNEL_SVC: closing session for UUID '146cb17e-e37f-430b-a0d7-5f9e5dac7bf5' with name 'vitis-run_compile_axil_conv2D'
Fri May 16 13:41:16 2025: GUIDANCE_SMGR: closing session for UUID '146cb17e-e37f-430b-a0d7-5f9e5dac7bf5' with name 'vitis-run_compile_axil_conv2D'
Fri May 16 13:41:16 2025: SYSTEM_DIAGRAM: closing session for UUID '146cb17e-e37f-430b-a0d7-5f9e5dac7bf5' with name 'vitis-run_compile_axil_conv2D'
Fri May 16 13:41:17 2025: STOP_SERVER received, server token: f3541765-8482-45e5-a03d-6467e712375f, passed token: f3541765-8482-45e5-a03d-6467e712375f
Fri May 16 13:41:17 2025: Socket received request to stop server.
Fri May 16 13:41:17 2025: Dispatch Server: do_await_stop
Fri May 16 13:41:17 2025: Dispatch Server: stopping mainFifo_
Fri May 16 13:41:17 2025: XCD main fifo: Stopping
Fri May 16 13:41:17 2025: XCD main fifo: do_read error code: Operation canceled
Fri May 16 13:41:17 2025: XCD main fifo: bytes_transferred: 0
Fri May 16 13:41:17 2025: SERVER: destructor for server bound to port 36915
Fri May 16 13:41:17 2025: XCD main fifo: Good unlink of /tmp/xcdmainf3541765-8482-45e5-a03d-6467e712375f
Fri May 16 13:41:17 2025: Server exiting with status 0.
Fri May 16 13:41:19 2025: Closing log file.
