#-----------------------------------------------------------
# xsim v2024.1.2 (64-bit)
# SW Build 5164865 on Thu Sep  5 14:36:28 MDT 2024
# IP Build 5164407 on Fri Sep  6 08:18:11 MDT 2024
# SharedData Build 5164864 on Thu Sep 05 13:09:09 MDT 2024
# Start of session at: Sun May 25 15:23:43 2025
# Process ID: 292852
# Current directory: /home/ares/Desktop/CO-Proj/Labs/Lab1/vitis_better/3ip_conv_hls/axil_conv2D/hls/sim/verilog
# Command line: xsim -mode tcl -source {xsim.dir/axil_conv2D/xsim_script.tcl}
# Log file: /home/ares/Desktop/CO-Proj/Labs/Lab1/vitis_better/3ip_conv_hls/axil_conv2D/hls/sim/verilog/xsim.log
# Journal file: /home/ares/Desktop/CO-Proj/Labs/Lab1/vitis_better/3ip_conv_hls/axil_conv2D/hls/sim/verilog/xsim.jou
# Running On        :ares
# Platform          :Linuxmint
# Operating System  :Linux Mint 21.2
# Processor Detail  :Intel(R) Core(TM) i5-4200U CPU @ 1.60GHz
# CPU Frequency     :2070.213 MHz
# CPU Physical cores:2
# CPU Logical cores :4
# Host memory       :8217 MB
# Swap memory       :2147 MB
# Total Virtual     :10364 MB
# Available Virtual :4829 MB
#-----------------------------------------------------------
source xsim.dir/axil_conv2D/xsim_script.tcl
# xsim {axil_conv2D} -autoloadwcfg -tclbatch {axil_conv2D.tcl}
Time resolution is 1 ps
source axil_conv2D.tcl
## run all
////////////////////////////////////////////////////////////////////////////////////
// Inter-Transaction Progress: Completed Transaction / Total Transaction
// Intra-Transaction Progress: Measured Latency / Latency Estimation * 100%
//
// RTL Simulation : "Inter-Transaction Progress" ["Intra-Transaction Progress"] @ "Simulation Time"
////////////////////////////////////////////////////////////////////////////////////
// RTL Simulation : 0 / 1 [0.00%] @ "125000"
// RTL Simulation : 1 / 1 [100.00%] @ "2058975000"
////////////////////////////////////////////////////////////////////////////////////
$finish called at time : 2059035 ns : File "/home/ares/Desktop/CO-Proj/Labs/Lab1/vitis_better/3ip_conv_hls/axil_conv2D/hls/sim/verilog/axil_conv2D.autotb.v" Line 289
run: Time (s): cpu = 00:00:00 ; elapsed = 00:00:07 . Memory (MB): peak = 1342.559 ; gain = 0.000 ; free physical = 1066 ; free virtual = 4483
## quit
INFO: [Common 17-206] Exiting xsim at Sun May 25 15:24:12 2025...
