Tue May 20 14:47:47 2025: Running xcd server. This server was built by gradle.
Tue May 20 14:47:47 2025: Server was asked to start on port: '41735'
Tue May 20 14:47:47 2025: Server is using token UUID: '6cd1b637-6f2e-4215-92e8-fa997a838e23'
Tue May 20 14:47:47 2025: SESSION_MGR: creating session with session uuid: '6d04a3e9-ade5-4ab9-8d63-1f78fcd2ec76' and name 'default'
Tue May 20 14:47:47 2025: Attempting to start server on port '41735'
Tue May 20 14:47:47 2025: XCD main fifo: created main fifo '/tmp/xcdmain6cd1b637-6f2e-4215-92e8-fa997a838e23', fd read = 12
Tue May 20 14:47:47 2025: Running Dispatch Server
Tue May 20 14:47:47 2025: Version 2.2.0
Tue May 20 14:47:48 2025: Dispatch Server: Accepted socket connection from client
Tue May 20 14:47:48 2025: Starting Socket connection
Tue May 20 14:47:48 2025: EXCHANGE_TOKEN received, server token: 6cd1b637-6f2e-4215-92e8-fa997a838e23, passed token: 6cd1b637-6f2e-4215-92e8-fa997a838e23
Tue May 20 14:47:48 2025: DISPATCH_HANDLER: Adding handler from function makeHandler in library libxv_system_diagram
Tue May 20 14:47:48 2025: SESSION_MGR: creating session with session uuid: '9e9aca16-f0b7-4470-bdcb-22c7fd6e0185' and name 'vitis-run_compile_axil_conv2D'
Tue May 20 14:47:48 2025: KERNEL_SVC: creating session with uuid: '9e9aca16-f0b7-4470-bdcb-22c7fd6e0185' and name 'vitis-run_compile_axil_conv2D'
Tue May 20 14:47:48 2025: GUIDANCE_SMGR: creating guidance session with uuid: '9e9aca16-f0b7-4470-bdcb-22c7fd6e0185' and name 'vitis-run_compile_axil_conv2D'
Tue May 20 14:47:48 2025: SYSTEM_DIAGRAM: creating session with uuid: '9e9aca16-f0b7-4470-bdcb-22c7fd6e0185' and name 'vitis-run_compile_axil_conv2D'
Tue May 20 14:48:09 2025: Dispatch Server: Accepted socket connection from client
Tue May 20 14:48:09 2025: Starting Socket connection
Tue May 20 14:48:24 2025: SESSION_MGR: closing session for UUID '9e9aca16-f0b7-4470-bdcb-22c7fd6e0185' with name 'vitis-run_compile_axil_conv2D'
Tue May 20 14:48:24 2025: KERNEL_SVC: closing session for UUID '9e9aca16-f0b7-4470-bdcb-22c7fd6e0185' with name 'vitis-run_compile_axil_conv2D'
Tue May 20 14:48:24 2025: GUIDANCE_SMGR: closing session for UUID '9e9aca16-f0b7-4470-bdcb-22c7fd6e0185' with name 'vitis-run_compile_axil_conv2D'
Tue May 20 14:48:24 2025: SYSTEM_DIAGRAM: closing session for UUID '9e9aca16-f0b7-4470-bdcb-22c7fd6e0185' with name 'vitis-run_compile_axil_conv2D'
Tue May 20 14:48:24 2025: STOP_SERVER received, server token: 6cd1b637-6f2e-4215-92e8-fa997a838e23, passed token: 6cd1b637-6f2e-4215-92e8-fa997a838e23
Tue May 20 14:48:24 2025: Socket received request to stop server.
Tue May 20 14:48:24 2025: Dispatch Server: do_await_stop
Tue May 20 14:48:24 2025: Dispatch Server: stopping mainFifo_
Tue May 20 14:48:24 2025: XCD main fifo: Stopping
Tue May 20 14:48:24 2025: XCD main fifo: do_read error code: Operation canceled
Tue May 20 14:48:24 2025: XCD main fifo: bytes_transferred: 0
Tue May 20 14:48:24 2025: SERVER: destructor for server bound to port 41735
Tue May 20 14:48:24 2025: XCD main fifo: Good unlink of /tmp/xcdmain6cd1b637-6f2e-4215-92e8-fa997a838e23
Tue May 20 14:48:24 2025: Server exiting with status 0.
Tue May 20 14:48:24 2025: Closing log file.
Tue May 20 14:50:49 2025: Running xcd server. This server was built by gradle.
Tue May 20 14:50:49 2025: Server was asked to start on port: '46813'
Tue May 20 14:50:49 2025: Server is using token UUID: '9840d5e3-34a7-4bf6-bb47-a5267291293a'
Tue May 20 14:50:49 2025: SESSION_MGR: creating session with session uuid: '6d04a3e9-ade5-4ab9-8d63-1f78fcd2ec76' and name 'default'
Tue May 20 14:50:49 2025: Attempting to start server on port '46813'
Tue May 20 14:50:49 2025: XCD main fifo: created main fifo '/tmp/xcdmain9840d5e3-34a7-4bf6-bb47-a5267291293a', fd read = 13
Tue May 20 14:50:49 2025: Running Dispatch Server
Tue May 20 14:50:49 2025: Version 2.2.0
Tue May 20 14:50:50 2025: Dispatch Server: Accepted socket connection from client
Tue May 20 14:50:50 2025: Starting Socket connection
Tue May 20 14:50:50 2025: EXCHANGE_TOKEN received, server token: 9840d5e3-34a7-4bf6-bb47-a5267291293a, passed token: 9840d5e3-34a7-4bf6-bb47-a5267291293a
Tue May 20 14:50:50 2025: DISPATCH_HANDLER: Adding handler from function makeHandler in library libxv_system_diagram
Tue May 20 14:50:50 2025: SESSION_MGR: creating session with session uuid: '8b83cd7f-2e85-4bc0-94b8-6b7b0e562799' and name 'vitis-run_compile_axil_conv2D'
Tue May 20 14:50:50 2025: KERNEL_SVC: creating session with uuid: '8b83cd7f-2e85-4bc0-94b8-6b7b0e562799' and name 'vitis-run_compile_axil_conv2D'
Tue May 20 14:50:50 2025: GUIDANCE_SMGR: creating guidance session with uuid: '8b83cd7f-2e85-4bc0-94b8-6b7b0e562799' and name 'vitis-run_compile_axil_conv2D'
Tue May 20 14:50:50 2025: SYSTEM_DIAGRAM: creating session with uuid: '8b83cd7f-2e85-4bc0-94b8-6b7b0e562799' and name 'vitis-run_compile_axil_conv2D'
Tue May 20 14:51:00 2025: Dispatch Server: Accepted socket connection from client
Tue May 20 14:51:00 2025: Starting Socket connection
Tue May 20 14:51:07 2025: SESSION_MGR: closing session for UUID '8b83cd7f-2e85-4bc0-94b8-6b7b0e562799' with name 'vitis-run_compile_axil_conv2D'
Tue May 20 14:51:07 2025: KERNEL_SVC: closing session for UUID '8b83cd7f-2e85-4bc0-94b8-6b7b0e562799' with name 'vitis-run_compile_axil_conv2D'
Tue May 20 14:51:07 2025: GUIDANCE_SMGR: closing session for UUID '8b83cd7f-2e85-4bc0-94b8-6b7b0e562799' with name 'vitis-run_compile_axil_conv2D'
Tue May 20 14:51:07 2025: SYSTEM_DIAGRAM: closing session for UUID '8b83cd7f-2e85-4bc0-94b8-6b7b0e562799' with name 'vitis-run_compile_axil_conv2D'
Tue May 20 14:51:07 2025: STOP_SERVER received, server token: 9840d5e3-34a7-4bf6-bb47-a5267291293a, passed token: 9840d5e3-34a7-4bf6-bb47-a5267291293a
Tue May 20 14:51:07 2025: Socket received request to stop server.
Tue May 20 14:51:07 2025: Dispatch Server: do_await_stop
Tue May 20 14:51:07 2025: Dispatch Server: stopping mainFifo_
Tue May 20 14:51:07 2025: XCD main fifo: Stopping
Tue May 20 14:51:07 2025: XCD main fifo: do_read error code: Operation canceled
Tue May 20 14:51:07 2025: XCD main fifo: bytes_transferred: 0
Tue May 20 14:51:07 2025: SERVER: destructor for server bound to port 46813
Tue May 20 14:51:07 2025: XCD main fifo: Good unlink of /tmp/xcdmain9840d5e3-34a7-4bf6-bb47-a5267291293a
Tue May 20 14:51:07 2025: Server exiting with status 0.
Tue May 20 14:51:07 2025: Closing log file.
Tue May 20 14:51:18 2025: Running xcd server. This server was built by gradle.
Tue May 20 14:51:18 2025: Server was asked to start on port: '37309'
Tue May 20 14:51:18 2025: Server is using token UUID: '09821501-a542-43b6-829d-4e589e76d00e'
Tue May 20 14:51:18 2025: SESSION_MGR: creating session with session uuid: '6d04a3e9-ade5-4ab9-8d63-1f78fcd2ec76' and name 'default'
Tue May 20 14:51:18 2025: Attempting to start server on port '37309'
Tue May 20 14:51:18 2025: XCD main fifo: created main fifo '/tmp/xcdmain09821501-a542-43b6-829d-4e589e76d00e', fd read = 13
Tue May 20 14:51:18 2025: Running Dispatch Server
Tue May 20 14:51:18 2025: Version 2.2.0
Tue May 20 14:51:18 2025: Dispatch Server: Accepted socket connection from client
Tue May 20 14:51:18 2025: Starting Socket connection
Tue May 20 14:51:18 2025: EXCHANGE_TOKEN received, server token: 09821501-a542-43b6-829d-4e589e76d00e, passed token: 09821501-a542-43b6-829d-4e589e76d00e
Tue May 20 14:51:18 2025: DISPATCH_HANDLER: Adding handler from function makeHandler in library libxv_system_diagram
Tue May 20 14:51:18 2025: SESSION_MGR: creating session with session uuid: '9abd323a-e14b-4c82-9ab4-bfe81fe7bfc2' and name 'v++_compile_axil_conv2D'
Tue May 20 14:51:18 2025: KERNEL_SVC: creating session with uuid: '9abd323a-e14b-4c82-9ab4-bfe81fe7bfc2' and name 'v++_compile_axil_conv2D'
Tue May 20 14:51:18 2025: GUIDANCE_SMGR: creating guidance session with uuid: '9abd323a-e14b-4c82-9ab4-bfe81fe7bfc2' and name 'v++_compile_axil_conv2D'
Tue May 20 14:51:18 2025: SYSTEM_DIAGRAM: creating session with uuid: '9abd323a-e14b-4c82-9ab4-bfe81fe7bfc2' and name 'v++_compile_axil_conv2D'
Tue May 20 14:51:26 2025: Dispatch Server: Accepted socket connection from client
Tue May 20 14:51:26 2025: Starting Socket connection
Tue May 20 14:51:52 2025: SESSION_MGR: closing session for UUID '9abd323a-e14b-4c82-9ab4-bfe81fe7bfc2' with name 'v++_compile_axil_conv2D'
Tue May 20 14:51:52 2025: KERNEL_SVC: closing session for UUID '9abd323a-e14b-4c82-9ab4-bfe81fe7bfc2' with name 'v++_compile_axil_conv2D'
Tue May 20 14:51:52 2025: GUIDANCE_SMGR: closing session for UUID '9abd323a-e14b-4c82-9ab4-bfe81fe7bfc2' with name 'v++_compile_axil_conv2D'
Tue May 20 14:51:52 2025: SYSTEM_DIAGRAM: closing session for UUID '9abd323a-e14b-4c82-9ab4-bfe81fe7bfc2' with name 'v++_compile_axil_conv2D'
Tue May 20 14:51:52 2025: STOP_SERVER received, server token: 09821501-a542-43b6-829d-4e589e76d00e, passed token: 09821501-a542-43b6-829d-4e589e76d00e
Tue May 20 14:51:52 2025: Socket received request to stop server.
Tue May 20 14:51:52 2025: Dispatch Server: do_await_stop
Tue May 20 14:51:52 2025: Dispatch Server: stopping mainFifo_
Tue May 20 14:51:52 2025: XCD main fifo: Stopping
Tue May 20 14:51:52 2025: XCD main fifo: do_read error code: Operation canceled
Tue May 20 14:51:52 2025: XCD main fifo: bytes_transferred: 0
Tue May 20 14:51:52 2025: SERVER: destructor for server bound to port 37309
Tue May 20 14:51:52 2025: XCD main fifo: Good unlink of /tmp/xcdmain09821501-a542-43b6-829d-4e589e76d00e
Tue May 20 14:51:52 2025: Server exiting with status 0.
Tue May 20 14:51:52 2025: Closing log file.
Tue May 20 14:52:19 2025: Running xcd server. This server was built by gradle.
Tue May 20 14:52:19 2025: Server was asked to start on port: '34485'
Tue May 20 14:52:19 2025: Server is using token UUID: 'de2ad71d-f4a4-45f8-984d-fd588ac80d96'
Tue May 20 14:52:19 2025: SESSION_MGR: creating session with session uuid: '6d04a3e9-ade5-4ab9-8d63-1f78fcd2ec76' and name 'default'
Tue May 20 14:52:19 2025: Attempting to start server on port '34485'
Tue May 20 14:52:19 2025: XCD main fifo: created main fifo '/tmp/xcdmainde2ad71d-f4a4-45f8-984d-fd588ac80d96', fd read = 13
Tue May 20 14:52:19 2025: Running Dispatch Server
Tue May 20 14:52:19 2025: Version 2.2.0
Tue May 20 14:52:20 2025: Dispatch Server: Accepted socket connection from client
Tue May 20 14:52:20 2025: Starting Socket connection
Tue May 20 14:52:20 2025: EXCHANGE_TOKEN received, server token: de2ad71d-f4a4-45f8-984d-fd588ac80d96, passed token: de2ad71d-f4a4-45f8-984d-fd588ac80d96
Tue May 20 14:52:20 2025: DISPATCH_HANDLER: Adding handler from function makeHandler in library libxv_system_diagram
Tue May 20 14:52:20 2025: SESSION_MGR: creating session with session uuid: '9786f0db-ac69-4f9f-a18c-60c8c3e44370' and name 'vitis-run_compile_axil_conv2D'
Tue May 20 14:52:20 2025: KERNEL_SVC: creating session with uuid: '9786f0db-ac69-4f9f-a18c-60c8c3e44370' and name 'vitis-run_compile_axil_conv2D'
Tue May 20 14:52:20 2025: GUIDANCE_SMGR: creating guidance session with uuid: '9786f0db-ac69-4f9f-a18c-60c8c3e44370' and name 'vitis-run_compile_axil_conv2D'
Tue May 20 14:52:20 2025: SYSTEM_DIAGRAM: creating session with uuid: '9786f0db-ac69-4f9f-a18c-60c8c3e44370' and name 'vitis-run_compile_axil_conv2D'
Tue May 20 14:52:29 2025: Dispatch Server: Accepted socket connection from client
Tue May 20 14:52:29 2025: Starting Socket connection
Tue May 20 14:53:47 2025: SESSION_MGR: closing session for UUID '9786f0db-ac69-4f9f-a18c-60c8c3e44370' with name 'vitis-run_compile_axil_conv2D'
Tue May 20 14:53:48 2025: KERNEL_SVC: closing session for UUID '9786f0db-ac69-4f9f-a18c-60c8c3e44370' with name 'vitis-run_compile_axil_conv2D'
Tue May 20 14:53:48 2025: GUIDANCE_SMGR: closing session for UUID '9786f0db-ac69-4f9f-a18c-60c8c3e44370' with name 'vitis-run_compile_axil_conv2D'
Tue May 20 14:53:48 2025: SYSTEM_DIAGRAM: closing session for UUID '9786f0db-ac69-4f9f-a18c-60c8c3e44370' with name 'vitis-run_compile_axil_conv2D'
Tue May 20 14:53:48 2025: STOP_SERVER received, server token: de2ad71d-f4a4-45f8-984d-fd588ac80d96, passed token: de2ad71d-f4a4-45f8-984d-fd588ac80d96
Tue May 20 14:53:48 2025: Socket received request to stop server.
Tue May 20 14:53:48 2025: Dispatch Server: do_await_stop
Tue May 20 14:53:48 2025: Dispatch Server: stopping mainFifo_
Tue May 20 14:53:48 2025: XCD main fifo: Stopping
Tue May 20 14:53:48 2025: XCD main fifo: do_read error code: Operation canceled
Tue May 20 14:53:48 2025: XCD main fifo: bytes_transferred: 0
Tue May 20 14:53:48 2025: SERVER: destructor for server bound to port 34485
Tue May 20 14:53:48 2025: XCD main fifo: Good unlink of /tmp/xcdmainde2ad71d-f4a4-45f8-984d-fd588ac80d96
Tue May 20 14:53:48 2025: Server exiting with status 0.
Tue May 20 14:53:48 2025: Closing log file.
Wed May 21 10:46:08 2025: Running xcd server. This server was built by gradle.
Wed May 21 10:46:08 2025: Server was asked to start on port: '33327'
Wed May 21 10:46:08 2025: Server is using token UUID: '7c47150c-61dd-41ab-b098-ce64653fc73d'
Wed May 21 10:46:08 2025: SESSION_MGR: creating session with session uuid: '6d04a3e9-ade5-4ab9-8d63-1f78fcd2ec76' and name 'default'
Wed May 21 10:46:08 2025: Attempting to start server on port '33327'
Wed May 21 10:46:08 2025: XCD main fifo: created main fifo '/tmp/xcdmain7c47150c-61dd-41ab-b098-ce64653fc73d', fd read = 12
Wed May 21 10:46:08 2025: Running Dispatch Server
Wed May 21 10:46:08 2025: Version 2.2.0
Wed May 21 10:46:08 2025: Dispatch Server: Accepted socket connection from client
Wed May 21 10:46:08 2025: Starting Socket connection
Wed May 21 10:46:08 2025: EXCHANGE_TOKEN received, server token: 7c47150c-61dd-41ab-b098-ce64653fc73d, passed token: 7c47150c-61dd-41ab-b098-ce64653fc73d
Wed May 21 10:46:08 2025: DISPATCH_HANDLER: Adding handler from function makeHandler in library libxv_system_diagram
Wed May 21 10:46:08 2025: SESSION_MGR: creating session with session uuid: '5e053dce-635b-486f-8e46-78a96904b747' and name 'v++_compile_axil_conv2D'
Wed May 21 10:46:08 2025: KERNEL_SVC: creating session with uuid: '5e053dce-635b-486f-8e46-78a96904b747' and name 'v++_compile_axil_conv2D'
Wed May 21 10:46:08 2025: GUIDANCE_SMGR: creating guidance session with uuid: '5e053dce-635b-486f-8e46-78a96904b747' and name 'v++_compile_axil_conv2D'
Wed May 21 10:46:08 2025: SYSTEM_DIAGRAM: creating session with uuid: '5e053dce-635b-486f-8e46-78a96904b747' and name 'v++_compile_axil_conv2D'
Wed May 21 10:46:29 2025: Dispatch Server: Accepted socket connection from client
Wed May 21 10:46:29 2025: Starting Socket connection
Wed May 21 10:46:56 2025: SESSION_MGR: closing session for UUID '5e053dce-635b-486f-8e46-78a96904b747' with name 'v++_compile_axil_conv2D'
Wed May 21 10:46:56 2025: KERNEL_SVC: closing session for UUID '5e053dce-635b-486f-8e46-78a96904b747' with name 'v++_compile_axil_conv2D'
Wed May 21 10:46:56 2025: GUIDANCE_SMGR: closing session for UUID '5e053dce-635b-486f-8e46-78a96904b747' with name 'v++_compile_axil_conv2D'
Wed May 21 10:46:56 2025: SYSTEM_DIAGRAM: closing session for UUID '5e053dce-635b-486f-8e46-78a96904b747' with name 'v++_compile_axil_conv2D'
Wed May 21 10:46:56 2025: STOP_SERVER received, server token: 7c47150c-61dd-41ab-b098-ce64653fc73d, passed token: 7c47150c-61dd-41ab-b098-ce64653fc73d
Wed May 21 10:46:56 2025: Socket received request to stop server.
Wed May 21 10:46:56 2025: Dispatch Server: do_await_stop
Wed May 21 10:46:56 2025: Dispatch Server: stopping mainFifo_
Wed May 21 10:46:56 2025: XCD main fifo: Stopping
Wed May 21 10:46:56 2025: XCD main fifo: do_read error code: Operation canceled
Wed May 21 10:46:56 2025: XCD main fifo: bytes_transferred: 0
Wed May 21 10:46:56 2025: SERVER: destructor for server bound to port 33327
Wed May 21 10:46:56 2025: XCD main fifo: Good unlink of /tmp/xcdmain7c47150c-61dd-41ab-b098-ce64653fc73d
Wed May 21 10:46:56 2025: Server exiting with status 0.
Wed May 21 10:46:57 2025: Closing log file.
Wed May 21 10:47:21 2025: Running xcd server. This server was built by gradle.
Wed May 21 10:47:21 2025: Server was asked to start on port: '45409'
Wed May 21 10:47:21 2025: Server is using token UUID: '3a4093b9-2f56-448e-bb2e-dee6e16c1c84'
Wed May 21 10:47:21 2025: SESSION_MGR: creating session with session uuid: '6d04a3e9-ade5-4ab9-8d63-1f78fcd2ec76' and name 'default'
Wed May 21 10:47:21 2025: Attempting to start server on port '45409'
Wed May 21 10:47:21 2025: XCD main fifo: created main fifo '/tmp/xcdmain3a4093b9-2f56-448e-bb2e-dee6e16c1c84', fd read = 13
Wed May 21 10:47:21 2025: Running Dispatch Server
Wed May 21 10:47:21 2025: Version 2.2.0
Wed May 21 10:47:22 2025: Dispatch Server: Accepted socket connection from client
Wed May 21 10:47:22 2025: Starting Socket connection
Wed May 21 10:47:22 2025: EXCHANGE_TOKEN received, server token: 3a4093b9-2f56-448e-bb2e-dee6e16c1c84, passed token: 3a4093b9-2f56-448e-bb2e-dee6e16c1c84
Wed May 21 10:47:22 2025: DISPATCH_HANDLER: Adding handler from function makeHandler in library libxv_system_diagram
Wed May 21 10:47:22 2025: SESSION_MGR: creating session with session uuid: 'e6c2f21a-68ab-49f3-8b10-76fb40125edb' and name 'vitis-run_compile_axil_conv2D'
Wed May 21 10:47:22 2025: KERNEL_SVC: creating session with uuid: 'e6c2f21a-68ab-49f3-8b10-76fb40125edb' and name 'vitis-run_compile_axil_conv2D'
Wed May 21 10:47:22 2025: GUIDANCE_SMGR: creating guidance session with uuid: 'e6c2f21a-68ab-49f3-8b10-76fb40125edb' and name 'vitis-run_compile_axil_conv2D'
Wed May 21 10:47:22 2025: SYSTEM_DIAGRAM: creating session with uuid: 'e6c2f21a-68ab-49f3-8b10-76fb40125edb' and name 'vitis-run_compile_axil_conv2D'
Wed May 21 10:47:32 2025: Dispatch Server: Accepted socket connection from client
Wed May 21 10:47:32 2025: Starting Socket connection
Wed May 21 10:48:41 2025: SESSION_MGR: closing session for UUID 'e6c2f21a-68ab-49f3-8b10-76fb40125edb' with name 'vitis-run_compile_axil_conv2D'
Wed May 21 10:48:41 2025: KERNEL_SVC: closing session for UUID 'e6c2f21a-68ab-49f3-8b10-76fb40125edb' with name 'vitis-run_compile_axil_conv2D'
Wed May 21 10:48:41 2025: GUIDANCE_SMGR: closing session for UUID 'e6c2f21a-68ab-49f3-8b10-76fb40125edb' with name 'vitis-run_compile_axil_conv2D'
Wed May 21 10:48:41 2025: SYSTEM_DIAGRAM: closing session for UUID 'e6c2f21a-68ab-49f3-8b10-76fb40125edb' with name 'vitis-run_compile_axil_conv2D'
Wed May 21 10:48:41 2025: STOP_SERVER received, server token: 3a4093b9-2f56-448e-bb2e-dee6e16c1c84, passed token: 3a4093b9-2f56-448e-bb2e-dee6e16c1c84
Wed May 21 10:48:41 2025: Socket received request to stop server.
Wed May 21 10:48:41 2025: Dispatch Server: do_await_stop
Wed May 21 10:48:41 2025: Dispatch Server: stopping mainFifo_
Wed May 21 10:48:41 2025: XCD main fifo: Stopping
Wed May 21 10:48:41 2025: XCD main fifo: do_read error code: Operation canceled
Wed May 21 10:48:41 2025: XCD main fifo: bytes_transferred: 0
Wed May 21 10:48:41 2025: SERVER: destructor for server bound to port 45409
Wed May 21 10:48:41 2025: XCD main fifo: Good unlink of /tmp/xcdmain3a4093b9-2f56-448e-bb2e-dee6e16c1c84
Wed May 21 10:48:41 2025: Server exiting with status 0.
Wed May 21 10:48:41 2025: Closing log file.
Wed May 21 13:38:23 2025: Running xcd server. This server was built by gradle.
Wed May 21 13:38:23 2025: Server was asked to start on port: '45453'
Wed May 21 13:38:23 2025: Server is using token UUID: 'c12d7b26-cfbe-4ece-a54d-44231d5c953a'
Wed May 21 13:38:23 2025: SESSION_MGR: creating session with session uuid: '6d04a3e9-ade5-4ab9-8d63-1f78fcd2ec76' and name 'default'
Wed May 21 13:38:23 2025: Attempting to start server on port '45453'
Wed May 21 13:38:23 2025: XCD main fifo: created main fifo '/tmp/xcdmainc12d7b26-cfbe-4ece-a54d-44231d5c953a', fd read = 12
Wed May 21 13:38:23 2025: Running Dispatch Server
Wed May 21 13:38:23 2025: Version 2.2.0
Wed May 21 13:38:24 2025: Dispatch Server: Accepted socket connection from client
Wed May 21 13:38:24 2025: Starting Socket connection
Wed May 21 13:38:24 2025: EXCHANGE_TOKEN received, server token: c12d7b26-cfbe-4ece-a54d-44231d5c953a, passed token: c12d7b26-cfbe-4ece-a54d-44231d5c953a
Wed May 21 13:38:24 2025: DISPATCH_HANDLER: Adding handler from function makeHandler in library libxv_system_diagram
Wed May 21 13:38:24 2025: SESSION_MGR: creating session with session uuid: '7234d3ce-0da4-4960-8a21-fe77b7738397' and name 'v++_compile_axil_conv2D'
Wed May 21 13:38:24 2025: KERNEL_SVC: creating session with uuid: '7234d3ce-0da4-4960-8a21-fe77b7738397' and name 'v++_compile_axil_conv2D'
Wed May 21 13:38:24 2025: GUIDANCE_SMGR: creating guidance session with uuid: '7234d3ce-0da4-4960-8a21-fe77b7738397' and name 'v++_compile_axil_conv2D'
Wed May 21 13:38:24 2025: SYSTEM_DIAGRAM: creating session with uuid: '7234d3ce-0da4-4960-8a21-fe77b7738397' and name 'v++_compile_axil_conv2D'
Wed May 21 13:38:42 2025: Dispatch Server: Accepted socket connection from client
Wed May 21 13:38:42 2025: Starting Socket connection
Wed May 21 13:39:14 2025: SESSION_MGR: closing session for UUID '7234d3ce-0da4-4960-8a21-fe77b7738397' with name 'v++_compile_axil_conv2D'
Wed May 21 13:39:14 2025: KERNEL_SVC: closing session for UUID '7234d3ce-0da4-4960-8a21-fe77b7738397' with name 'v++_compile_axil_conv2D'
Wed May 21 13:39:14 2025: GUIDANCE_SMGR: closing session for UUID '7234d3ce-0da4-4960-8a21-fe77b7738397' with name 'v++_compile_axil_conv2D'
Wed May 21 13:39:14 2025: SYSTEM_DIAGRAM: closing session for UUID '7234d3ce-0da4-4960-8a21-fe77b7738397' with name 'v++_compile_axil_conv2D'
Wed May 21 13:39:14 2025: STOP_SERVER received, server token: c12d7b26-cfbe-4ece-a54d-44231d5c953a, passed token: c12d7b26-cfbe-4ece-a54d-44231d5c953a
Wed May 21 13:39:14 2025: Socket received request to stop server.
Wed May 21 13:39:14 2025: Dispatch Server: do_await_stop
Wed May 21 13:39:14 2025: Dispatch Server: stopping mainFifo_
Wed May 21 13:39:14 2025: XCD main fifo: Stopping
Wed May 21 13:39:14 2025: XCD main fifo: do_read error code: Operation canceled
Wed May 21 13:39:14 2025: XCD main fifo: bytes_transferred: 0
Wed May 21 13:39:14 2025: SERVER: destructor for server bound to port 45453
Wed May 21 13:39:14 2025: XCD main fifo: Good unlink of /tmp/xcdmainc12d7b26-cfbe-4ece-a54d-44231d5c953a
Wed May 21 13:39:14 2025: Server exiting with status 0.
Wed May 21 13:39:14 2025: Closing log file.
Wed May 21 13:39:46 2025: Running xcd server. This server was built by gradle.
Wed May 21 13:39:46 2025: Server was asked to start on port: '38495'
Wed May 21 13:39:46 2025: Server is using token UUID: 'b370d427-e76c-4085-b9fb-6baf24bccfd9'
Wed May 21 13:39:46 2025: SESSION_MGR: creating session with session uuid: '6d04a3e9-ade5-4ab9-8d63-1f78fcd2ec76' and name 'default'
Wed May 21 13:39:46 2025: Attempting to start server on port '38495'
Wed May 21 13:39:46 2025: XCD main fifo: created main fifo '/tmp/xcdmainb370d427-e76c-4085-b9fb-6baf24bccfd9', fd read = 13
Wed May 21 13:39:46 2025: Running Dispatch Server
Wed May 21 13:39:46 2025: Version 2.2.0
Wed May 21 13:39:47 2025: Dispatch Server: Accepted socket connection from client
Wed May 21 13:39:47 2025: Starting Socket connection
Wed May 21 13:39:47 2025: EXCHANGE_TOKEN received, server token: b370d427-e76c-4085-b9fb-6baf24bccfd9, passed token: b370d427-e76c-4085-b9fb-6baf24bccfd9
Wed May 21 13:39:47 2025: DISPATCH_HANDLER: Adding handler from function makeHandler in library libxv_system_diagram
Wed May 21 13:39:47 2025: SESSION_MGR: creating session with session uuid: 'a5acb986-a07b-4cd7-b653-138cf48e64ab' and name 'vitis-run_compile_axil_conv2D'
Wed May 21 13:39:47 2025: KERNEL_SVC: creating session with uuid: 'a5acb986-a07b-4cd7-b653-138cf48e64ab' and name 'vitis-run_compile_axil_conv2D'
Wed May 21 13:39:47 2025: GUIDANCE_SMGR: creating guidance session with uuid: 'a5acb986-a07b-4cd7-b653-138cf48e64ab' and name 'vitis-run_compile_axil_conv2D'
Wed May 21 13:39:47 2025: SYSTEM_DIAGRAM: creating session with uuid: 'a5acb986-a07b-4cd7-b653-138cf48e64ab' and name 'vitis-run_compile_axil_conv2D'
Wed May 21 13:39:55 2025: Dispatch Server: Accepted socket connection from client
Wed May 21 13:39:55 2025: Starting Socket connection
Wed May 21 13:40:54 2025: SESSION_MGR: closing session for UUID 'a5acb986-a07b-4cd7-b653-138cf48e64ab' with name 'vitis-run_compile_axil_conv2D'
Wed May 21 13:40:54 2025: KERNEL_SVC: closing session for UUID 'a5acb986-a07b-4cd7-b653-138cf48e64ab' with name 'vitis-run_compile_axil_conv2D'
Wed May 21 13:40:54 2025: GUIDANCE_SMGR: closing session for UUID 'a5acb986-a07b-4cd7-b653-138cf48e64ab' with name 'vitis-run_compile_axil_conv2D'
Wed May 21 13:40:54 2025: SYSTEM_DIAGRAM: closing session for UUID 'a5acb986-a07b-4cd7-b653-138cf48e64ab' with name 'vitis-run_compile_axil_conv2D'
Wed May 21 13:40:54 2025: STOP_SERVER received, server token: b370d427-e76c-4085-b9fb-6baf24bccfd9, passed token: b370d427-e76c-4085-b9fb-6baf24bccfd9
Wed May 21 13:40:54 2025: Socket received request to stop server.
Wed May 21 13:40:54 2025: Dispatch Server: do_await_stop
Wed May 21 13:40:54 2025: Dispatch Server: stopping mainFifo_
Wed May 21 13:40:54 2025: XCD main fifo: Stopping
Wed May 21 13:40:54 2025: XCD main fifo: do_read error code: Operation canceled
Wed May 21 13:40:54 2025: XCD main fifo: bytes_transferred: 0
Wed May 21 13:40:54 2025: SERVER: destructor for server bound to port 38495
Wed May 21 13:40:54 2025: XCD main fifo: Good unlink of /tmp/xcdmainb370d427-e76c-4085-b9fb-6baf24bccfd9
Wed May 21 13:40:54 2025: Server exiting with status 0.
Wed May 21 13:40:54 2025: Closing log file.
Wed May 21 14:30:23 2025: Running xcd server. This server was built by gradle.
Wed May 21 14:30:23 2025: Server was asked to start on port: '33357'
Wed May 21 14:30:23 2025: Server is using token UUID: '0f20a471-6962-4a4c-aace-639cc5537e9a'
Wed May 21 14:30:23 2025: SESSION_MGR: creating session with session uuid: '6d04a3e9-ade5-4ab9-8d63-1f78fcd2ec76' and name 'default'
Wed May 21 14:30:23 2025: Attempting to start server on port '33357'
Wed May 21 14:30:23 2025: XCD main fifo: created main fifo '/tmp/xcdmain0f20a471-6962-4a4c-aace-639cc5537e9a', fd read = 13
Wed May 21 14:30:23 2025: Running Dispatch Server
Wed May 21 14:30:23 2025: Version 2.2.0
Wed May 21 14:30:28 2025: Dispatch Server: Accepted socket connection from client
Wed May 21 14:30:28 2025: Starting Socket connection
Wed May 21 14:30:28 2025: EXCHANGE_TOKEN received, server token: 0f20a471-6962-4a4c-aace-639cc5537e9a, passed token: 0f20a471-6962-4a4c-aace-639cc5537e9a
Wed May 21 14:30:29 2025: DISPATCH_HANDLER: Adding handler from function makeHandler in library libxv_system_diagram
Wed May 21 14:30:29 2025: SESSION_MGR: creating session with session uuid: '6e0377a0-62db-427f-b1f9-ccb6def982c4' and name 'vitis-run_compile_axil_conv2D'
Wed May 21 14:30:29 2025: KERNEL_SVC: creating session with uuid: '6e0377a0-62db-427f-b1f9-ccb6def982c4' and name 'vitis-run_compile_axil_conv2D'
Wed May 21 14:30:29 2025: GUIDANCE_SMGR: creating guidance session with uuid: '6e0377a0-62db-427f-b1f9-ccb6def982c4' and name 'vitis-run_compile_axil_conv2D'
Wed May 21 14:30:29 2025: SYSTEM_DIAGRAM: creating session with uuid: '6e0377a0-62db-427f-b1f9-ccb6def982c4' and name 'vitis-run_compile_axil_conv2D'
Wed May 21 14:30:41 2025: Dispatch Server: Accepted socket connection from client
Wed May 21 14:30:41 2025: Starting Socket connection
Wed May 21 14:31:56 2025: SESSION_MGR: closing session for UUID '6e0377a0-62db-427f-b1f9-ccb6def982c4' with name 'vitis-run_compile_axil_conv2D'
Wed May 21 14:31:56 2025: KERNEL_SVC: closing session for UUID '6e0377a0-62db-427f-b1f9-ccb6def982c4' with name 'vitis-run_compile_axil_conv2D'
Wed May 21 14:31:56 2025: GUIDANCE_SMGR: closing session for UUID '6e0377a0-62db-427f-b1f9-ccb6def982c4' with name 'vitis-run_compile_axil_conv2D'
Wed May 21 14:31:56 2025: SYSTEM_DIAGRAM: closing session for UUID '6e0377a0-62db-427f-b1f9-ccb6def982c4' with name 'vitis-run_compile_axil_conv2D'
Wed May 21 14:31:56 2025: STOP_SERVER received, server token: 0f20a471-6962-4a4c-aace-639cc5537e9a, passed token: 0f20a471-6962-4a4c-aace-639cc5537e9a
Wed May 21 14:31:56 2025: Socket received request to stop server.
Wed May 21 14:31:56 2025: Dispatch Server: do_await_stop
Wed May 21 14:31:56 2025: Dispatch Server: stopping mainFifo_
Wed May 21 14:31:56 2025: XCD main fifo: Stopping
Wed May 21 14:31:56 2025: XCD main fifo: do_read error code: Operation canceled
Wed May 21 14:31:56 2025: XCD main fifo: bytes_transferred: 0
Wed May 21 14:31:56 2025: SERVER: destructor for server bound to port 33357
Wed May 21 14:31:56 2025: XCD main fifo: Good unlink of /tmp/xcdmain0f20a471-6962-4a4c-aace-639cc5537e9a
Wed May 21 14:31:56 2025: Server exiting with status 0.
Wed May 21 14:31:56 2025: Closing log file.
Wed May 21 14:46:39 2025: Running xcd server. This server was built by gradle.
Wed May 21 14:46:39 2025: Server was asked to start on port: '43549'
Wed May 21 14:46:39 2025: Server is using token UUID: '156b395f-f03d-4015-9d48-e68ed3d2250b'
Wed May 21 14:46:39 2025: SESSION_MGR: creating session with session uuid: '6d04a3e9-ade5-4ab9-8d63-1f78fcd2ec76' and name 'default'
Wed May 21 14:46:39 2025: Attempting to start server on port '43549'
Wed May 21 14:46:39 2025: XCD main fifo: created main fifo '/tmp/xcdmain156b395f-f03d-4015-9d48-e68ed3d2250b', fd read = 13
Wed May 21 14:46:39 2025: Running Dispatch Server
Wed May 21 14:46:39 2025: Version 2.2.0
Wed May 21 14:46:39 2025: Dispatch Server: Accepted socket connection from client
Wed May 21 14:46:39 2025: Starting Socket connection
Wed May 21 14:46:39 2025: EXCHANGE_TOKEN received, server token: 156b395f-f03d-4015-9d48-e68ed3d2250b, passed token: 156b395f-f03d-4015-9d48-e68ed3d2250b
Wed May 21 14:46:39 2025: DISPATCH_HANDLER: Adding handler from function makeHandler in library libxv_system_diagram
Wed May 21 14:46:39 2025: SESSION_MGR: creating session with session uuid: '5dfbd469-29f0-4935-b1b3-d156ddcbbc63' and name 'v++_compile_axil_conv2D'
Wed May 21 14:46:39 2025: KERNEL_SVC: creating session with uuid: '5dfbd469-29f0-4935-b1b3-d156ddcbbc63' and name 'v++_compile_axil_conv2D'
Wed May 21 14:46:39 2025: GUIDANCE_SMGR: creating guidance session with uuid: '5dfbd469-29f0-4935-b1b3-d156ddcbbc63' and name 'v++_compile_axil_conv2D'
Wed May 21 14:46:39 2025: SYSTEM_DIAGRAM: creating session with uuid: '5dfbd469-29f0-4935-b1b3-d156ddcbbc63' and name 'v++_compile_axil_conv2D'
Wed May 21 14:46:47 2025: Dispatch Server: Accepted socket connection from client
Wed May 21 14:46:47 2025: Starting Socket connection
Wed May 21 14:47:07 2025: SESSION_MGR: closing session for UUID '5dfbd469-29f0-4935-b1b3-d156ddcbbc63' with name 'v++_compile_axil_conv2D'
Wed May 21 14:47:07 2025: KERNEL_SVC: closing session for UUID '5dfbd469-29f0-4935-b1b3-d156ddcbbc63' with name 'v++_compile_axil_conv2D'
Wed May 21 14:47:07 2025: GUIDANCE_SMGR: closing session for UUID '5dfbd469-29f0-4935-b1b3-d156ddcbbc63' with name 'v++_compile_axil_conv2D'
Wed May 21 14:47:07 2025: SYSTEM_DIAGRAM: closing session for UUID '5dfbd469-29f0-4935-b1b3-d156ddcbbc63' with name 'v++_compile_axil_conv2D'
Wed May 21 14:47:07 2025: STOP_SERVER received, server token: 156b395f-f03d-4015-9d48-e68ed3d2250b, passed token: 156b395f-f03d-4015-9d48-e68ed3d2250b
Wed May 21 14:47:07 2025: Socket received request to stop server.
Wed May 21 14:47:07 2025: Dispatch Server: do_await_stop
Wed May 21 14:47:07 2025: Dispatch Server: stopping mainFifo_
Wed May 21 14:47:07 2025: XCD main fifo: Stopping
Wed May 21 14:47:07 2025: XCD main fifo: do_read error code: Operation canceled
Wed May 21 14:47:07 2025: XCD main fifo: bytes_transferred: 0
Wed May 21 14:47:07 2025: SERVER: destructor for server bound to port 43549
Wed May 21 14:47:07 2025: XCD main fifo: Good unlink of /tmp/xcdmain156b395f-f03d-4015-9d48-e68ed3d2250b
Wed May 21 14:47:07 2025: Server exiting with status 0.
Wed May 21 14:47:07 2025: Closing log file.
Wed May 21 14:47:16 2025: Running xcd server. This server was built by gradle.
Wed May 21 14:47:16 2025: Server was asked to start on port: '41413'
Wed May 21 14:47:16 2025: Server is using token UUID: '84bf8e61-1175-4034-ae67-cfd85a7e74cc'
Wed May 21 14:47:16 2025: SESSION_MGR: creating session with session uuid: '6d04a3e9-ade5-4ab9-8d63-1f78fcd2ec76' and name 'default'
Wed May 21 14:47:16 2025: Attempting to start server on port '41413'
Wed May 21 14:47:16 2025: XCD main fifo: created main fifo '/tmp/xcdmain84bf8e61-1175-4034-ae67-cfd85a7e74cc', fd read = 13
Wed May 21 14:47:16 2025: Running Dispatch Server
Wed May 21 14:47:16 2025: Version 2.2.0
Wed May 21 14:47:17 2025: Dispatch Server: Accepted socket connection from client
Wed May 21 14:47:17 2025: Starting Socket connection
Wed May 21 14:47:17 2025: EXCHANGE_TOKEN received, server token: 84bf8e61-1175-4034-ae67-cfd85a7e74cc, passed token: 84bf8e61-1175-4034-ae67-cfd85a7e74cc
Wed May 21 14:47:17 2025: DISPATCH_HANDLER: Adding handler from function makeHandler in library libxv_system_diagram
Wed May 21 14:47:17 2025: SESSION_MGR: creating session with session uuid: '82e78ca4-872c-4ce6-a571-7f8a8b0ebd6a' and name 'vitis-run_compile_axil_conv2D'
Wed May 21 14:47:17 2025: KERNEL_SVC: creating session with uuid: '82e78ca4-872c-4ce6-a571-7f8a8b0ebd6a' and name 'vitis-run_compile_axil_conv2D'
Wed May 21 14:47:17 2025: GUIDANCE_SMGR: creating guidance session with uuid: '82e78ca4-872c-4ce6-a571-7f8a8b0ebd6a' and name 'vitis-run_compile_axil_conv2D'
Wed May 21 14:47:17 2025: SYSTEM_DIAGRAM: creating session with uuid: '82e78ca4-872c-4ce6-a571-7f8a8b0ebd6a' and name 'vitis-run_compile_axil_conv2D'
Wed May 21 14:47:25 2025: Dispatch Server: Accepted socket connection from client
Wed May 21 14:47:25 2025: Starting Socket connection
Wed May 21 14:47:54 2025: SESSION_MGR: closing session for UUID '82e78ca4-872c-4ce6-a571-7f8a8b0ebd6a' with name 'vitis-run_compile_axil_conv2D'
Wed May 21 14:47:54 2025: KERNEL_SVC: closing session for UUID '82e78ca4-872c-4ce6-a571-7f8a8b0ebd6a' with name 'vitis-run_compile_axil_conv2D'
Wed May 21 14:47:54 2025: GUIDANCE_SMGR: closing session for UUID '82e78ca4-872c-4ce6-a571-7f8a8b0ebd6a' with name 'vitis-run_compile_axil_conv2D'
Wed May 21 14:47:54 2025: SYSTEM_DIAGRAM: closing session for UUID '82e78ca4-872c-4ce6-a571-7f8a8b0ebd6a' with name 'vitis-run_compile_axil_conv2D'
Wed May 21 14:47:54 2025: STOP_SERVER received, server token: 84bf8e61-1175-4034-ae67-cfd85a7e74cc, passed token: 84bf8e61-1175-4034-ae67-cfd85a7e74cc
Wed May 21 14:47:54 2025: Socket received request to stop server.
Wed May 21 14:47:54 2025: Dispatch Server: do_await_stop
Wed May 21 14:47:54 2025: Dispatch Server: stopping mainFifo_
Wed May 21 14:47:54 2025: XCD main fifo: Stopping
Wed May 21 14:47:54 2025: XCD main fifo: do_read error code: Operation canceled
Wed May 21 14:47:54 2025: XCD main fifo: bytes_transferred: 0
Wed May 21 14:47:54 2025: SERVER: destructor for server bound to port 41413
Wed May 21 14:47:54 2025: XCD main fifo: Good unlink of /tmp/xcdmain84bf8e61-1175-4034-ae67-cfd85a7e74cc
Wed May 21 14:47:54 2025: Server exiting with status 0.
Wed May 21 14:47:54 2025: Closing log file.
Wed May 21 14:51:59 2025: Running xcd server. This server was built by gradle.
Wed May 21 14:51:59 2025: Server was asked to start on port: '36499'
Wed May 21 14:51:59 2025: Server is using token UUID: '53dc4e92-9b0a-4806-a040-72cd4c509ff0'
Wed May 21 14:51:59 2025: SESSION_MGR: creating session with session uuid: '6d04a3e9-ade5-4ab9-8d63-1f78fcd2ec76' and name 'default'
Wed May 21 14:51:59 2025: Attempting to start server on port '36499'
Wed May 21 14:51:59 2025: XCD main fifo: created main fifo '/tmp/xcdmain53dc4e92-9b0a-4806-a040-72cd4c509ff0', fd read = 13
Wed May 21 14:51:59 2025: Running Dispatch Server
Wed May 21 14:51:59 2025: Version 2.2.0
Wed May 21 14:52:00 2025: Dispatch Server: Accepted socket connection from client
Wed May 21 14:52:00 2025: Starting Socket connection
Wed May 21 14:52:00 2025: EXCHANGE_TOKEN received, server token: 53dc4e92-9b0a-4806-a040-72cd4c509ff0, passed token: 53dc4e92-9b0a-4806-a040-72cd4c509ff0
Wed May 21 14:52:00 2025: DISPATCH_HANDLER: Adding handler from function makeHandler in library libxv_system_diagram
Wed May 21 14:52:00 2025: SESSION_MGR: creating session with session uuid: '4a6d0ba1-8fdb-43c5-9d3e-27f96c69e8f4' and name 'vitis-run_compile_axil_conv2D'
Wed May 21 14:52:00 2025: KERNEL_SVC: creating session with uuid: '4a6d0ba1-8fdb-43c5-9d3e-27f96c69e8f4' and name 'vitis-run_compile_axil_conv2D'
Wed May 21 14:52:00 2025: GUIDANCE_SMGR: creating guidance session with uuid: '4a6d0ba1-8fdb-43c5-9d3e-27f96c69e8f4' and name 'vitis-run_compile_axil_conv2D'
Wed May 21 14:52:00 2025: SYSTEM_DIAGRAM: creating session with uuid: '4a6d0ba1-8fdb-43c5-9d3e-27f96c69e8f4' and name 'vitis-run_compile_axil_conv2D'
Wed May 21 14:52:08 2025: Dispatch Server: Accepted socket connection from client
Wed May 21 14:52:08 2025: Starting Socket connection
Wed May 21 14:52:35 2025: SESSION_MGR: closing session for UUID '4a6d0ba1-8fdb-43c5-9d3e-27f96c69e8f4' with name 'vitis-run_compile_axil_conv2D'
Wed May 21 14:52:35 2025: KERNEL_SVC: closing session for UUID '4a6d0ba1-8fdb-43c5-9d3e-27f96c69e8f4' with name 'vitis-run_compile_axil_conv2D'
Wed May 21 14:52:35 2025: GUIDANCE_SMGR: closing session for UUID '4a6d0ba1-8fdb-43c5-9d3e-27f96c69e8f4' with name 'vitis-run_compile_axil_conv2D'
Wed May 21 14:52:35 2025: SYSTEM_DIAGRAM: closing session for UUID '4a6d0ba1-8fdb-43c5-9d3e-27f96c69e8f4' with name 'vitis-run_compile_axil_conv2D'
Wed May 21 14:52:35 2025: STOP_SERVER received, server token: 53dc4e92-9b0a-4806-a040-72cd4c509ff0, passed token: 53dc4e92-9b0a-4806-a040-72cd4c509ff0
Wed May 21 14:52:35 2025: Socket received request to stop server.
Wed May 21 14:52:35 2025: Dispatch Server: do_await_stop
Wed May 21 14:52:35 2025: Dispatch Server: stopping mainFifo_
Wed May 21 14:52:35 2025: XCD main fifo: Stopping
Wed May 21 14:52:35 2025: XCD main fifo: do_read error code: Operation canceled
Wed May 21 14:52:35 2025: XCD main fifo: bytes_transferred: 0
Wed May 21 14:52:35 2025: SERVER: destructor for server bound to port 36499
Wed May 21 14:52:35 2025: XCD main fifo: Good unlink of /tmp/xcdmain53dc4e92-9b0a-4806-a040-72cd4c509ff0
Wed May 21 14:52:35 2025: Server exiting with status 0.
Wed May 21 14:52:35 2025: Closing log file.
Wed May 21 15:43:31 2025: Running xcd server. This server was built by gradle.
Wed May 21 15:43:31 2025: Server was asked to start on port: '36735'
Wed May 21 15:43:31 2025: Server is using token UUID: '823f2565-a4a4-4826-97bc-8401fe5de67c'
Wed May 21 15:43:31 2025: SESSION_MGR: creating session with session uuid: '6d04a3e9-ade5-4ab9-8d63-1f78fcd2ec76' and name 'default'
Wed May 21 15:43:31 2025: Attempting to start server on port '36735'
Wed May 21 15:43:31 2025: XCD main fifo: created main fifo '/tmp/xcdmain823f2565-a4a4-4826-97bc-8401fe5de67c', fd read = 13
Wed May 21 15:43:31 2025: Running Dispatch Server
Wed May 21 15:43:31 2025: Version 2.2.0
Wed May 21 15:43:32 2025: Dispatch Server: Accepted socket connection from client
Wed May 21 15:43:32 2025: Starting Socket connection
Wed May 21 15:43:32 2025: EXCHANGE_TOKEN received, server token: 823f2565-a4a4-4826-97bc-8401fe5de67c, passed token: 823f2565-a4a4-4826-97bc-8401fe5de67c
Wed May 21 15:43:32 2025: DISPATCH_HANDLER: Adding handler from function makeHandler in library libxv_system_diagram
Wed May 21 15:43:32 2025: SESSION_MGR: creating session with session uuid: '0ccc0336-f25c-4e51-84df-925651e39fc6' and name 'v++_compile_axil_conv2D'
Wed May 21 15:43:32 2025: KERNEL_SVC: creating session with uuid: '0ccc0336-f25c-4e51-84df-925651e39fc6' and name 'v++_compile_axil_conv2D'
Wed May 21 15:43:32 2025: GUIDANCE_SMGR: creating guidance session with uuid: '0ccc0336-f25c-4e51-84df-925651e39fc6' and name 'v++_compile_axil_conv2D'
Wed May 21 15:43:32 2025: SYSTEM_DIAGRAM: creating session with uuid: '0ccc0336-f25c-4e51-84df-925651e39fc6' and name 'v++_compile_axil_conv2D'
Wed May 21 15:43:41 2025: Dispatch Server: Accepted socket connection from client
Wed May 21 15:43:41 2025: Starting Socket connection
Wed May 21 15:44:00 2025: SESSION_MGR: closing session for UUID '0ccc0336-f25c-4e51-84df-925651e39fc6' with name 'v++_compile_axil_conv2D'
Wed May 21 15:44:00 2025: KERNEL_SVC: closing session for UUID '0ccc0336-f25c-4e51-84df-925651e39fc6' with name 'v++_compile_axil_conv2D'
Wed May 21 15:44:00 2025: GUIDANCE_SMGR: closing session for UUID '0ccc0336-f25c-4e51-84df-925651e39fc6' with name 'v++_compile_axil_conv2D'
Wed May 21 15:44:00 2025: SYSTEM_DIAGRAM: closing session for UUID '0ccc0336-f25c-4e51-84df-925651e39fc6' with name 'v++_compile_axil_conv2D'
Wed May 21 15:44:00 2025: STOP_SERVER received, server token: 823f2565-a4a4-4826-97bc-8401fe5de67c, passed token: 823f2565-a4a4-4826-97bc-8401fe5de67c
Wed May 21 15:44:00 2025: Socket received request to stop server.
Wed May 21 15:44:00 2025: Dispatch Server: do_await_stop
Wed May 21 15:44:00 2025: Dispatch Server: stopping mainFifo_
Wed May 21 15:44:00 2025: XCD main fifo: Stopping
Wed May 21 15:44:00 2025: XCD main fifo: do_read error code: Operation canceled
Wed May 21 15:44:00 2025: XCD main fifo: bytes_transferred: 0
Wed May 21 15:44:00 2025: SERVER: destructor for server bound to port 36735
Wed May 21 15:44:00 2025: XCD main fifo: Good unlink of /tmp/xcdmain823f2565-a4a4-4826-97bc-8401fe5de67c
Wed May 21 15:44:00 2025: Server exiting with status 0.
Wed May 21 15:44:00 2025: Closing log file.
Wed May 21 15:44:13 2025: Running xcd server. This server was built by gradle.
Wed May 21 15:44:13 2025: Server was asked to start on port: '46419'
Wed May 21 15:44:13 2025: Server is using token UUID: 'ad3ddb72-7a7e-42a2-a704-2fe1113fc245'
Wed May 21 15:44:13 2025: SESSION_MGR: creating session with session uuid: '6d04a3e9-ade5-4ab9-8d63-1f78fcd2ec76' and name 'default'
Wed May 21 15:44:13 2025: Attempting to start server on port '46419'
Wed May 21 15:44:13 2025: XCD main fifo: created main fifo '/tmp/xcdmainad3ddb72-7a7e-42a2-a704-2fe1113fc245', fd read = 13
Wed May 21 15:44:13 2025: Running Dispatch Server
Wed May 21 15:44:13 2025: Version 2.2.0
Wed May 21 15:44:14 2025: Dispatch Server: Accepted socket connection from client
Wed May 21 15:44:14 2025: Starting Socket connection
Wed May 21 15:44:14 2025: EXCHANGE_TOKEN received, server token: ad3ddb72-7a7e-42a2-a704-2fe1113fc245, passed token: ad3ddb72-7a7e-42a2-a704-2fe1113fc245
Wed May 21 15:44:14 2025: DISPATCH_HANDLER: Adding handler from function makeHandler in library libxv_system_diagram
Wed May 21 15:44:14 2025: SESSION_MGR: creating session with session uuid: '611e891c-a218-4867-914c-211a21a73045' and name 'vitis-run_compile_axil_conv2D'
Wed May 21 15:44:14 2025: KERNEL_SVC: creating session with uuid: '611e891c-a218-4867-914c-211a21a73045' and name 'vitis-run_compile_axil_conv2D'
Wed May 21 15:44:14 2025: GUIDANCE_SMGR: creating guidance session with uuid: '611e891c-a218-4867-914c-211a21a73045' and name 'vitis-run_compile_axil_conv2D'
Wed May 21 15:44:14 2025: SYSTEM_DIAGRAM: creating session with uuid: '611e891c-a218-4867-914c-211a21a73045' and name 'vitis-run_compile_axil_conv2D'
Wed May 21 15:44:22 2025: Dispatch Server: Accepted socket connection from client
Wed May 21 15:44:22 2025: Starting Socket connection
Wed May 21 15:44:50 2025: SESSION_MGR: closing session for UUID '611e891c-a218-4867-914c-211a21a73045' with name 'vitis-run_compile_axil_conv2D'
Wed May 21 15:44:50 2025: KERNEL_SVC: closing session for UUID '611e891c-a218-4867-914c-211a21a73045' with name 'vitis-run_compile_axil_conv2D'
Wed May 21 15:44:50 2025: GUIDANCE_SMGR: closing session for UUID '611e891c-a218-4867-914c-211a21a73045' with name 'vitis-run_compile_axil_conv2D'
Wed May 21 15:44:50 2025: SYSTEM_DIAGRAM: closing session for UUID '611e891c-a218-4867-914c-211a21a73045' with name 'vitis-run_compile_axil_conv2D'
Wed May 21 15:44:50 2025: STOP_SERVER received, server token: ad3ddb72-7a7e-42a2-a704-2fe1113fc245, passed token: ad3ddb72-7a7e-42a2-a704-2fe1113fc245
Wed May 21 15:44:50 2025: Socket received request to stop server.
Wed May 21 15:44:50 2025: Dispatch Server: do_await_stop
Wed May 21 15:44:50 2025: Dispatch Server: stopping mainFifo_
Wed May 21 15:44:50 2025: XCD main fifo: Stopping
Wed May 21 15:44:50 2025: XCD main fifo: do_read error code: Operation canceled
Wed May 21 15:44:50 2025: XCD main fifo: bytes_transferred: 0
Wed May 21 15:44:50 2025: SERVER: destructor for server bound to port 46419
Wed May 21 15:44:50 2025: XCD main fifo: Good unlink of /tmp/xcdmainad3ddb72-7a7e-42a2-a704-2fe1113fc245
Wed May 21 15:44:50 2025: Server exiting with status 0.
Wed May 21 15:44:50 2025: Closing log file.
