# 
# Steps log generated by v++
# This log file contains a collection of steps that describe the kernel compilation flow
# Note: Some steps are tagged as internal, these steps are for debugging purposes and 
#       are not expected to be able to run independently.
# 

# The following environment variables are set when running vitis-run
Environment variables :
------------------------------------------
SHELL=/bin/bash
SESSION_MANAGER=local/ares:@/tmp/.ICE-unix/1939,unix/ares:/tmp/.ICE-unix/1939
QT_ACCESSIBILITY=1
XDG_CONFIG_DIRS=/etc/xdg/xdg-xfce:/etc/xdg
XDG_SESSION_PATH=/org/freedesktop/DisplayManager/Session0
XDG_MENU_PREFIX=xfce-
RDI_APPROOT=/home/ares/tools/Xilinx/Vitis/2024.1
CLUTTER_BACKEND=x11
RDI_JAVA_PLATFORM=
TK_LIBRARY=/home/ares/tools/Xilinx/Vitis/2024.1/tps/tk/tk8.5
LANGUAGE=en_US:en
FREETYPE_PROPERTIES=truetype:interpreter-version=35
XIL_SUPPRESS_OVERRIDE_WARNINGS=1
RDI_BINROOT=/home/ares/tools/Xilinx/Vitis/2024.1/bin
LC_ADDRESS=pt_PT.UTF-8
XILINX_VIVADO=/home/ares/tools/Xilinx/Vivado/2024.1
JAVA_HOME=/home/ares/tools/Xilinx/Vitis/2024.1/tps/lnx64/jre11.0.16_1/
LC_NAME=pt_PT.UTF-8
SSH_AUTH_SOCK=/tmp/ssh-XXXXXXtKTkFh/agent.2195
RDI_OPT_EXT=.o
RDI_INSTALLVER=2024.1
RDI_INSTALLROOT=/home/ares/tools/Xilinx
THEIA_DEFAULT_PLUGINS=local-dir:/home/ares/tools/Xilinx/Vitis/2024.1/ide/electron-app/lnx64/resources/app/plugins
RDI_PATCHROOT=
DESKTOP_SESSION=xfce
LC_MONETARY=pt_PT.UTF-8
SSH_AGENT_PID=2196
GTK_MODULES=gail:atk-bridge
XDG_SEAT=seat0
XIL_NO_OVERRIDE=0
RDI_LIBDIR=/home/ares/tools/Xilinx/Vitis/2024.1/lib/lnx64.o/Default:/home/ares/tools/Xilinx/Vitis/2024.1/lib/lnx64.o
PWD=/home/ares/Desktop/CO-Proj/Labs/Lab1/vitis_better/3ip_conv_hls
LOGNAME=ares
XDG_SESSION_DESKTOP=xfce
QT_QPA_PLATFORMTHEME=qt5ct
THEIA_ELECTRON_VERSION=15.5.7
XDG_SESSION_TYPE=x11
_RDI_DONT_SET_XILINX_AS_PATH=True
XAUTHORITY=/home/ares/.Xauthority
RDI_PREPEND_PATH=/home/ares/tools/Xilinx/Vitis/2024.1/bin
XDG_GREETER_DATA_DIR=/var/lib/lightdm-data/ares
XILINX_DSP=
THEIA_PLUGINS=local-dir:/home/ares/.theia/plugins
GDM_LANG=en_US
HOME=/home/ares
SYNTH_COMMON=/home/ares/tools/Xilinx/Vitis/2024.1/scripts/rt/data
LANG=en_US.UTF-8
LC_PAPER=pt_PT.UTF-8
XDG_CURRENT_DESKTOP=XFCE
XILINX_HLS=/home/ares/tools/Xilinx/Vitis_HLS/2024.1
XDG_SEAT_PATH=/org/freedesktop/DisplayManager/Seat0
RDI_BUILD=yes
RDI_PROG=/home/ares/tools/Xilinx/Vitis/2024.1/bin/unwrapped/lnx64.o/vitis-run
RDI_SESSION_INFO=/home/ares/Desktop:ares_1747753867_2768
CHROME_DESKTOP=Vitis Unified IDE.desktop
RT_TCL_PATH=/home/ares/tools/Xilinx/Vitis/2024.1/scripts/rt/base_tcl/tcl
XILINX_SDK=/home/ares/tools/Xilinx/Vitis/2024.1
RDI_SHARED_DATA=/home/ares/tools/Xilinx/SharedData/2024.1/data
VSCODE_API_VERSION=1.53.2
XDG_SESSION_CLASS=user
PYTHONPATH=/home/ares/tools/Xilinx/Vitis/2024.1/cli/:/home/ares/tools/Xilinx/Vitis/2024.1/cli/python-packages/site-packages:/home/ares/tools/Xilinx/Vitis/2024.1/cli/proto:/home/ares/tools/Xilinx/Vitis/2024.1/tps/lnx64/python-3.8.3/lib/python3.8/lib-dynload/:/home/ares/tools/Xilinx/Vitis/2024.1/tps/lnx64/python-3.8.3/lib/python3.8/:/home/ares/tools/Xilinx/Vitis/2024.1/tps/lnx64/python-3.8.3/lib/python3.8/lib-dynload/:/home/ares/tools/Xilinx/Vitis/2024.1/tps/lnx64/python-3.8.3/lib/python3.8:/home/ares/tools/Xilinx/Vitis/2024.1/cli/:/home/ares/tools/Xilinx/Vitis/2024.1/cli/python-packages/site-packages:/home/ares/tools/Xilinx/Vitis/2024.1/cli/python-packages/lnx64:/home/ares/tools/Xilinx/Vitis/2024.1/cli/proto:/home/ares/tools/Xilinx/Vitis/2024.1/scripts/python_pkg
LC_IDENTIFICATION=pt_PT.UTF-8
PYTHONHOME=/home/ares/tools/Xilinx/Vitis/2024.1/tps/lnx64/python-3.8.3/
USER=ares
XILINX_PLANAHEAD=/home/ares/tools/Xilinx/Vitis/2024.1
RDI_BASEROOT=/home/ares/tools/Xilinx/Vitis
LOPPER_DTC_FLAGS=-b 0 -@
RDI_TPS_ROOT=/home/ares/tools/Xilinx/Vivado/2024.1/tps/lnx64
RDI_JAVA_VERSION=11.0.16_1
IDE_SKIP_SERVER_LICENSE=1
RDI_DATADIR=/home/ares/tools/Xilinx/Vitis/2024.1/data
THEIA_ELECTRON_TOKEN={"value":"b9ff6925-1f1a-42d5-9762-0d7b70b35bc5"}
DISPLAY=:0.0
SHLVL=3
LC_TELEPHONE=pt_PT.UTF-8
RDI_USE_JDK11=1
LC_MEASUREMENT=pt_PT.UTF-8
XDG_VTNR=7
XILINX_VIVADO_HLS=/home/ares/tools/Xilinx/Vivado/2024.1
XIL_CHECK_TCL_DEBUG=False
XDG_SESSION_ID=c2
LD_LIBRARY_PATH=/home/ares/tools/Xilinx/Vitis/2024.1/tps/lnx64/java-cef-95.0.4638.69/bin/lib/linux64:/home/ares/tools/Xilinx/Vitis/2024.1/tps/lnx64/javafx-sdk-11.0.2/lib:/home/ares/tools/Xilinx/Vitis/2024.1/lib/lnx64.o/Default:/home/ares/tools/Xilinx/Vitis/2024.1/lib/lnx64.o:/home/ares/tools/Xilinx/Vitis/2024.1/tps/lnx64/jre11.0.16_1/lib/:/home/ares/tools/Xilinx/Vitis/2024.1/tps/lnx64/jre11.0.16_1/lib//server:/home/ares/tools/Xilinx/Vitis/2024.1/lib/lnx64.o/Default:/home/ares/tools/Xilinx/Vitis/2024.1/lib/lnx64.o:/home/ares/tools/Xilinx/Vitis/2024.1/tps/lnx64/cmake-3.24.2/libs/Default:/home/ares/tools/Xilinx/Vitis/2024.1/tps/lnx64/cmake-3.24.2/libs:/home/ares/tools/Xilinx/Vitis/2024.1/lib/lnx64.o/Default:/home/ares/tools/Xilinx/Vitis/2024.1/lib/lnx64.o:/home/ares/tools/Xilinx/Vitis/2024.1/tps/lnx64/python-3.8.3/lib:/home/ares/tools/Xilinx/Vitis/2024.1/tps/lnx64/cmake-3.24.2/libs/Default:/home/ares/tools/Xilinx/Vitis/2024.1/tps/lnx64/cmake-3.24.2/libs:/home/ares/tools/Xilinx/Vitis/2024.1/lib/lnx64.o:/home/ares/tools/Xilinx/Vitis/2024.1/lib/lnx64.o/Default:/home/ares/tools/Xilinx/Vitis/2024.1/lib/lnx64.o:/home/ares/tools/Xilinx/Vitis/2024.1/tps/lnx64/python-3.8.3/lib:/home/ares/tools/Xilinx/Vitis/2024.1/aietools/lib/lnx64.o:/home/ares/tools/Xilinx/Vitis_HLS/2024.1/lib/lnx64.o/Default:/home/ares/tools/Xilinx/Vitis_HLS/2024.1/lib/lnx64.o:/home/ares/tools/Xilinx/Vitis_HLS/2024.1/lib/lnx64.o:/home/ares/tools/Xilinx/Vitis/2024.1/bin/../lnx64/tools/dot/lib
HDIPRELDPATH=/home/ares/tools/Xilinx/Vitis/2024.1/lib/lnx64.o/Default:/home/ares/tools/Xilinx/Vitis/2024.1/lib/lnx64.o:/home/ares/tools/Xilinx/Vitis/2024.1/tps/lnx64/cmake-3.24.2/libs/Default:/home/ares/tools/Xilinx/Vitis/2024.1/tps/lnx64/cmake-3.24.2/libs:/home/ares/tools/Xilinx/Vitis/2024.1/lib/lnx64.o/Default:/home/ares/tools/Xilinx/Vitis/2024.1/lib/lnx64.o:/home/ares/tools/Xilinx/Vitis/2024.1/tps/lnx64/python-3.8.3/lib:/home/ares/tools/Xilinx/Vitis/2024.1/tps/lnx64/cmake-3.24.2/libs/Default:/home/ares/tools/Xilinx/Vitis/2024.1/tps/lnx64/cmake-3.24.2/libs:/home/ares/tools/Xilinx/Vitis/2024.1/lib/lnx64.o:/home/ares/tools/Xilinx/Vitis/2024.1/lib/lnx64.o/Default:/home/ares/tools/Xilinx/Vitis/2024.1/lib/lnx64.o:/home/ares/tools/Xilinx/Vitis/2024.1/tps/lnx64/python-3.8.3/lib:/home/ares/tools/Xilinx/Vitis/2024.1/aietools/lib/lnx64.o:/home/ares/tools/Xilinx/Vitis_HLS/2024.1/lib/lnx64.o/Default:/home/ares/tools/Xilinx/Vitis_HLS/2024.1/lib/lnx64.o:/home/ares/tools/Xilinx/Vitis_HLS/2024.1/lib/lnx64.o:/home/ares/tools/Xilinx/Vitis/2024.1/bin/../lnx64/tools/dot/lib
XDG_RUNTIME_DIR=/run/user/1000
COMPIZ_CONFIG_PROFILE=mint
TCMALLOC_LARGE_ALLOC_REPORT_THRESHOLD=4294967296
TCL_LIBRARY=/home/ares/tools/Xilinx/Vitis/2024.1/tps/tcl/tcl8.6
LC_ALL=en_US.UTF-8
GTK3_MODULES=xapp-gtk3-module
XDG_DATA_DIRS=/usr/share/xfce4:/home/ares/.local/share/flatpak/exports/share:/var/lib/flatpak/exports/share:/usr/local/share:/usr/share
PATH=/home/ares/tools/Xilinx/Vivado/2024.1/tps/lnx64/binutils-2.26/bin:/home/ares/tools/Xilinx/Vitis/2024.1/bin/../gnu/aarch64/lin/aarch64-linux/bin:/home/ares/tools/Xilinx/Vitis/2024.1/bin/../gnu/ppc64le/4.9.3/lnx64/bin:/home/ares/tools/Xilinx/Vitis/2024.1/bin/../gnu/aarch32/lin/gcc-arm-linux-gnueabi/bin:/home/ares/tools/Xilinx/Vivado/2024.1/tps/lnx64/gcc-8.3.0/bin:/home/ares/tools/Xilinx/Vivado/2024.1/gnu/microblaze/lin/bin:/home/ares/tools/Xilinx/Vitis/2024.1/bin:/home/ares/tools/Xilinx/Vitis/2024.1/tps/lnx64/jre11.0.16_1/bin:/home/ares/tools/Xilinx/Vitis/2024.1/gnu/microblaze/lin/bin:/home/ares/tools/Xilinx/Vitis/2024.1/gnu/arm/lin/bin:/home/ares/tools/Xilinx/Vitis/2024.1/gnu/microblaze/linux_toolchain/nt64_be/bin:/home/ares/tools/Xilinx/Vitis/2024.1/gnu/microblaze/linux_toolchain/nt64_le/bin:/home/ares/tools/Xilinx/Vitis/2024.1/gnu/aarch32/lin/gcc-arm-linux-gnueabi/bin:/home/ares/tools/Xilinx/Vitis/2024.1/gnu/aarch32/lin/gcc-arm-none-eabi/bin:/home/ares/tools/Xilinx/Vitis/2024.1/gnu/aarch64/lin/aarch64-linux/bin:/home/ares/tools/Xilinx/Vitis/2024.1/gnu/aarch64/lin/aarch64-none/bin:/home/ares/tools/Xilinx/Vitis/2024.1/gnu/armr5/lin/gcc-arm-none-eabi/bin:/home/ares/tools/Xilinx/Vitis/2024.1/tps/lnx64/cmake-3.24.2/bin:/home/ares/tools/Xilinx/Vitis/2024.1/lnx64/tools/clang/bin:/home/ares/tools/Xilinx/Vitis/2024.1/tps/lnx64/python-3.8.3//bin:/home/ares/tools/Xilinx/Vitis/2024.1/tps/lnx64/jre11.0.16_1//bin:/bin:/home/ares/tools/Xilinx/Vivado/2024.1/bin:/home/ares/tools/Xilinx/Vitis/2024.1/tps/lnx64/git-2.16.2/bin:/home/ares/tools/Xilinx/Vitis/2024.1/gnu/riscv/lin/riscv64-unknown-elf/bin:/home/ares/tools/Xilinx/Vitis_HLS/2024.1/bin:/home/ares/tools/Xilinx/Vitis/2024.1/aietools/bin:/home/ares/.local/bin:/usr/local/sbin:/usr/local/bin:/usr/sbin:/usr/bin:/sbin:/usr/games:/usr/local/games:/snap/bin
RT_LIBPATH=/home/ares/tools/Xilinx/Vitis/2024.1/scripts/rt/data
GDMSESSION=xfce
ORIGINAL_XDG_CURRENT_DESKTOP=XFCE
HDI_APPROOT=/home/ares/tools/Xilinx/Vitis/2024.1
DBUS_SESSION_BUS_ADDRESS=unix:path=/run/user/1000/bus
RDI_PLATFORM=lnx64
THEIA_APP_PROJECT_PATH=/home/ares/tools/Xilinx/Vitis/2024.1/ide/electron-app/lnx64/resources/app
MYVIVADO=
BUILDINFO=SW Build 5096458 on 2024-09-05-07:07:11
ISL_IOSTREAMS_RSA=/home/ares/tools/Xilinx/Vitis/2024.1/tps/isl
LC_NUMERIC=C
XILINX_VITIS=/home/ares/tools/Xilinx/Vitis/2024.1
OLDPWD=/home/ares/tools/Xilinx/Vitis/2024.1/bin
_=/home/ares/tools/Xilinx/Vitis/2024.1/bin/unwrapped/lnx64.o/vitis-run
XILINX_CD_CONNECT_ID=44093
XILINX_CD_SESSION=f523df5b-8f96-45e1-bbf0-1ec3f5a8fe8f


VITIS-RUN command line:
------------------------------------------
/home/ares/tools/Xilinx/Vitis/2024.1/bin/unwrapped/lnx64.o/vitis-run --mode hls --csim --config /home/ares/Desktop/CO-Proj/Labs/Lab1/vitis_better/3ip_conv_hls/hls_config.cfg --work_dir axil_conv2D 

FINAL PROGRAM OPTIONS
--config /home/ares/Desktop/CO-Proj/Labs/Lab1/vitis_better/3ip_conv_hls/hls_config.cfg
--csim
--hls.clock 10ns
--hls.clock_uncertainty 27%
--hls.flow_target vivado
--hls.package.output.format ip_catalog
--hls.package.output.syn false
--hls.syn.file /home/ares/Desktop/CO-Proj/Labs/Lab1/lab1_files/hls/axil_conv2D.cpp
--hls.syn.file /home/ares/Desktop/CO-Proj/Labs/Lab1/lab1_files/hls/axil_conv2D.h
--hls.syn.top axil_conv2D
--hls.tb.file /home/ares/Desktop/CO-Proj/Labs/Lab1/lab1_files/hls/tb_axil_conv2D.cpp
--mode hls
--part xc7z010clg400-1
--work_dir axil_conv2D

PARSED COMMAND LINE OPTIONS
--mode hls 
--csim 
--config /home/ares/Desktop/CO-Proj/Labs/Lab1/vitis_better/3ip_conv_hls/hls_config.cfg 
--work_dir axil_conv2D 

PARSED CONFIG FILE (1) OPTIONS
file: /home/ares/Desktop/CO-Proj/Labs/Lab1/vitis_better/3ip_conv_hls/hls_config.cfg
part xc7z010clg400-1 
hls.flow_target vivado 
hls.package.output.format ip_catalog 
hls.package.output.syn false 
hls.syn.top axil_conv2D 
hls.syn.file /home/ares/Desktop/CO-Proj/Labs/Lab1/lab1_files/hls/axil_conv2D.cpp 
hls.syn.file /home/ares/Desktop/CO-Proj/Labs/Lab1/lab1_files/hls/axil_conv2D.h 
hls.tb.file /home/ares/Desktop/CO-Proj/Labs/Lab1/lab1_files/hls/tb_axil_conv2D.cpp 
hls.clock 10ns 
hls.clock_uncertainty 27% 


==========================================
new:  steps log generated by v++ for new launch 
timestamp: 20 May 2025 16:52:32
------------------------------------------
VITIS-RUN internal step: writing a config file for vitis_hls: /home/ares/Desktop/CO-Proj/Labs/Lab1/vitis_better/3ip_conv_hls/axil_conv2D/hls/config.cmdline
timestamp: 20 May 2025 16:52:32
VITIS-RUN internal step status: success
------------------------------------------
VITIS-RUN internal step: running vitis_hls
timestamp: 20 May 2025 16:52:32
working dir: /home/ares/Desktop/CO-Proj/Labs/Lab1/vitis_better/3ip_conv_hls
cmd: vitis_hls -nolog -run csim -work_dir /home/ares/Desktop/CO-Proj/Labs/Lab1/vitis_better/3ip_conv_hls/axil_conv2D -config /home/ares/Desktop/CO-Proj/Labs/Lab1/vitis_better/3ip_conv_hls/hls_config.cfg -cmdlineconfig /home/ares/Desktop/CO-Proj/Labs/Lab1/vitis_better/3ip_conv_hls/axil_conv2D/hls/config.cmdline

------------------------------------------
VITIS-RUN command line :
------------------------------------------
/home/ares/tools/Xilinx/Vitis/2024.1/bin/unwrapped/lnx64.o/vitis-run --mode hls --csim --config /home/ares/Desktop/CO-Proj/Labs/Lab1/vitis_better/3ip_conv_hls/hls_config.cfg --work_dir axil_conv2D 
  Options from -O    : 
  Options from *.ini : 
  Options from Hw Platform : 

==========================================
new:  steps log generated by v++ for new launch 
timestamp: 20 May 2025 16:52:56
------------------------------------------
VITIS-RUN internal step: writing a config file for vitis_hls: /home/ares/Desktop/CO-Proj/Labs/Lab1/vitis_better/3ip_conv_hls/axil_conv2D/hls/config.cmdline
timestamp: 20 May 2025 16:52:56
VITIS-RUN internal step status: success
------------------------------------------
VITIS-RUN internal step: running vitis_hls
timestamp: 20 May 2025 16:52:56
working dir: /home/ares/Desktop/CO-Proj/Labs/Lab1/vitis_better/3ip_conv_hls
cmd: vitis_hls -nolog -run csim -work_dir /home/ares/Desktop/CO-Proj/Labs/Lab1/vitis_better/3ip_conv_hls/axil_conv2D -config /home/ares/Desktop/CO-Proj/Labs/Lab1/vitis_better/3ip_conv_hls/hls_config.cfg -cmdlineconfig /home/ares/Desktop/CO-Proj/Labs/Lab1/vitis_better/3ip_conv_hls/axil_conv2D/hls/config.cmdline
VITIS-RUN internal step status: success

------------------------------------------
V++ command line :
------------------------------------------
/home/ares/tools/Xilinx/Vitis/2024.1/bin/unwrapped/lnx64.o/v++ -c --mode hls --config /home/ares/Desktop/CO-Proj/Labs/Lab1/vitis_better/3ip_conv_hls/hls_config.cfg --work_dir axil_conv2D 
  Options from -O    : 
  Options from *.ini : 
  Options from Hw Platform : 

==========================================
new:  steps log generated by v++ for new launch 
timestamp: 20 May 2025 16:53:36
------------------------------------------
V++ internal step: writing a config file for vitis_hls: /home/ares/Desktop/CO-Proj/Labs/Lab1/vitis_better/3ip_conv_hls/axil_conv2D/hls/config.cmdline
timestamp: 20 May 2025 16:53:36
V++ internal step status: success
------------------------------------------
V++ internal step: running vitis_hls
timestamp: 20 May 2025 16:53:36
working dir: /home/ares/Desktop/CO-Proj/Labs/Lab1/vitis_better/3ip_conv_hls
cmd: vitis_hls -nolog -run csynth -work_dir /home/ares/Desktop/CO-Proj/Labs/Lab1/vitis_better/3ip_conv_hls/axil_conv2D -config /home/ares/Desktop/CO-Proj/Labs/Lab1/vitis_better/3ip_conv_hls/hls_config.cfg -cmdlineconfig /home/ares/Desktop/CO-Proj/Labs/Lab1/vitis_better/3ip_conv_hls/axil_conv2D/hls/config.cmdline
V++ internal step status: success

------------------------------------------
VITIS-RUN command line :
------------------------------------------
/home/ares/tools/Xilinx/Vitis/2024.1/bin/unwrapped/lnx64.o/vitis-run --mode hls --package --config /home/ares/Desktop/CO-Proj/Labs/Lab1/vitis_better/3ip_conv_hls/hls_config.cfg --work_dir axil_conv2D 
  Options from -O    : 
  Options from *.ini : 
  Options from Hw Platform : 

==========================================
new:  steps log generated by v++ for new launch 
timestamp: 20 May 2025 16:54:19
------------------------------------------
VITIS-RUN internal step: writing a config file for vitis_hls: /home/ares/Desktop/CO-Proj/Labs/Lab1/vitis_better/3ip_conv_hls/axil_conv2D/hls/config.cmdline
timestamp: 20 May 2025 16:54:19
VITIS-RUN internal step status: success
------------------------------------------
VITIS-RUN internal step: running vitis_hls
timestamp: 20 May 2025 16:54:19
working dir: /home/ares/Desktop/CO-Proj/Labs/Lab1/vitis_better/3ip_conv_hls
cmd: vitis_hls -nolog -run package -work_dir /home/ares/Desktop/CO-Proj/Labs/Lab1/vitis_better/3ip_conv_hls/axil_conv2D -config /home/ares/Desktop/CO-Proj/Labs/Lab1/vitis_better/3ip_conv_hls/hls_config.cfg -cmdlineconfig /home/ares/Desktop/CO-Proj/Labs/Lab1/vitis_better/3ip_conv_hls/axil_conv2D/hls/config.cmdline
VITIS-RUN internal step status: success

------------------------------------------
VITIS-RUN command line :
------------------------------------------
/home/ares/tools/Xilinx/Vitis/2024.1/bin/unwrapped/lnx64.o/vitis-run --mode hls --csim --config /home/ares/Desktop/CO-Proj/Labs/Lab1/vitis_better/3ip_conv_hls/hls_config.cfg --work_dir axil_conv2D 
  Options from -O    : 
  Options from *.ini : 
  Options from Hw Platform : 

==========================================
new:  steps log generated by v++ for new launch 
timestamp: 20 May 2025 18:08:25
------------------------------------------
VITIS-RUN internal step: writing a config file for vitis_hls: /home/ares/Desktop/CO-Proj/Labs/Lab1/vitis_better/3ip_conv_hls/axil_conv2D/hls/config.cmdline
timestamp: 20 May 2025 18:08:25
VITIS-RUN internal step status: success
------------------------------------------
VITIS-RUN internal step: running vitis_hls
timestamp: 20 May 2025 18:08:25
working dir: /home/ares/Desktop/CO-Proj/Labs/Lab1/vitis_better/3ip_conv_hls
cmd: vitis_hls -nolog -run csim -work_dir /home/ares/Desktop/CO-Proj/Labs/Lab1/vitis_better/3ip_conv_hls/axil_conv2D -config /home/ares/Desktop/CO-Proj/Labs/Lab1/vitis_better/3ip_conv_hls/hls_config.cfg -cmdlineconfig /home/ares/Desktop/CO-Proj/Labs/Lab1/vitis_better/3ip_conv_hls/axil_conv2D/hls/config.cmdline
VITIS-RUN internal step status: fail

------------------------------------------
V++ command line :
------------------------------------------
/home/ares/tools/Xilinx/Vitis/2024.1/bin/unwrapped/lnx64.o/v++ -c --mode hls --config /home/ares/Desktop/CO-Proj/Labs/Lab1/vitis_better/3ip_conv_hls/hls_config.cfg --work_dir axil_conv2D 
  Options from -O    : 
  Options from *.ini : 
  Options from Hw Platform : 

==========================================
new:  steps log generated by v++ for new launch 
timestamp: 20 May 2025 18:10:04
------------------------------------------
V++ internal step: writing a config file for vitis_hls: /home/ares/Desktop/CO-Proj/Labs/Lab1/vitis_better/3ip_conv_hls/axil_conv2D/hls/config.cmdline
timestamp: 20 May 2025 18:10:04
V++ internal step status: success
------------------------------------------
V++ internal step: running vitis_hls
timestamp: 20 May 2025 18:10:04
working dir: /home/ares/Desktop/CO-Proj/Labs/Lab1/vitis_better/3ip_conv_hls
cmd: vitis_hls -nolog -run csynth -work_dir /home/ares/Desktop/CO-Proj/Labs/Lab1/vitis_better/3ip_conv_hls/axil_conv2D -config /home/ares/Desktop/CO-Proj/Labs/Lab1/vitis_better/3ip_conv_hls/hls_config.cfg -cmdlineconfig /home/ares/Desktop/CO-Proj/Labs/Lab1/vitis_better/3ip_conv_hls/axil_conv2D/hls/config.cmdline
V++ internal step status: success

------------------------------------------
VITIS-RUN command line :
------------------------------------------
/home/ares/tools/Xilinx/Vitis/2024.1/bin/unwrapped/lnx64.o/vitis-run --mode hls --package --config /home/ares/Desktop/CO-Proj/Labs/Lab1/vitis_better/3ip_conv_hls/hls_config.cfg --work_dir axil_conv2D 
  Options from -O    : 
  Options from *.ini : 
  Options from Hw Platform : 

==========================================
new:  steps log generated by v++ for new launch 
timestamp: 20 May 2025 18:11:27
------------------------------------------
VITIS-RUN internal step: writing a config file for vitis_hls: /home/ares/Desktop/CO-Proj/Labs/Lab1/vitis_better/3ip_conv_hls/axil_conv2D/hls/config.cmdline
timestamp: 20 May 2025 18:11:27
VITIS-RUN internal step status: success
------------------------------------------
VITIS-RUN internal step: running vitis_hls
timestamp: 20 May 2025 18:11:27
working dir: /home/ares/Desktop/CO-Proj/Labs/Lab1/vitis_better/3ip_conv_hls
cmd: vitis_hls -nolog -run package -work_dir /home/ares/Desktop/CO-Proj/Labs/Lab1/vitis_better/3ip_conv_hls/axil_conv2D -config /home/ares/Desktop/CO-Proj/Labs/Lab1/vitis_better/3ip_conv_hls/hls_config.cfg -cmdlineconfig /home/ares/Desktop/CO-Proj/Labs/Lab1/vitis_better/3ip_conv_hls/axil_conv2D/hls/config.cmdline
VITIS-RUN internal step status: success

------------------------------------------
V++ command line :
------------------------------------------
/home/ares/tools/Xilinx/Vitis/2024.1/bin/unwrapped/lnx64.o/v++ -c --mode hls --config /home/ares/Desktop/CO-Proj/Labs/Lab1/vitis_better/3ip_conv_hls/hls_config.cfg --work_dir axil_conv2D 
  Options from -O    : 
  Options from *.ini : 
  Options from Hw Platform : 

==========================================
new:  steps log generated by v++ for new launch 
timestamp: 21 May 2025 10:50:13
------------------------------------------
V++ internal step: writing a config file for vitis_hls: /home/ares/Desktop/CO-Proj/Labs/Lab1/vitis_better/3ip_conv_hls/axil_conv2D/hls/config.cmdline
timestamp: 21 May 2025 10:50:13
V++ internal step status: success
------------------------------------------
V++ internal step: running vitis_hls
timestamp: 21 May 2025 10:50:13
working dir: /home/ares/Desktop/CO-Proj/Labs/Lab1/vitis_better/3ip_conv_hls
cmd: vitis_hls -nolog -run csynth -work_dir /home/ares/Desktop/CO-Proj/Labs/Lab1/vitis_better/3ip_conv_hls/axil_conv2D -config /home/ares/Desktop/CO-Proj/Labs/Lab1/vitis_better/3ip_conv_hls/hls_config.cfg -cmdlineconfig /home/ares/Desktop/CO-Proj/Labs/Lab1/vitis_better/3ip_conv_hls/axil_conv2D/hls/config.cmdline
V++ internal step status: success

------------------------------------------
VITIS-RUN command line :
------------------------------------------
/home/ares/tools/Xilinx/Vitis/2024.1/bin/unwrapped/lnx64.o/vitis-run --mode hls --package --config /home/ares/Desktop/CO-Proj/Labs/Lab1/vitis_better/3ip_conv_hls/hls_config.cfg --work_dir axil_conv2D 
  Options from -O    : 
  Options from *.ini : 
  Options from Hw Platform : 

==========================================
new:  steps log generated by v++ for new launch 
timestamp: 21 May 2025 10:51:08
------------------------------------------
VITIS-RUN internal step: writing a config file for vitis_hls: /home/ares/Desktop/CO-Proj/Labs/Lab1/vitis_better/3ip_conv_hls/axil_conv2D/hls/config.cmdline
timestamp: 21 May 2025 10:51:08
VITIS-RUN internal step status: success
------------------------------------------
VITIS-RUN internal step: running vitis_hls
timestamp: 21 May 2025 10:51:08
working dir: /home/ares/Desktop/CO-Proj/Labs/Lab1/vitis_better/3ip_conv_hls
cmd: vitis_hls -nolog -run package -work_dir /home/ares/Desktop/CO-Proj/Labs/Lab1/vitis_better/3ip_conv_hls/axil_conv2D -config /home/ares/Desktop/CO-Proj/Labs/Lab1/vitis_better/3ip_conv_hls/hls_config.cfg -cmdlineconfig /home/ares/Desktop/CO-Proj/Labs/Lab1/vitis_better/3ip_conv_hls/axil_conv2D/hls/config.cmdline
VITIS-RUN internal step status: success

------------------------------------------
V++ command line :
------------------------------------------
/home/ares/tools/Xilinx/Vitis/2024.1/bin/unwrapped/lnx64.o/v++ -c --mode hls --config /home/ares/Desktop/CO-Proj/Labs/Lab1/vitis_better/3ip_conv_hls/hls_config.cfg --work_dir axil_conv2D 
  Options from -O    : 
  Options from *.ini : 
  Options from Hw Platform : 

==========================================
new:  steps log generated by v++ for new launch 
timestamp: 21 May 2025 11:43:00
------------------------------------------
V++ internal step: writing a config file for vitis_hls: /home/ares/Desktop/CO-Proj/Labs/Lab1/vitis_better/3ip_conv_hls/axil_conv2D/hls/config.cmdline
timestamp: 21 May 2025 11:43:00
V++ internal step status: success
------------------------------------------
V++ internal step: running vitis_hls
timestamp: 21 May 2025 11:43:00
working dir: /home/ares/Desktop/CO-Proj/Labs/Lab1/vitis_better/3ip_conv_hls
cmd: vitis_hls -nolog -run csynth -work_dir /home/ares/Desktop/CO-Proj/Labs/Lab1/vitis_better/3ip_conv_hls/axil_conv2D -config /home/ares/Desktop/CO-Proj/Labs/Lab1/vitis_better/3ip_conv_hls/hls_config.cfg -cmdlineconfig /home/ares/Desktop/CO-Proj/Labs/Lab1/vitis_better/3ip_conv_hls/axil_conv2D/hls/config.cmdline
V++ internal step status: success

------------------------------------------
VITIS-RUN command line :
------------------------------------------
/home/ares/tools/Xilinx/Vitis/2024.1/bin/unwrapped/lnx64.o/vitis-run --mode hls --package --config /home/ares/Desktop/CO-Proj/Labs/Lab1/vitis_better/3ip_conv_hls/hls_config.cfg --work_dir axil_conv2D 
  Options from -O    : 
  Options from *.ini : 
  Options from Hw Platform : 

==========================================
new:  steps log generated by v++ for new launch 
timestamp: 21 May 2025 11:44:01
------------------------------------------
VITIS-RUN internal step: writing a config file for vitis_hls: /home/ares/Desktop/CO-Proj/Labs/Lab1/vitis_better/3ip_conv_hls/axil_conv2D/hls/config.cmdline
timestamp: 21 May 2025 11:44:01
VITIS-RUN internal step status: success
------------------------------------------
VITIS-RUN internal step: running vitis_hls
timestamp: 21 May 2025 11:44:01
working dir: /home/ares/Desktop/CO-Proj/Labs/Lab1/vitis_better/3ip_conv_hls
cmd: vitis_hls -nolog -run package -work_dir /home/ares/Desktop/CO-Proj/Labs/Lab1/vitis_better/3ip_conv_hls/axil_conv2D -config /home/ares/Desktop/CO-Proj/Labs/Lab1/vitis_better/3ip_conv_hls/hls_config.cfg -cmdlineconfig /home/ares/Desktop/CO-Proj/Labs/Lab1/vitis_better/3ip_conv_hls/axil_conv2D/hls/config.cmdline
VITIS-RUN internal step status: success

------------------------------------------
V++ command line :
------------------------------------------
/home/ares/tools/Xilinx/Vitis/2024.1/bin/unwrapped/lnx64.o/v++ -c --mode hls --config /home/ares/Desktop/CO-Proj/Labs/Lab1/vitis_better/3ip_conv_hls/hls_config.cfg --work_dir axil_conv2D 
  Options from -O    : 
  Options from *.ini : 
  Options from Hw Platform : 

==========================================
new:  steps log generated by v++ for new launch 
timestamp: 21 May 2025 13:42:19
------------------------------------------
V++ internal step: writing a config file for vitis_hls: /home/ares/Desktop/CO-Proj/Labs/Lab1/vitis_better/3ip_conv_hls/axil_conv2D/hls/config.cmdline
timestamp: 21 May 2025 13:42:19
V++ internal step status: success
------------------------------------------
V++ internal step: running vitis_hls
timestamp: 21 May 2025 13:42:19
working dir: /home/ares/Desktop/CO-Proj/Labs/Lab1/vitis_better/3ip_conv_hls
cmd: vitis_hls -nolog -run csynth -work_dir /home/ares/Desktop/CO-Proj/Labs/Lab1/vitis_better/3ip_conv_hls/axil_conv2D -config /home/ares/Desktop/CO-Proj/Labs/Lab1/vitis_better/3ip_conv_hls/hls_config.cfg -cmdlineconfig /home/ares/Desktop/CO-Proj/Labs/Lab1/vitis_better/3ip_conv_hls/axil_conv2D/hls/config.cmdline
V++ internal step status: success

------------------------------------------
VITIS-RUN command line :
------------------------------------------
/home/ares/tools/Xilinx/Vitis/2024.1/bin/unwrapped/lnx64.o/vitis-run --mode hls --package --config /home/ares/Desktop/CO-Proj/Labs/Lab1/vitis_better/3ip_conv_hls/hls_config.cfg --work_dir axil_conv2D 
  Options from -O    : 
  Options from *.ini : 
  Options from Hw Platform : 

==========================================
new:  steps log generated by v++ for new launch 
timestamp: 21 May 2025 13:43:04
------------------------------------------
VITIS-RUN internal step: writing a config file for vitis_hls: /home/ares/Desktop/CO-Proj/Labs/Lab1/vitis_better/3ip_conv_hls/axil_conv2D/hls/config.cmdline
timestamp: 21 May 2025 13:43:04
VITIS-RUN internal step status: success
------------------------------------------
VITIS-RUN internal step: running vitis_hls
timestamp: 21 May 2025 13:43:04
working dir: /home/ares/Desktop/CO-Proj/Labs/Lab1/vitis_better/3ip_conv_hls
cmd: vitis_hls -nolog -run package -work_dir /home/ares/Desktop/CO-Proj/Labs/Lab1/vitis_better/3ip_conv_hls/axil_conv2D -config /home/ares/Desktop/CO-Proj/Labs/Lab1/vitis_better/3ip_conv_hls/hls_config.cfg -cmdlineconfig /home/ares/Desktop/CO-Proj/Labs/Lab1/vitis_better/3ip_conv_hls/axil_conv2D/hls/config.cmdline
VITIS-RUN internal step status: success

------------------------------------------
V++ command line :
------------------------------------------
/home/ares/tools/Xilinx/Vitis/2024.1/bin/unwrapped/lnx64.o/v++ -c --mode hls --config /home/ares/Desktop/CO-Proj/Labs/Lab1/vitis_better/3ip_conv_hls/hls_config.cfg --work_dir axil_conv2D 
  Options from -O    : 
  Options from *.ini : 
  Options from Hw Platform : 

==========================================
new:  steps log generated by v++ for new launch 
timestamp: 21 May 2025 14:28:57
------------------------------------------
V++ internal step: writing a config file for vitis_hls: /home/ares/Desktop/CO-Proj/Labs/Lab1/vitis_better/3ip_conv_hls/axil_conv2D/hls/config.cmdline
timestamp: 21 May 2025 14:28:57
V++ internal step status: success
------------------------------------------
V++ internal step: running vitis_hls
timestamp: 21 May 2025 14:28:57
working dir: /home/ares/Desktop/CO-Proj/Labs/Lab1/vitis_better/3ip_conv_hls
cmd: vitis_hls -nolog -run csynth -work_dir /home/ares/Desktop/CO-Proj/Labs/Lab1/vitis_better/3ip_conv_hls/axil_conv2D -config /home/ares/Desktop/CO-Proj/Labs/Lab1/vitis_better/3ip_conv_hls/hls_config.cfg -cmdlineconfig /home/ares/Desktop/CO-Proj/Labs/Lab1/vitis_better/3ip_conv_hls/axil_conv2D/hls/config.cmdline
V++ internal step status: success

------------------------------------------
VITIS-RUN command line :
------------------------------------------
/home/ares/tools/Xilinx/Vitis/2024.1/bin/unwrapped/lnx64.o/vitis-run --mode hls --package --config /home/ares/Desktop/CO-Proj/Labs/Lab1/vitis_better/3ip_conv_hls/hls_config.cfg --work_dir axil_conv2D 
  Options from -O    : 
  Options from *.ini : 
  Options from Hw Platform : 

==========================================
new:  steps log generated by v++ for new launch 
timestamp: 21 May 2025 14:32:30
------------------------------------------
VITIS-RUN internal step: writing a config file for vitis_hls: /home/ares/Desktop/CO-Proj/Labs/Lab1/vitis_better/3ip_conv_hls/axil_conv2D/hls/config.cmdline
timestamp: 21 May 2025 14:32:30
VITIS-RUN internal step status: success
------------------------------------------
VITIS-RUN internal step: running vitis_hls
timestamp: 21 May 2025 14:32:30
working dir: /home/ares/Desktop/CO-Proj/Labs/Lab1/vitis_better/3ip_conv_hls
cmd: vitis_hls -nolog -run package -work_dir /home/ares/Desktop/CO-Proj/Labs/Lab1/vitis_better/3ip_conv_hls/axil_conv2D -config /home/ares/Desktop/CO-Proj/Labs/Lab1/vitis_better/3ip_conv_hls/hls_config.cfg -cmdlineconfig /home/ares/Desktop/CO-Proj/Labs/Lab1/vitis_better/3ip_conv_hls/axil_conv2D/hls/config.cmdline
VITIS-RUN internal step status: success

------------------------------------------
VITIS-RUN command line :
------------------------------------------
/home/ares/tools/Xilinx/Vitis/2024.1/bin/unwrapped/lnx64.o/vitis-run --mode hls --csim --config /home/ares/Desktop/CO-Proj/Labs/Lab1/vitis_better/3ip_conv_hls/hls_config.cfg --work_dir axil_conv2D 
  Options from -O    : 
  Options from *.ini : 
  Options from Hw Platform : 

==========================================
new:  steps log generated by v++ for new launch 
timestamp: 21 May 2025 14:40:22
------------------------------------------
VITIS-RUN internal step: writing a config file for vitis_hls: /home/ares/Desktop/CO-Proj/Labs/Lab1/vitis_better/3ip_conv_hls/axil_conv2D/hls/config.cmdline
timestamp: 21 May 2025 14:40:22
VITIS-RUN internal step status: success
------------------------------------------
VITIS-RUN internal step: running vitis_hls
timestamp: 21 May 2025 14:40:22
working dir: /home/ares/Desktop/CO-Proj/Labs/Lab1/vitis_better/3ip_conv_hls
cmd: vitis_hls -nolog -run csim -work_dir /home/ares/Desktop/CO-Proj/Labs/Lab1/vitis_better/3ip_conv_hls/axil_conv2D -config /home/ares/Desktop/CO-Proj/Labs/Lab1/vitis_better/3ip_conv_hls/hls_config.cfg -cmdlineconfig /home/ares/Desktop/CO-Proj/Labs/Lab1/vitis_better/3ip_conv_hls/axil_conv2D/hls/config.cmdline
VITIS-RUN internal step status: fail

------------------------------------------
VITIS-RUN command line :
------------------------------------------
/home/ares/tools/Xilinx/Vitis/2024.1/bin/unwrapped/lnx64.o/vitis-run --mode hls --csim --config /home/ares/Desktop/CO-Proj/Labs/Lab1/vitis_better/3ip_conv_hls/hls_config.cfg --work_dir axil_conv2D 
  Options from -O    : 
  Options from *.ini : 
  Options from Hw Platform : 

==========================================
new:  steps log generated by v++ for new launch 
timestamp: 21 May 2025 14:42:42
------------------------------------------
VITIS-RUN internal step: writing a config file for vitis_hls: /home/ares/Desktop/CO-Proj/Labs/Lab1/vitis_better/3ip_conv_hls/axil_conv2D/hls/config.cmdline
timestamp: 21 May 2025 14:42:42
VITIS-RUN internal step status: success
------------------------------------------
VITIS-RUN internal step: running vitis_hls
timestamp: 21 May 2025 14:42:42
working dir: /home/ares/Desktop/CO-Proj/Labs/Lab1/vitis_better/3ip_conv_hls
cmd: vitis_hls -nolog -run csim -work_dir /home/ares/Desktop/CO-Proj/Labs/Lab1/vitis_better/3ip_conv_hls/axil_conv2D -config /home/ares/Desktop/CO-Proj/Labs/Lab1/vitis_better/3ip_conv_hls/hls_config.cfg -cmdlineconfig /home/ares/Desktop/CO-Proj/Labs/Lab1/vitis_better/3ip_conv_hls/axil_conv2D/hls/config.cmdline
VITIS-RUN internal step status: success

------------------------------------------
V++ command line :
------------------------------------------
/home/ares/tools/Xilinx/Vitis/2024.1/bin/unwrapped/lnx64.o/v++ -c --mode hls --config /home/ares/Desktop/CO-Proj/Labs/Lab1/vitis_better/3ip_conv_hls/hls_config.cfg --work_dir axil_conv2D 
  Options from -O    : 
  Options from *.ini : 
  Options from Hw Platform : 

==========================================
new:  steps log generated by v++ for new launch 
timestamp: 21 May 2025 14:43:36
------------------------------------------
V++ internal step: writing a config file for vitis_hls: /home/ares/Desktop/CO-Proj/Labs/Lab1/vitis_better/3ip_conv_hls/axil_conv2D/hls/config.cmdline
timestamp: 21 May 2025 14:43:36
V++ internal step status: success
------------------------------------------
V++ internal step: running vitis_hls
timestamp: 21 May 2025 14:43:36
working dir: /home/ares/Desktop/CO-Proj/Labs/Lab1/vitis_better/3ip_conv_hls
cmd: vitis_hls -nolog -run csynth -work_dir /home/ares/Desktop/CO-Proj/Labs/Lab1/vitis_better/3ip_conv_hls/axil_conv2D -config /home/ares/Desktop/CO-Proj/Labs/Lab1/vitis_better/3ip_conv_hls/hls_config.cfg -cmdlineconfig /home/ares/Desktop/CO-Proj/Labs/Lab1/vitis_better/3ip_conv_hls/axil_conv2D/hls/config.cmdline
V++ internal step status: success

------------------------------------------
VITIS-RUN command line :
------------------------------------------
/home/ares/tools/Xilinx/Vitis/2024.1/bin/unwrapped/lnx64.o/vitis-run --mode hls --package --config /home/ares/Desktop/CO-Proj/Labs/Lab1/vitis_better/3ip_conv_hls/hls_config.cfg --work_dir axil_conv2D 
  Options from -O    : 
  Options from *.ini : 
  Options from Hw Platform : 

==========================================
new:  steps log generated by v++ for new launch 
timestamp: 21 May 2025 14:45:12
------------------------------------------
VITIS-RUN internal step: writing a config file for vitis_hls: /home/ares/Desktop/CO-Proj/Labs/Lab1/vitis_better/3ip_conv_hls/axil_conv2D/hls/config.cmdline
timestamp: 21 May 2025 14:45:12
VITIS-RUN internal step status: success
------------------------------------------
VITIS-RUN internal step: running vitis_hls
timestamp: 21 May 2025 14:45:12
working dir: /home/ares/Desktop/CO-Proj/Labs/Lab1/vitis_better/3ip_conv_hls
cmd: vitis_hls -nolog -run package -work_dir /home/ares/Desktop/CO-Proj/Labs/Lab1/vitis_better/3ip_conv_hls/axil_conv2D -config /home/ares/Desktop/CO-Proj/Labs/Lab1/vitis_better/3ip_conv_hls/hls_config.cfg -cmdlineconfig /home/ares/Desktop/CO-Proj/Labs/Lab1/vitis_better/3ip_conv_hls/axil_conv2D/hls/config.cmdline
VITIS-RUN internal step status: success

------------------------------------------
V++ command line :
------------------------------------------
/home/ares/tools/Xilinx/Vitis/2024.1/bin/unwrapped/lnx64.o/v++ -c --mode hls --config /home/ares/Desktop/CO-Proj/Labs/Lab1/vitis_better/3ip_conv_hls/hls_config.cfg --work_dir axil_conv2D 
  Options from -O    : 
  Options from *.ini : 
  Options from Hw Platform : 

==========================================
new:  steps log generated by v++ for new launch 
timestamp: 21 May 2025 14:49:41
------------------------------------------
V++ internal step: writing a config file for vitis_hls: /home/ares/Desktop/CO-Proj/Labs/Lab1/vitis_better/3ip_conv_hls/axil_conv2D/hls/config.cmdline
timestamp: 21 May 2025 14:49:41
V++ internal step status: success
------------------------------------------
V++ internal step: running vitis_hls
timestamp: 21 May 2025 14:49:41
working dir: /home/ares/Desktop/CO-Proj/Labs/Lab1/vitis_better/3ip_conv_hls
cmd: vitis_hls -nolog -run csynth -work_dir /home/ares/Desktop/CO-Proj/Labs/Lab1/vitis_better/3ip_conv_hls/axil_conv2D -config /home/ares/Desktop/CO-Proj/Labs/Lab1/vitis_better/3ip_conv_hls/hls_config.cfg -cmdlineconfig /home/ares/Desktop/CO-Proj/Labs/Lab1/vitis_better/3ip_conv_hls/axil_conv2D/hls/config.cmdline
V++ internal step status: success

------------------------------------------
VITIS-RUN command line :
------------------------------------------
/home/ares/tools/Xilinx/Vitis/2024.1/bin/unwrapped/lnx64.o/vitis-run --mode hls --package --config /home/ares/Desktop/CO-Proj/Labs/Lab1/vitis_better/3ip_conv_hls/hls_config.cfg --work_dir axil_conv2D 
  Options from -O    : 
  Options from *.ini : 
  Options from Hw Platform : 

==========================================
new:  steps log generated by v++ for new launch 
timestamp: 21 May 2025 14:50:23
------------------------------------------
VITIS-RUN internal step: writing a config file for vitis_hls: /home/ares/Desktop/CO-Proj/Labs/Lab1/vitis_better/3ip_conv_hls/axil_conv2D/hls/config.cmdline
timestamp: 21 May 2025 14:50:23
VITIS-RUN internal step status: success
------------------------------------------
VITIS-RUN internal step: running vitis_hls
timestamp: 21 May 2025 14:50:23
working dir: /home/ares/Desktop/CO-Proj/Labs/Lab1/vitis_better/3ip_conv_hls
cmd: vitis_hls -nolog -run package -work_dir /home/ares/Desktop/CO-Proj/Labs/Lab1/vitis_better/3ip_conv_hls/axil_conv2D -config /home/ares/Desktop/CO-Proj/Labs/Lab1/vitis_better/3ip_conv_hls/hls_config.cfg -cmdlineconfig /home/ares/Desktop/CO-Proj/Labs/Lab1/vitis_better/3ip_conv_hls/axil_conv2D/hls/config.cmdline
VITIS-RUN internal step status: success

------------------------------------------
VITIS-RUN command line :
------------------------------------------
/home/ares/tools/Xilinx/Vitis/2024.1/bin/unwrapped/lnx64.o/vitis-run --mode hls --csim --config /home/ares/Desktop/CO-Proj/Labs/Lab1/vitis_better/3ip_conv_hls/hls_config.cfg --work_dir axil_conv2D 
  Options from -O    : 
  Options from *.ini : 
  Options from Hw Platform : 

==========================================
new:  steps log generated by v++ for new launch 
timestamp: 21 May 2025 15:14:14
------------------------------------------
VITIS-RUN internal step: writing a config file for vitis_hls: /home/ares/Desktop/CO-Proj/Labs/Lab1/vitis_better/3ip_conv_hls/axil_conv2D/hls/config.cmdline
timestamp: 21 May 2025 15:14:14
VITIS-RUN internal step status: success
------------------------------------------
VITIS-RUN internal step: running vitis_hls
timestamp: 21 May 2025 15:14:14
working dir: /home/ares/Desktop/CO-Proj/Labs/Lab1/vitis_better/3ip_conv_hls
cmd: vitis_hls -nolog -run csim -work_dir /home/ares/Desktop/CO-Proj/Labs/Lab1/vitis_better/3ip_conv_hls/axil_conv2D -config /home/ares/Desktop/CO-Proj/Labs/Lab1/vitis_better/3ip_conv_hls/hls_config.cfg -cmdlineconfig /home/ares/Desktop/CO-Proj/Labs/Lab1/vitis_better/3ip_conv_hls/axil_conv2D/hls/config.cmdline

------------------------------------------
VITIS-RUN command line :
------------------------------------------
/home/ares/tools/Xilinx/Vitis/2024.1/bin/unwrapped/lnx64.o/vitis-run --mode hls --csim --config /home/ares/Desktop/CO-Proj/Labs/Lab1/vitis_better/3ip_conv_hls/hls_config.cfg --work_dir axil_conv2D 
  Options from -O    : 
  Options from *.ini : 
  Options from Hw Platform : 

==========================================
new:  steps log generated by v++ for new launch 
timestamp: 21 May 2025 15:22:44
------------------------------------------
VITIS-RUN internal step: writing a config file for vitis_hls: /home/ares/Desktop/CO-Proj/Labs/Lab1/vitis_better/3ip_conv_hls/axil_conv2D/hls/config.cmdline
timestamp: 21 May 2025 15:22:44
VITIS-RUN internal step status: success
------------------------------------------
VITIS-RUN internal step: running vitis_hls
timestamp: 21 May 2025 15:22:44
working dir: /home/ares/Desktop/CO-Proj/Labs/Lab1/vitis_better/3ip_conv_hls
cmd: vitis_hls -nolog -run csim -work_dir /home/ares/Desktop/CO-Proj/Labs/Lab1/vitis_better/3ip_conv_hls/axil_conv2D -config /home/ares/Desktop/CO-Proj/Labs/Lab1/vitis_better/3ip_conv_hls/hls_config.cfg -cmdlineconfig /home/ares/Desktop/CO-Proj/Labs/Lab1/vitis_better/3ip_conv_hls/axil_conv2D/hls/config.cmdline
VITIS-RUN internal step status: success

------------------------------------------
VITIS-RUN command line :
------------------------------------------
/home/ares/tools/Xilinx/Vitis/2024.1/bin/unwrapped/lnx64.o/vitis-run --mode hls --csim --config /home/ares/Desktop/CO-Proj/Labs/Lab1/vitis_better/3ip_conv_hls/hls_config.cfg --work_dir axil_conv2D 
  Options from -O    : 
  Options from *.ini : 
  Options from Hw Platform : 

==========================================
new:  steps log generated by v++ for new launch 
timestamp: 21 May 2025 15:26:36
------------------------------------------
VITIS-RUN internal step: writing a config file for vitis_hls: /home/ares/Desktop/CO-Proj/Labs/Lab1/vitis_better/3ip_conv_hls/axil_conv2D/hls/config.cmdline
timestamp: 21 May 2025 15:26:36
VITIS-RUN internal step status: success
------------------------------------------
VITIS-RUN internal step: running vitis_hls
timestamp: 21 May 2025 15:26:36
working dir: /home/ares/Desktop/CO-Proj/Labs/Lab1/vitis_better/3ip_conv_hls
cmd: vitis_hls -nolog -run csim -work_dir /home/ares/Desktop/CO-Proj/Labs/Lab1/vitis_better/3ip_conv_hls/axil_conv2D -config /home/ares/Desktop/CO-Proj/Labs/Lab1/vitis_better/3ip_conv_hls/hls_config.cfg -cmdlineconfig /home/ares/Desktop/CO-Proj/Labs/Lab1/vitis_better/3ip_conv_hls/axil_conv2D/hls/config.cmdline
VITIS-RUN internal step status: success

------------------------------------------
VITIS-RUN command line :
------------------------------------------
/home/ares/tools/Xilinx/Vitis/2024.1/bin/unwrapped/lnx64.o/vitis-run --mode hls --csim --config /home/ares/Desktop/CO-Proj/Labs/Lab1/vitis_better/3ip_conv_hls/hls_config.cfg --work_dir axil_conv2D 
  Options from -O    : 
  Options from *.ini : 
  Options from Hw Platform : 

==========================================
new:  steps log generated by v++ for new launch 
timestamp: 21 May 2025 15:27:13
------------------------------------------
VITIS-RUN internal step: writing a config file for vitis_hls: /home/ares/Desktop/CO-Proj/Labs/Lab1/vitis_better/3ip_conv_hls/axil_conv2D/hls/config.cmdline
timestamp: 21 May 2025 15:27:13
VITIS-RUN internal step status: success
------------------------------------------
VITIS-RUN internal step: running vitis_hls
timestamp: 21 May 2025 15:27:13
working dir: /home/ares/Desktop/CO-Proj/Labs/Lab1/vitis_better/3ip_conv_hls
cmd: vitis_hls -nolog -run csim -work_dir /home/ares/Desktop/CO-Proj/Labs/Lab1/vitis_better/3ip_conv_hls/axil_conv2D -config /home/ares/Desktop/CO-Proj/Labs/Lab1/vitis_better/3ip_conv_hls/hls_config.cfg -cmdlineconfig /home/ares/Desktop/CO-Proj/Labs/Lab1/vitis_better/3ip_conv_hls/axil_conv2D/hls/config.cmdline
VITIS-RUN internal step status: fail

------------------------------------------
VITIS-RUN command line :
------------------------------------------
/home/ares/tools/Xilinx/Vitis/2024.1/bin/unwrapped/lnx64.o/vitis-run --mode hls --csim --config /home/ares/Desktop/CO-Proj/Labs/Lab1/vitis_better/3ip_conv_hls/axil_conv2D/hls-debug.cfg --config /home/ares/Desktop/CO-Proj/Labs/Lab1/vitis_better/3ip_conv_hls/hls_config.cfg --work_dir axil_conv2D 
  Options from -O    : 
  Options from *.ini : 
  Options from Hw Platform : 

==========================================
new:  steps log generated by v++ for new launch 
timestamp: 21 May 2025 15:28:17
------------------------------------------
VITIS-RUN internal step: writing a config file for vitis_hls: /home/ares/Desktop/CO-Proj/Labs/Lab1/vitis_better/3ip_conv_hls/axil_conv2D/hls/config.cmdline
timestamp: 21 May 2025 15:28:17
VITIS-RUN internal step status: success
------------------------------------------
VITIS-RUN internal step: running vitis_hls
timestamp: 21 May 2025 15:28:17
working dir: /home/ares/Desktop/CO-Proj/Labs/Lab1/vitis_better/3ip_conv_hls
cmd: vitis_hls -nolog -run csim -work_dir /home/ares/Desktop/CO-Proj/Labs/Lab1/vitis_better/3ip_conv_hls/axil_conv2D -config /home/ares/Desktop/CO-Proj/Labs/Lab1/vitis_better/3ip_conv_hls/axil_conv2D/hls-debug.cfg -config /home/ares/Desktop/CO-Proj/Labs/Lab1/vitis_better/3ip_conv_hls/hls_config.cfg -cmdlineconfig /home/ares/Desktop/CO-Proj/Labs/Lab1/vitis_better/3ip_conv_hls/axil_conv2D/hls/config.cmdline
VITIS-RUN internal step status: success

------------------------------------------
VITIS-RUN command line :
------------------------------------------
/home/ares/tools/Xilinx/Vitis/2024.1/bin/unwrapped/lnx64.o/vitis-run --mode hls --csim --config /home/ares/Desktop/CO-Proj/Labs/Lab1/vitis_better/3ip_conv_hls/hls_config.cfg --work_dir axil_conv2D 
  Options from -O    : 
  Options from *.ini : 
  Options from Hw Platform : 

==========================================
new:  steps log generated by v++ for new launch 
timestamp: 21 May 2025 15:37:16
------------------------------------------
VITIS-RUN internal step: writing a config file for vitis_hls: /home/ares/Desktop/CO-Proj/Labs/Lab1/vitis_better/3ip_conv_hls/axil_conv2D/hls/config.cmdline
timestamp: 21 May 2025 15:37:16
VITIS-RUN internal step status: success
------------------------------------------
VITIS-RUN internal step: running vitis_hls
timestamp: 21 May 2025 15:37:16
working dir: /home/ares/Desktop/CO-Proj/Labs/Lab1/vitis_better/3ip_conv_hls
cmd: vitis_hls -nolog -run csim -work_dir /home/ares/Desktop/CO-Proj/Labs/Lab1/vitis_better/3ip_conv_hls/axil_conv2D -config /home/ares/Desktop/CO-Proj/Labs/Lab1/vitis_better/3ip_conv_hls/hls_config.cfg -cmdlineconfig /home/ares/Desktop/CO-Proj/Labs/Lab1/vitis_better/3ip_conv_hls/axil_conv2D/hls/config.cmdline
VITIS-RUN internal step status: fail

------------------------------------------
VITIS-RUN command line :
------------------------------------------
/home/ares/tools/Xilinx/Vitis/2024.1/bin/unwrapped/lnx64.o/vitis-run --mode hls --csim --config /home/ares/Desktop/CO-Proj/Labs/Lab1/vitis_better/3ip_conv_hls/hls_config.cfg --work_dir axil_conv2D 
  Options from -O    : 
  Options from *.ini : 
  Options from Hw Platform : 

==========================================
new:  steps log generated by v++ for new launch 
timestamp: 21 May 2025 15:38:46
------------------------------------------
VITIS-RUN internal step: writing a config file for vitis_hls: /home/ares/Desktop/CO-Proj/Labs/Lab1/vitis_better/3ip_conv_hls/axil_conv2D/hls/config.cmdline
timestamp: 21 May 2025 15:38:46
VITIS-RUN internal step status: success
------------------------------------------
VITIS-RUN internal step: running vitis_hls
timestamp: 21 May 2025 15:38:46
working dir: /home/ares/Desktop/CO-Proj/Labs/Lab1/vitis_better/3ip_conv_hls
cmd: vitis_hls -nolog -run csim -work_dir /home/ares/Desktop/CO-Proj/Labs/Lab1/vitis_better/3ip_conv_hls/axil_conv2D -config /home/ares/Desktop/CO-Proj/Labs/Lab1/vitis_better/3ip_conv_hls/hls_config.cfg -cmdlineconfig /home/ares/Desktop/CO-Proj/Labs/Lab1/vitis_better/3ip_conv_hls/axil_conv2D/hls/config.cmdline
VITIS-RUN internal step status: fail

------------------------------------------
VITIS-RUN command line :
------------------------------------------
/home/ares/tools/Xilinx/Vitis/2024.1/bin/unwrapped/lnx64.o/vitis-run --mode hls --csim --config /home/ares/Desktop/CO-Proj/Labs/Lab1/vitis_better/3ip_conv_hls/hls_config.cfg --work_dir axil_conv2D 
  Options from -O    : 
  Options from *.ini : 
  Options from Hw Platform : 

==========================================
new:  steps log generated by v++ for new launch 
timestamp: 21 May 2025 15:40:14
------------------------------------------
VITIS-RUN internal step: writing a config file for vitis_hls: /home/ares/Desktop/CO-Proj/Labs/Lab1/vitis_better/3ip_conv_hls/axil_conv2D/hls/config.cmdline
timestamp: 21 May 2025 15:40:14
VITIS-RUN internal step status: success
------------------------------------------
VITIS-RUN internal step: running vitis_hls
timestamp: 21 May 2025 15:40:14
working dir: /home/ares/Desktop/CO-Proj/Labs/Lab1/vitis_better/3ip_conv_hls
cmd: vitis_hls -nolog -run csim -work_dir /home/ares/Desktop/CO-Proj/Labs/Lab1/vitis_better/3ip_conv_hls/axil_conv2D -config /home/ares/Desktop/CO-Proj/Labs/Lab1/vitis_better/3ip_conv_hls/hls_config.cfg -cmdlineconfig /home/ares/Desktop/CO-Proj/Labs/Lab1/vitis_better/3ip_conv_hls/axil_conv2D/hls/config.cmdline
VITIS-RUN internal step status: success

------------------------------------------
V++ command line :
------------------------------------------
/home/ares/tools/Xilinx/Vitis/2024.1/bin/unwrapped/lnx64.o/v++ -c --mode hls --config /home/ares/Desktop/CO-Proj/Labs/Lab1/vitis_better/3ip_conv_hls/hls_config.cfg --work_dir axil_conv2D 
  Options from -O    : 
  Options from *.ini : 
  Options from Hw Platform : 

==========================================
new:  steps log generated by v++ for new launch 
timestamp: 21 May 2025 15:41:12
------------------------------------------
V++ internal step: writing a config file for vitis_hls: /home/ares/Desktop/CO-Proj/Labs/Lab1/vitis_better/3ip_conv_hls/axil_conv2D/hls/config.cmdline
timestamp: 21 May 2025 15:41:12
V++ internal step status: success
------------------------------------------
V++ internal step: running vitis_hls
timestamp: 21 May 2025 15:41:12
working dir: /home/ares/Desktop/CO-Proj/Labs/Lab1/vitis_better/3ip_conv_hls
cmd: vitis_hls -nolog -run csynth -work_dir /home/ares/Desktop/CO-Proj/Labs/Lab1/vitis_better/3ip_conv_hls/axil_conv2D -config /home/ares/Desktop/CO-Proj/Labs/Lab1/vitis_better/3ip_conv_hls/hls_config.cfg -cmdlineconfig /home/ares/Desktop/CO-Proj/Labs/Lab1/vitis_better/3ip_conv_hls/axil_conv2D/hls/config.cmdline
V++ internal step status: success

------------------------------------------
VITIS-RUN command line :
------------------------------------------
/home/ares/tools/Xilinx/Vitis/2024.1/bin/unwrapped/lnx64.o/vitis-run --mode hls --package --config /home/ares/Desktop/CO-Proj/Labs/Lab1/vitis_better/3ip_conv_hls/hls_config.cfg --work_dir axil_conv2D 
  Options from -O    : 
  Options from *.ini : 
  Options from Hw Platform : 

==========================================
new:  steps log generated by v++ for new launch 
timestamp: 21 May 2025 15:42:02
------------------------------------------
VITIS-RUN internal step: writing a config file for vitis_hls: /home/ares/Desktop/CO-Proj/Labs/Lab1/vitis_better/3ip_conv_hls/axil_conv2D/hls/config.cmdline
timestamp: 21 May 2025 15:42:02
VITIS-RUN internal step status: success
------------------------------------------
VITIS-RUN internal step: running vitis_hls
timestamp: 21 May 2025 15:42:02
working dir: /home/ares/Desktop/CO-Proj/Labs/Lab1/vitis_better/3ip_conv_hls
cmd: vitis_hls -nolog -run package -work_dir /home/ares/Desktop/CO-Proj/Labs/Lab1/vitis_better/3ip_conv_hls/axil_conv2D -config /home/ares/Desktop/CO-Proj/Labs/Lab1/vitis_better/3ip_conv_hls/hls_config.cfg -cmdlineconfig /home/ares/Desktop/CO-Proj/Labs/Lab1/vitis_better/3ip_conv_hls/axil_conv2D/hls/config.cmdline
VITIS-RUN internal step status: success

------------------------------------------
V++ command line :
------------------------------------------
/home/ares/tools/Xilinx/Vitis/2024.1/bin/unwrapped/lnx64.o/v++ -c --mode hls --config /home/ares/Desktop/CO-Proj/Labs/Lab1/vitis_better/3ip_conv_hls/hls_config.cfg --work_dir axil_conv2D 
  Options from -O    : 
  Options from *.ini : 
  Options from Hw Platform : 

==========================================
new:  steps log generated by v++ for new launch 
timestamp: 23 May 2025 12:19:55
------------------------------------------
V++ internal step: writing a config file for vitis_hls: /home/ares/Desktop/CO-Proj/Labs/Lab1/vitis_better/3ip_conv_hls/axil_conv2D/hls/config.cmdline
timestamp: 23 May 2025 12:19:55
V++ internal step status: success
------------------------------------------
V++ internal step: running vitis_hls
timestamp: 23 May 2025 12:19:55
working dir: /home/ares/Desktop/CO-Proj/Labs/Lab1/vitis_better/3ip_conv_hls
cmd: vitis_hls -nolog -run csynth -work_dir /home/ares/Desktop/CO-Proj/Labs/Lab1/vitis_better/3ip_conv_hls/axil_conv2D -config /home/ares/Desktop/CO-Proj/Labs/Lab1/vitis_better/3ip_conv_hls/hls_config.cfg -cmdlineconfig /home/ares/Desktop/CO-Proj/Labs/Lab1/vitis_better/3ip_conv_hls/axil_conv2D/hls/config.cmdline
V++ internal step status: success

------------------------------------------
VITIS-RUN command line :
------------------------------------------
/home/ares/tools/Xilinx/Vitis/2024.1/bin/unwrapped/lnx64.o/vitis-run --mode hls --package --config /home/ares/Desktop/CO-Proj/Labs/Lab1/vitis_better/3ip_conv_hls/hls_config.cfg --work_dir axil_conv2D 
  Options from -O    : 
  Options from *.ini : 
  Options from Hw Platform : 

==========================================
new:  steps log generated by v++ for new launch 
timestamp: 23 May 2025 12:51:55
------------------------------------------
VITIS-RUN internal step: writing a config file for vitis_hls: /home/ares/Desktop/CO-Proj/Labs/Lab1/vitis_better/3ip_conv_hls/axil_conv2D/hls/config.cmdline
timestamp: 23 May 2025 12:51:55
VITIS-RUN internal step status: success
------------------------------------------
VITIS-RUN internal step: running vitis_hls
timestamp: 23 May 2025 12:51:55
working dir: /home/ares/Desktop/CO-Proj/Labs/Lab1/vitis_better/3ip_conv_hls
cmd: vitis_hls -nolog -run package -work_dir /home/ares/Desktop/CO-Proj/Labs/Lab1/vitis_better/3ip_conv_hls/axil_conv2D -config /home/ares/Desktop/CO-Proj/Labs/Lab1/vitis_better/3ip_conv_hls/hls_config.cfg -cmdlineconfig /home/ares/Desktop/CO-Proj/Labs/Lab1/vitis_better/3ip_conv_hls/axil_conv2D/hls/config.cmdline
VITIS-RUN internal step status: success

------------------------------------------
VITIS-RUN command line :
------------------------------------------
/home/ares/tools/Xilinx/Vitis/2024.1/bin/unwrapped/lnx64.o/vitis-run --mode hls --package --config /home/ares/Desktop/CO-Proj/Labs/Lab1/vitis_better/3ip_conv_hls/hls_config.cfg --work_dir axil_conv2D 
  Options from -O    : 
  Options from *.ini : 
  Options from Hw Platform : 

==========================================
new:  steps log generated by v++ for new launch 
timestamp: 23 May 2025 13:18:11
------------------------------------------
VITIS-RUN internal step: writing a config file for vitis_hls: /home/ares/Desktop/CO-Proj/Labs/Lab1/vitis_better/3ip_conv_hls/axil_conv2D/hls/config.cmdline
timestamp: 23 May 2025 13:18:11
VITIS-RUN internal step status: success
------------------------------------------
VITIS-RUN internal step: running vitis_hls
timestamp: 23 May 2025 13:18:11
working dir: /home/ares/Desktop/CO-Proj/Labs/Lab1/vitis_better/3ip_conv_hls
cmd: vitis_hls -nolog -run package -work_dir /home/ares/Desktop/CO-Proj/Labs/Lab1/vitis_better/3ip_conv_hls/axil_conv2D -config /home/ares/Desktop/CO-Proj/Labs/Lab1/vitis_better/3ip_conv_hls/hls_config.cfg -cmdlineconfig /home/ares/Desktop/CO-Proj/Labs/Lab1/vitis_better/3ip_conv_hls/axil_conv2D/hls/config.cmdline
VITIS-RUN internal step status: success

------------------------------------------
VITIS-RUN command line :
------------------------------------------
/home/ares/tools/Xilinx/Vitis/2024.1/bin/unwrapped/lnx64.o/vitis-run --mode hls --impl --config /home/ares/Desktop/CO-Proj/Labs/Lab1/vitis_better/3ip_conv_hls/hls_config.cfg --work_dir axil_conv2D 
  Options from -O    : 
  Options from *.ini : 
  Options from Hw Platform : 

==========================================
new:  steps log generated by v++ for new launch 
timestamp: 23 May 2025 15:52:02
------------------------------------------
VITIS-RUN internal step: writing a config file for vitis_hls: /home/ares/Desktop/CO-Proj/Labs/Lab1/vitis_better/3ip_conv_hls/axil_conv2D/hls/config.cmdline
timestamp: 23 May 2025 15:52:02
VITIS-RUN internal step status: success
------------------------------------------
VITIS-RUN internal step: running vitis_hls
timestamp: 23 May 2025 15:52:02
working dir: /home/ares/Desktop/CO-Proj/Labs/Lab1/vitis_better/3ip_conv_hls
cmd: vitis_hls -nolog -run vivado -work_dir /home/ares/Desktop/CO-Proj/Labs/Lab1/vitis_better/3ip_conv_hls/axil_conv2D -config /home/ares/Desktop/CO-Proj/Labs/Lab1/vitis_better/3ip_conv_hls/hls_config.cfg -cmdlineconfig /home/ares/Desktop/CO-Proj/Labs/Lab1/vitis_better/3ip_conv_hls/axil_conv2D/hls/config.cmdline
VITIS-RUN internal step status: success

------------------------------------------
VITIS-RUN command line :
------------------------------------------
/home/ares/tools/Xilinx/Vitis/2024.1/bin/unwrapped/lnx64.o/vitis-run --mode hls --cosim --config /home/ares/Desktop/CO-Proj/Labs/Lab1/vitis_better/3ip_conv_hls/hls_config.cfg --work_dir axil_conv2D 
  Options from -O    : 
  Options from *.ini : 
  Options from Hw Platform : 

==========================================
new:  steps log generated by v++ for new launch 
timestamp: 25 May 2025 15:21:11
------------------------------------------
VITIS-RUN internal step: writing a config file for vitis_hls: /home/ares/Desktop/CO-Proj/Labs/Lab1/vitis_better/3ip_conv_hls/axil_conv2D/hls/config.cmdline
timestamp: 25 May 2025 15:21:11
VITIS-RUN internal step status: success
------------------------------------------
VITIS-RUN internal step: running vitis_hls
timestamp: 25 May 2025 15:21:11
working dir: /home/ares/Desktop/CO-Proj/Labs/Lab1/vitis_better/3ip_conv_hls
cmd: vitis_hls -nolog -run cosim -work_dir /home/ares/Desktop/CO-Proj/Labs/Lab1/vitis_better/3ip_conv_hls/axil_conv2D -config /home/ares/Desktop/CO-Proj/Labs/Lab1/vitis_better/3ip_conv_hls/hls_config.cfg -cmdlineconfig /home/ares/Desktop/CO-Proj/Labs/Lab1/vitis_better/3ip_conv_hls/axil_conv2D/hls/config.cmdline
VITIS-RUN internal step status: success
