INFO: [v++ 60-1548] Creating build summary session with primary output /home/ares/Desktop/CO-Proj/Labs/Lab1/vitis_better/3ip_conv_hls/axil_conv2D/axil_conv2D.hlscompile_summary, at Tue May 20 18:10:04 2025
INFO: [v++ 82-31] Launching vitis_hls: vitis_hls -nolog -run csynth -work_dir /home/ares/Desktop/CO-Proj/Labs/Lab1/vitis_better/3ip_conv_hls/axil_conv2D -config /home/ares/Desktop/CO-Proj/Labs/Lab1/vitis_better/3ip_conv_hls/hls_config.cfg -cmdlineconfig /home/ares/Desktop/CO-Proj/Labs/Lab1/vitis_better/3ip_conv_hls/axil_conv2D/hls/config.cmdline

****** Vitis HLS - High-Level Synthesis from C, C++ and OpenCL v2024.1.2 (64-bit)
  **** SW Build 5096458 on Sep  5 2024
  **** IP Build 5164407 on Fri Sep  6 08:18:11 MDT 2024
  **** SharedData Build 5164864 on Thu Sep 05 13:09:09 MDT 2024
  **** Start of session at: Tue May 20 18:10:07 2025
    ** Copyright 1986-2022 Xilinx, Inc. All Rights Reserved.
    ** Copyright 2022-2024 Advanced Micro Devices, Inc. All Rights Reserved.

source /home/ares/tools/Xilinx/Vitis_HLS/2024.1/scripts/vitis_hls/hls.tcl -notrace
INFO: [HLS 200-10] For user 'ares' on host 'ares' (Linux_x86_64 version 5.15.0-139-generic) on Tue May 20 18:10:10 WEST 2025
INFO: [HLS 200-10] On os Linux Mint 21.2
INFO: [HLS 200-10] In directory '/home/ares/Desktop/CO-Proj/Labs/Lab1/vitis_better/3ip_conv_hls'
INFO: [HLS 200-2005] Using work_dir /home/ares/Desktop/CO-Proj/Labs/Lab1/vitis_better/3ip_conv_hls/axil_conv2D 
INFO: [HLS 200-1505] Using default flow_target 'vivado'
Resolution: For help on HLS 200-1505 see docs.xilinx.com/access/sources/dita/topic?Doc_Version=2024.1%20English&url=ug1448-hls-guidance&resourceid=200-1505.html
INFO: [HLS 200-1465] Applying ini 'syn.file=/home/ares/Desktop/CO-Proj/Labs/Lab1/lab1_files/hls/axil_conv2D.cpp' from /home/ares/Desktop/CO-Proj/Labs/Lab1/vitis_better/3ip_conv_hls/hls_config.cfg(8)
INFO: [HLS 200-10] Adding design file '/home/ares/Desktop/CO-Proj/Labs/Lab1/lab1_files/hls/axil_conv2D.cpp' to the project
INFO: [HLS 200-1465] Applying ini 'syn.file=/home/ares/Desktop/CO-Proj/Labs/Lab1/lab1_files/hls/axil_conv2D.h' from /home/ares/Desktop/CO-Proj/Labs/Lab1/vitis_better/3ip_conv_hls/hls_config.cfg(9)
INFO: [HLS 200-10] Adding design file '/home/ares/Desktop/CO-Proj/Labs/Lab1/lab1_files/hls/axil_conv2D.h' to the project
INFO: [HLS 200-1465] Applying ini 'tb.file=/home/ares/Desktop/CO-Proj/Labs/Lab1/lab1_files/hls/tb_axil_conv2D.cpp' from /home/ares/Desktop/CO-Proj/Labs/Lab1/vitis_better/3ip_conv_hls/hls_config.cfg(10)
INFO: [HLS 200-10] Adding test bench file '/home/ares/Desktop/CO-Proj/Labs/Lab1/lab1_files/hls/tb_axil_conv2D.cpp' to the project
INFO: [HLS 200-1465] Applying ini 'syn.top=axil_conv2D' from /home/ares/Desktop/CO-Proj/Labs/Lab1/vitis_better/3ip_conv_hls/hls_config.cfg(7)
INFO: [HLS 200-1465] Applying ini 'flow_target=vivado' from /home/ares/Desktop/CO-Proj/Labs/Lab1/vitis_better/3ip_conv_hls/hls_config.cfg(4)
INFO: [HLS 200-1505] Using flow_target 'vivado'
Resolution: For help on HLS 200-1505 see docs.xilinx.com/access/sources/dita/topic?Doc_Version=2024.1%20English&url=ug1448-hls-guidance&resourceid=200-1505.html
INFO: [HLS 200-1465] Applying ini 'part=xc7z010clg400-1' from /home/ares/Desktop/CO-Proj/Labs/Lab1/vitis_better/3ip_conv_hls/hls_config.cfg(1)
INFO: [HLS 200-1611] Setting target device to 'xc7z010-clg400-1'
INFO: [HLS 200-1465] Applying ini 'clock=10ns' from /home/ares/Desktop/CO-Proj/Labs/Lab1/vitis_better/3ip_conv_hls/hls_config.cfg(11)
INFO: [SYN 201-201] Setting up clock 'default' with a period of 10ns.
INFO: [HLS 200-1465] Applying ini 'clock_uncertainty=27%' from /home/ares/Desktop/CO-Proj/Labs/Lab1/vitis_better/3ip_conv_hls/hls_config.cfg(12)
INFO: [SYN 201-201] Setting up clock 'default' with an uncertainty of 2.7ns.
INFO: [HLS 200-1465] Applying ini 'package.output.format=ip_catalog' from /home/ares/Desktop/CO-Proj/Labs/Lab1/vitis_better/3ip_conv_hls/hls_config.cfg(5)
INFO: [HLS 200-111] Finished File checks and directory preparation: CPU user time: 5.09 seconds. CPU system time: 0.4 seconds. Elapsed time: 5.26 seconds; current allocated memory: 257.125 MB.
INFO: [HLS 200-10] Analyzing design file '../../lab1_files/hls/axil_conv2D.cpp' ... 
INFO: [HLS 200-111] Finished Source Code Analysis and Preprocessing: CPU user time: 5.7 seconds. CPU system time: 0.75 seconds. Elapsed time: 9.95 seconds; current allocated memory: 259.168 MB.
INFO: [HLS 200-777] Using interface defaults for 'Vivado' flow target.
INFO: [HLS 200-1995] There were 1,726 instructions in the design after the 'Compile/Link' phase of compilation. See the Design Size Report for more details: /home/ares/Desktop/CO-Proj/Labs/Lab1/vitis_better/3ip_conv_hls/axil_conv2D/hls/syn/report/csynth_design_size.rpt
INFO: [HLS 200-1995] There were 125 instructions in the design after the 'Unroll/Inline (step 1)' phase of compilation. See the Design Size Report for more details: /home/ares/Desktop/CO-Proj/Labs/Lab1/vitis_better/3ip_conv_hls/axil_conv2D/hls/syn/report/csynth_design_size.rpt
INFO: [HLS 200-1995] There were 114 instructions in the design after the 'Unroll/Inline (step 2)' phase of compilation. See the Design Size Report for more details: /home/ares/Desktop/CO-Proj/Labs/Lab1/vitis_better/3ip_conv_hls/axil_conv2D/hls/syn/report/csynth_design_size.rpt
INFO: [HLS 200-1995] There were 108 instructions in the design after the 'Unroll/Inline (step 3)' phase of compilation. See the Design Size Report for more details: /home/ares/Desktop/CO-Proj/Labs/Lab1/vitis_better/3ip_conv_hls/axil_conv2D/hls/syn/report/csynth_design_size.rpt
INFO: [HLS 200-1995] There were 108 instructions in the design after the 'Unroll/Inline (step 4)' phase of compilation. See the Design Size Report for more details: /home/ares/Desktop/CO-Proj/Labs/Lab1/vitis_better/3ip_conv_hls/axil_conv2D/hls/syn/report/csynth_design_size.rpt
INFO: [HLS 200-1995] There were 111 instructions in the design after the 'Array/Struct (step 1)' phase of compilation. See the Design Size Report for more details: /home/ares/Desktop/CO-Proj/Labs/Lab1/vitis_better/3ip_conv_hls/axil_conv2D/hls/syn/report/csynth_design_size.rpt
INFO: [HLS 200-1995] There were 111 instructions in the design after the 'Array/Struct (step 2)' phase of compilation. See the Design Size Report for more details: /home/ares/Desktop/CO-Proj/Labs/Lab1/vitis_better/3ip_conv_hls/axil_conv2D/hls/syn/report/csynth_design_size.rpt
INFO: [HLS 200-1995] There were 111 instructions in the design after the 'Array/Struct (step 3)' phase of compilation. See the Design Size Report for more details: /home/ares/Desktop/CO-Proj/Labs/Lab1/vitis_better/3ip_conv_hls/axil_conv2D/hls/syn/report/csynth_design_size.rpt
INFO: [HLS 200-1995] There were 111 instructions in the design after the 'Array/Struct (step 4)' phase of compilation. See the Design Size Report for more details: /home/ares/Desktop/CO-Proj/Labs/Lab1/vitis_better/3ip_conv_hls/axil_conv2D/hls/syn/report/csynth_design_size.rpt
INFO: [HLS 200-1995] There were 112 instructions in the design after the 'Array/Struct (step 5)' phase of compilation. See the Design Size Report for more details: /home/ares/Desktop/CO-Proj/Labs/Lab1/vitis_better/3ip_conv_hls/axil_conv2D/hls/syn/report/csynth_design_size.rpt
INFO: [HLS 200-1995] There were 112 instructions in the design after the 'Performance (step 1)' phase of compilation. See the Design Size Report for more details: /home/ares/Desktop/CO-Proj/Labs/Lab1/vitis_better/3ip_conv_hls/axil_conv2D/hls/syn/report/csynth_design_size.rpt
INFO: [HLS 200-1995] There were 111 instructions in the design after the 'Performance (step 2)' phase of compilation. See the Design Size Report for more details: /home/ares/Desktop/CO-Proj/Labs/Lab1/vitis_better/3ip_conv_hls/axil_conv2D/hls/syn/report/csynth_design_size.rpt
INFO: [HLS 200-1995] There were 111 instructions in the design after the 'Performance (step 3)' phase of compilation. See the Design Size Report for more details: /home/ares/Desktop/CO-Proj/Labs/Lab1/vitis_better/3ip_conv_hls/axil_conv2D/hls/syn/report/csynth_design_size.rpt
INFO: [HLS 200-1995] There were 111 instructions in the design after the 'Performance (step 4)' phase of compilation. See the Design Size Report for more details: /home/ares/Desktop/CO-Proj/Labs/Lab1/vitis_better/3ip_conv_hls/axil_conv2D/hls/syn/report/csynth_design_size.rpt
INFO: [HLS 200-1995] There were 118 instructions in the design after the 'HW Transforms (step 1)' phase of compilation. See the Design Size Report for more details: /home/ares/Desktop/CO-Proj/Labs/Lab1/vitis_better/3ip_conv_hls/axil_conv2D/hls/syn/report/csynth_design_size.rpt
INFO: [HLS 200-1995] There were 127 instructions in the design after the 'HW Transforms (step 2)' phase of compilation. See the Design Size Report for more details: /home/ares/Desktop/CO-Proj/Labs/Lab1/vitis_better/3ip_conv_hls/axil_conv2D/hls/syn/report/csynth_design_size.rpt
INFO: [HLS 214-291] Loop 'loop_x' is marked as complete unroll implied by the pipeline pragma (../../lab1_files/hls/axil_conv2D.cpp:38:17)
INFO: [HLS 214-186] Unrolling loop 'loop_x' (../../lab1_files/hls/axil_conv2D.cpp:38:17) in function 'axil_conv2D' completely with a factor of 3 (../../lab1_files/hls/axil_conv2D.cpp:15:0)
INFO: [HLS 200-111] Finished Compiling Optimization and Transform: CPU user time: 4.24 seconds. CPU system time: 0.54 seconds. Elapsed time: 10.69 seconds; current allocated memory: 260.812 MB.
INFO: [HLS 200-111] Finished Checking Pragmas: CPU user time: 0 seconds. CPU system time: 0 seconds. Elapsed time: 0 seconds; current allocated memory: 260.812 MB.
INFO: [HLS 200-10] Starting code transformations ...
INFO: [HLS 200-111] Finished Standard Transforms: CPU user time: 0.03 seconds. CPU system time: 0.01 seconds. Elapsed time: 0.36 seconds; current allocated memory: 260.953 MB.
INFO: [HLS 200-10] Checking synthesizability ...
INFO: [HLS 200-111] Finished Checking Synthesizability: CPU user time: 0.02 seconds. CPU system time: 0 seconds. Elapsed time: 0.04 seconds; current allocated memory: 261.055 MB.
INFO: [XFORM 203-401] Performing if-conversion on hyperblock from (../../lab1_files/hls/axil_conv2D.cpp:45:21) to (../../lab1_files/hls/axil_conv2D.cpp:26:9) in function 'axil_conv2D'... converting 3 basic blocks.
INFO: [XFORM 203-11] Balancing expressions in function 'axil_conv2D' (../../lab1_files/hls/axil_conv2D.cpp:12:13)...3 expression(s) balanced.
INFO: [HLS 200-111] Finished Loop, function and other optimizations: CPU user time: 0.07 seconds. CPU system time: 0.02 seconds. Elapsed time: 0.17 seconds; current allocated memory: 283.742 MB.
INFO: [HLS 200-2061] Successfully converted nested loops 'loop_j'(../../lab1_files/hls/axil_conv2D.cpp:26:9) and 'loop_k'(../../lab1_files/hls/axil_conv2D.cpp:31:13) in function 'axil_conv2D' into perfectly nested loops.
INFO: [HLS 200-2061] Successfully converted nested loops 'loop_i'(../../lab1_files/hls/axil_conv2D.cpp:24:5) and 'loop_j'(../../lab1_files/hls/axil_conv2D.cpp:26:9) in function 'axil_conv2D' into perfectly nested loops.
INFO: [XFORM 203-541] Flattening a loop nest 'loop_j' (../../lab1_files/hls/axil_conv2D.cpp:26:9) in function 'axil_conv2D'.
INFO: [XFORM 203-541] Flattening a loop nest 'loop_i' (../../lab1_files/hls/axil_conv2D.cpp:24:5) in function 'axil_conv2D'.
INFO: [HLS 200-111] Finished Architecture Synthesis: CPU user time: 0.08 seconds. CPU system time: 0 seconds. Elapsed time: 0.15 seconds; current allocated memory: 283.742 MB.
INFO: [HLS 200-10] Starting hardware synthesis ...
INFO: [HLS 200-10] Synthesizing 'axil_conv2D' ...
INFO: [HLS 200-10] ----------------------------------------------------------------
INFO: [HLS 200-42] -- Implementing module 'axil_conv2D' 
INFO: [HLS 200-10] ----------------------------------------------------------------
INFO: [SCHED 204-11] Starting scheduling ...
INFO: [HLS 200-486] Changing DSP latency (root=add_ln52) to 3 in order to utilize available DSP registers.
INFO: [HLS 200-486] Changing DSP latency (root=add_ln40_1) to 3 in order to utilize available DSP registers.
INFO: [HLS 200-486] Changing DSP latency (root=add_ln40) to 3 in order to utilize available DSP registers.
INFO: [HLS 200-486] Changing DSP latency (root=image_1d_idx) to 3 in order to utilize available DSP registers.
INFO: [SCHED 204-61] Pipelining loop 'loop_i_loop_j_loop_k'.
WARNING: [HLS 200-885] The II Violation in module 'axil_conv2D' (loop 'loop_i_loop_j_loop_k'): Unable to schedule 'load' operation 32 bit ('image_in_load_2', ../../lab1_files/hls/axil_conv2D.cpp:40) on array 'image_in' due to limited memory ports (II = 1). Please consider using a memory core with more ports or partitioning the array 'image_in'.
Resolution: For help on HLS 200-885 see docs.xilinx.com/access/sources/dita/topic?Doc_Version=2024.1%20English&url=ug1448-hls-guidance&resourceid=200-885.html
WARNING: [HLS 200-885] The II Violation in module 'axil_conv2D' (loop 'loop_i_loop_j_loop_k'): Unable to schedule 'load' operation 8 bit ('weights_load', ../../lab1_files/hls/axil_conv2D.cpp:40) on array 'weights' due to limited memory ports (II = 2). Please consider using a memory core with more ports or partitioning the array 'weights'.
Resolution: For help on HLS 200-885 see docs.xilinx.com/access/sources/dita/topic?Doc_Version=2024.1%20English&url=ug1448-hls-guidance&resourceid=200-885.html
INFO: [HLS 200-1470] Pipelining result : Target II = NA, Final II = 3, Depth = 13, loop 'loop_i_loop_j_loop_k'
INFO: [SCHED 204-11] Finished scheduling.
INFO: [HLS 200-111] Finished Scheduling: CPU user time: 0.25 seconds. CPU system time: 0.03 seconds. Elapsed time: 0.43 seconds; current allocated memory: 283.742 MB.
INFO: [BIND 205-100] Starting micro-architecture generation ...
INFO: [BIND 205-101] Performing variable lifetime analysis.
INFO: [BIND 205-101] Exploring resource sharing.
INFO: [BIND 205-101] Binding ...
INFO: [BIND 205-100] Finished micro-architecture generation.
INFO: [HLS 200-111] Finished Binding: CPU user time: 0.04 seconds. CPU system time: 0.01 seconds. Elapsed time: 0.07 seconds; current allocated memory: 283.742 MB.
INFO: [HLS 200-10] ----------------------------------------------------------------
INFO: [HLS 200-10] -- Generating RTL for module 'axil_conv2D' 
INFO: [HLS 200-10] ----------------------------------------------------------------
WARNING: [RTGEN 206-101] Design contains AXI ports. Reset is fixed to synchronous and active low.
INFO: [RTGEN 206-500] Setting interface mode on port 'axil_conv2D/image_in' to 's_axilite & ap_memory'.
INFO: [RTGEN 206-500] Setting interface mode on port 'axil_conv2D/image_out' to 's_axilite & ap_memory'.
INFO: [RTGEN 206-500] Setting interface mode on port 'axil_conv2D/weights' to 's_axilite & ap_memory'.
INFO: [RTGEN 206-500] Setting interface mode on port 'axil_conv2D/bias' to 's_axilite & ap_none'.
INFO: [RTGEN 206-500] Setting interface mode on function 'axil_conv2D' to 's_axilite & ap_ctrl_hs'.
INFO: [HLS 200-1030] Apply Unified Pipeline Control on module 'axil_conv2D' pipeline 'loop_i_loop_j_loop_k' pipeline type 'loop pipeline'
INFO: [RTGEN 206-100] Bundling port 'weights', 'bias', 'image_in', 'image_out' to AXI-Lite port BUS1.
INFO: [RTGEN 206-100] Generating core module 'ama_addmuladd_2ns_7ns_7ns_7ns_13_4_1': 1 instance(s).
INFO: [RTGEN 206-100] Generating core module 'mac_muladd_7ns_7ns_7ns_13_4_1': 1 instance(s).
INFO: [RTGEN 206-100] Generating core module 'mac_muladd_8s_8s_16s_17_4_1': 1 instance(s).
INFO: [RTGEN 206-100] Generating core module 'mac_muladd_8s_8s_17s_17_4_1': 1 instance(s).
INFO: [RTGEN 206-100] Generating core module 'mul_8s_8s_16_1_1': 1 instance(s).
INFO: [RTGEN 206-100] Finished creating RTL model for 'axil_conv2D'.
INFO: [HLS 200-111] Finished Creating RTL model: CPU user time: 0.11 seconds. CPU system time: 0 seconds. Elapsed time: 0.23 seconds; current allocated memory: 283.742 MB.
INFO: [HLS 200-111] Finished Generating all RTL models: CPU user time: 0.38 seconds. CPU system time: 0.03 seconds. Elapsed time: 0.48 seconds; current allocated memory: 283.742 MB.
INFO: [HLS 200-111] Finished Updating report files: CPU user time: 0.47 seconds. CPU system time: 0.03 seconds. Elapsed time: 0.52 seconds; current allocated memory: 284.312 MB.
INFO: [VHDL 208-304] Generating VHDL RTL for axil_conv2D.
INFO: [VLOG 209-307] Generating Verilog RTL for axil_conv2D.
INFO: [HLS 200-790] **** Loop Constraint Status: All loop constraints were NOT satisfied.
INFO: [HLS 200-789] **** Estimated Fmax: 148.85 MHz
INFO: [HLS 200-112] Total CPU user time: 16.5 seconds. Total CPU system time: 1.82 seconds. Total elapsed time: 28.38 seconds; peak allocated memory: 284.340 MB.
INFO: [v++ 60-791] Total elapsed time: 0h 0m 34s
