Copyright 1986-2022 Xilinx, Inc. All Rights Reserved. Copyright 2022-2024 Advanced Micro Devices, Inc. All Rights Reserved.
---------------------------------------------------------------------------------------------------------------------------------------------
| Tool Version : Vivado v.2024.1.2 (lin64) Build 5164865 Thu Sep  5 14:36:28 MDT 2024
| Date         : Fri May 23 14:24:20 2025
| Host         : ares running 64-bit Linux Mint 21.2
| Command      : report_control_sets -verbose -file ip_3_wrapper_control_sets_placed.rpt
| Design       : ip_3_wrapper
| Device       : xc7z010
---------------------------------------------------------------------------------------------------------------------------------------------

Control Set Information

Table of Contents
-----------------
1. Summary
2. Histogram
3. Flip-Flop Distribution
4. Detailed Control Set Information

1. Summary
----------

+----------------------------------------------------------+-------+
|                          Status                          | Count |
+----------------------------------------------------------+-------+
| Total control sets                                       |    99 |
|    Minimum number of control sets                        |    99 |
|    Addition due to synthesis replication                 |     0 |
|    Addition due to physical synthesis replication        |     0 |
| Unused register locations in slices containing registers |   209 |
+----------------------------------------------------------+-------+
* Control sets can be merged at opt_design using control_set_merge or merge_equivalent_drivers
** Run report_qor_suggestions for automated merging and remapping suggestions


2. Histogram
------------

+--------------------+-------+
|       Fanout       | Count |
+--------------------+-------+
| Total control sets |    99 |
| >= 0 to < 4        |     2 |
| >= 4 to < 6        |     9 |
| >= 6 to < 8        |    10 |
| >= 8 to < 10       |     1 |
| >= 10 to < 12      |     4 |
| >= 12 to < 14      |    12 |
| >= 14 to < 16      |     3 |
| >= 16              |    58 |
+--------------------+-------+
* Control sets can be remapped at either synth_design or opt_design


3. Flip-Flop Distribution
-------------------------

+--------------+-----------------------+------------------------+-----------------+--------------+
| Clock Enable | Synchronous Set/Reset | Asynchronous Set/Reset | Total Registers | Total Slices |
+--------------+-----------------------+------------------------+-----------------+--------------+
| No           | No                    | No                     |             157 |           54 |
| No           | No                    | Yes                    |               0 |            0 |
| No           | Yes                   | No                     |             152 |           63 |
| Yes          | No                    | No                     |            1264 |          386 |
| Yes          | No                    | Yes                    |               0 |            0 |
| Yes          | Yes                   | No                     |             258 |           63 |
+--------------+-----------------------+------------------------+-----------------+--------------+


4. Detailed Control Set Information
-----------------------------------

+---------------------------------------------+------------------------------------------------------------------------------------------------------------------------------------------------------------------------+---------------------------------------------------------------------------------------------------------------------------------------------------+------------------+----------------+--------------+
|                 Clock Signal                |                                                                              Enable Signal                                                                             |                                                                  Set/Reset Signal                                                                 | Slice Load Count | Bel Load Count | Bels / Slice |
+---------------------------------------------+------------------------------------------------------------------------------------------------------------------------------------------------------------------------+---------------------------------------------------------------------------------------------------------------------------------------------------+------------------+----------------+--------------+
|  ip_3_i/processing_system7_0/inst/FCLK_CLK0 | ip_3_i/ps7_0_axi_periph/s00_couplers/auto_pc/inst/gen_axilite.gen_b2s_conv.axilite_b2s/WR.aw_channel_0/aw_cmd_fsm_0/FSM_sequential_state_reg[0]_1                      | ip_3_i/ps7_0_axi_periph/s00_couplers/auto_pc/inst/gen_axilite.gen_b2s_conv.axilite_b2s/WR.aw_channel_0/aw_cmd_fsm_0/FSM_sequential_state_reg[0]_0 |                1 |              1 |         1.00 |
|  ip_3_i/processing_system7_0/inst/FCLK_CLK0 | ip_3_i/ps7_0_axi_periph/s00_couplers/auto_pc/inst/gen_axilite.gen_b2s_conv.axilite_b2s/WR.b_channel_0/bid_fifo_0/sel                                                   |                                                                                                                                                   |                1 |              2 |         2.00 |
|  ip_3_i/processing_system7_0/inst/FCLK_CLK0 | ip_3_i/axil_conv2D_0/U0/grp_axil_conv2D_Pipeline_loop_k_fu_141/ap_CS_fsm_pp0_stage2                                                                                    |                                                                                                                                                   |                2 |              4 |         2.00 |
|  ip_3_i/processing_system7_0/inst/FCLK_CLK0 | ip_3_i/axil_conv2D_1/U0/grp_axil_conv2D_Pipeline_loop_k_fu_141/ap_CS_fsm_pp0_stage2                                                                                    |                                                                                                                                                   |                3 |              4 |         1.33 |
|  ip_3_i/processing_system7_0/inst/FCLK_CLK0 |                                                                                                                                                                        | ip_3_i/rst_ps7_0_100M/U0/EXT_LPF/lpf_int                                                                                                          |                2 |              4 |         2.00 |
|  ip_3_i/processing_system7_0/inst/FCLK_CLK0 | ip_3_i/ps7_0_axi_periph/s00_couplers/auto_pc/inst/gen_axilite.gen_b2s_conv.axilite_b2s/RD.ar_channel_0/ar_cmd_fsm_0/m_axi_arready_2                                    | ip_3_i/ps7_0_axi_periph/s00_couplers/auto_pc/inst/gen_axilite.gen_b2s_conv.axilite_b2s/RD.ar_channel_0/ar_cmd_fsm_0/FSM_sequential_state_reg[1]_0 |                2 |              4 |         2.00 |
|  ip_3_i/processing_system7_0/inst/FCLK_CLK0 |                                                                                                                                                                        | ip_3_i/ps7_0_axi_periph/s00_couplers/auto_pc/inst/gen_axilite.gen_b2s_conv.axilite_b2s/SI_REG/aw.aw_pipe/aresetn_d_reg[0]_0                       |                1 |              4 |         4.00 |
|  ip_3_i/processing_system7_0/inst/FCLK_CLK0 |                                                                                                                                                                        | ip_3_i/ps7_0_axi_periph/s00_couplers/auto_pc/inst/gen_axilite.gen_b2s_conv.axilite_b2s/SI_REG/aw.aw_pipe/aresetn_d_reg[1]_inv_0                   |                3 |              4 |         1.33 |
|  ip_3_i/processing_system7_0/inst/FCLK_CLK0 | ip_3_i/axil_conv2D_2/U0/grp_axil_conv2D_Pipeline_loop_k_fu_141/ap_CS_fsm_pp0_stage2                                                                                    |                                                                                                                                                   |                3 |              4 |         1.33 |
|  ip_3_i/processing_system7_0/inst/FCLK_CLK0 | ip_3_i/ps7_0_axi_periph/s00_couplers/auto_pc/inst/gen_axilite.gen_b2s_conv.axilite_b2s/RD.r_channel_0/rd_data_fifo_0/cnt_read[4]_i_1__0_n_0                            | ip_3_i/ps7_0_axi_periph/s00_couplers/auto_pc/inst/gen_axilite.gen_b2s_conv.axilite_b2s/areset_d1                                                  |                2 |              5 |         2.50 |
|  ip_3_i/processing_system7_0/inst/FCLK_CLK0 | ip_3_i/ps7_0_axi_periph/s00_couplers/auto_pc/inst/gen_axilite.gen_b2s_conv.axilite_b2s/RD.r_channel_0/transaction_fifo_0/cnt_read[4]_i_1_n_0                           | ip_3_i/ps7_0_axi_periph/s00_couplers/auto_pc/inst/gen_axilite.gen_b2s_conv.axilite_b2s/areset_d1                                                  |                1 |              5 |         5.00 |
|  ip_3_i/processing_system7_0/inst/FCLK_CLK0 | ip_3_i/axil_conv2D_2/U0/grp_axil_conv2D_Pipeline_loop_k_fu_141/ap_CS_fsm_reg[0]_0[0]                                                                                   |                                                                                                                                                   |                3 |              6 |         2.00 |
|  ip_3_i/processing_system7_0/inst/FCLK_CLK0 | ip_3_i/axil_conv2D_2/U0/grp_axil_conv2D_Pipeline_loop_k_fu_141/ap_CS_fsm_pp0_stage1                                                                                    |                                                                                                                                                   |                2 |              6 |         3.00 |
|  ip_3_i/processing_system7_0/inst/FCLK_CLK0 | ip_3_i/axil_conv2D_0/U0/grp_axil_conv2D_Pipeline_loop_k_fu_141/ap_CS_fsm_pp0_stage1                                                                                    |                                                                                                                                                   |                2 |              6 |         3.00 |
|  ip_3_i/processing_system7_0/inst/FCLK_CLK0 | ip_3_i/axil_conv2D_0/U0/grp_axil_conv2D_Pipeline_loop_k_fu_141/ap_CS_fsm_reg[0]_0[0]                                                                                   |                                                                                                                                                   |                2 |              6 |         3.00 |
|  ip_3_i/processing_system7_0/inst/FCLK_CLK0 | ip_3_i/rst_ps7_0_100M/U0/SEQ/seq_cnt_en                                                                                                                                | ip_3_i/rst_ps7_0_100M/U0/SEQ/SEQ_COUNTER/clear                                                                                                    |                1 |              6 |         6.00 |
|  ip_3_i/processing_system7_0/inst/FCLK_CLK0 | ip_3_i/axil_conv2D_1/U0/grp_axil_conv2D_Pipeline_loop_k_fu_141/ap_CS_fsm_reg[0]_0[0]                                                                                   |                                                                                                                                                   |                3 |              6 |         2.00 |
|  ip_3_i/processing_system7_0/inst/FCLK_CLK0 | ip_3_i/axil_conv2D_1/U0/grp_axil_conv2D_Pipeline_loop_k_fu_141/ap_CS_fsm_pp0_stage1                                                                                    |                                                                                                                                                   |                3 |              6 |         2.00 |
|  ip_3_i/processing_system7_0/inst/FCLK_CLK0 | ip_3_i/axil_conv2D_1/U0/ap_CS_fsm_state7                                                                                                                               | ip_3_i/axil_conv2D_1/U0/j_reg_129                                                                                                                 |                2 |              7 |         3.50 |
|  ip_3_i/processing_system7_0/inst/FCLK_CLK0 | ip_3_i/axil_conv2D_0/U0/ap_CS_fsm_state7                                                                                                                               | ip_3_i/axil_conv2D_0/U0/j_reg_129                                                                                                                 |                2 |              7 |         3.50 |
|  ip_3_i/processing_system7_0/inst/FCLK_CLK0 | ip_3_i/axil_conv2D_2/U0/ap_CS_fsm_state7                                                                                                                               | ip_3_i/axil_conv2D_2/U0/j_reg_129                                                                                                                 |                1 |              7 |         7.00 |
|  ip_3_i/processing_system7_0/inst/FCLK_CLK0 | ip_3_i/ps7_0_axi_periph/s00_couplers/auto_pc/inst/gen_axilite.gen_b2s_conv.axilite_b2s/WR.b_channel_0/mhandshake_r                                                     | ip_3_i/ps7_0_axi_periph/s00_couplers/auto_pc/inst/gen_axilite.gen_b2s_conv.axilite_b2s/WR.b_channel_0/bid_fifo_0/SR[0]                            |                3 |              8 |         2.67 |
|  ip_3_i/processing_system7_0/inst/FCLK_CLK0 |                                                                                                                                                                        | ip_3_i/ps7_0_axi_periph/s00_couplers/auto_pc/inst/gen_axilite.gen_b2s_conv.axilite_b2s/areset_d1                                                  |                4 |             10 |         2.50 |
|  ip_3_i/processing_system7_0/inst/FCLK_CLK0 | ip_3_i/axil_conv2D_2/U0/ap_CS_fsm_state4                                                                                                                               |                                                                                                                                                   |                3 |             11 |         3.67 |
|  ip_3_i/processing_system7_0/inst/FCLK_CLK0 | ip_3_i/axil_conv2D_0/U0/ap_CS_fsm_state4                                                                                                                               |                                                                                                                                                   |                4 |             11 |         2.75 |
|  ip_3_i/processing_system7_0/inst/FCLK_CLK0 | ip_3_i/axil_conv2D_1/U0/ap_CS_fsm_state4                                                                                                                               |                                                                                                                                                   |                3 |             11 |         3.67 |
|  ip_3_i/processing_system7_0/inst/FCLK_CLK0 | ip_3_i/ps7_0_axi_periph/s00_couplers/auto_pc/inst/gen_axilite.gen_b2s_conv.axilite_b2s/RD.ar_channel_0/ar_cmd_fsm_0/E[0]                                               |                                                                                                                                                   |                4 |             12 |         3.00 |
|  ip_3_i/processing_system7_0/inst/FCLK_CLK0 | ip_3_i/ps7_0_axi_periph/s00_couplers/auto_pc/inst/gen_axilite.gen_b2s_conv.axilite_b2s/RD.ar_channel_0/ar_cmd_fsm_0/sel_first_reg[0]                                   |                                                                                                                                                   |                3 |             12 |         4.00 |
|  ip_3_i/processing_system7_0/inst/FCLK_CLK0 | ip_3_i/ps7_0_axi_periph/s00_couplers/auto_pc/inst/gen_axilite.gen_b2s_conv.axilite_b2s/WR.aw_channel_0/cmd_translator_0/incr_cmd_0/axaddr_incr[11]_i_1_n_0             |                                                                                                                                                   |                3 |             12 |         4.00 |
|  ip_3_i/processing_system7_0/inst/FCLK_CLK0 | ip_3_i/ps7_0_axi_periph/s00_couplers/auto_pc/inst/gen_axilite.gen_b2s_conv.axilite_b2s/WR.aw_channel_0/aw_cmd_fsm_0/m_valid_i_reg[0]                                   |                                                                                                                                                   |                7 |             12 |         1.71 |
|  ip_3_i/processing_system7_0/inst/FCLK_CLK0 | ip_3_i/axil_conv2D_2/U0/BUS1_s_axi_U/aw_hs                                                                                                                             |                                                                                                                                                   |                4 |             13 |         3.25 |
|  ip_3_i/processing_system7_0/inst/FCLK_CLK0 | ip_3_i/axil_conv2D_0/U0/BUS1_s_axi_U/aw_hs                                                                                                                             |                                                                                                                                                   |                3 |             13 |         4.33 |
|  ip_3_i/processing_system7_0/inst/FCLK_CLK0 |                                                                                                                                                                        | ip_3_i/ps7_0_axi_periph/xbar/inst/gen_sasd.crossbar_sasd_0/addr_arbiter_inst/SR[0]                                                                |                5 |             13 |         2.60 |
|  ip_3_i/processing_system7_0/inst/FCLK_CLK0 | ip_3_i/axil_conv2D_1/U0/grp_axil_conv2D_Pipeline_loop_k_fu_141/image_1d_idx_reg_5010                                                                                   |                                                                                                                                                   |                4 |             13 |         3.25 |
|  ip_3_i/processing_system7_0/inst/FCLK_CLK0 | ip_3_i/axil_conv2D_0/U0/grp_axil_conv2D_Pipeline_loop_k_fu_141/image_1d_idx_reg_5010                                                                                   |                                                                                                                                                   |                4 |             13 |         3.25 |
|  ip_3_i/processing_system7_0/inst/FCLK_CLK0 | ip_3_i/ps7_0_axi_periph/s00_couplers/auto_pc/inst/gen_axilite.gen_b2s_conv.axilite_b2s/RD.r_channel_0/r_push_r                                                         |                                                                                                                                                   |                4 |             13 |         3.25 |
|  ip_3_i/processing_system7_0/inst/FCLK_CLK0 | ip_3_i/axil_conv2D_2/U0/grp_axil_conv2D_Pipeline_loop_k_fu_141/image_1d_idx_reg_5010                                                                                   |                                                                                                                                                   |                4 |             13 |         3.25 |
|  ip_3_i/processing_system7_0/inst/FCLK_CLK0 | ip_3_i/axil_conv2D_1/U0/BUS1_s_axi_U/aw_hs                                                                                                                             |                                                                                                                                                   |                5 |             13 |         2.60 |
|  ip_3_i/processing_system7_0/inst/FCLK_CLK0 | ip_3_i/ps7_0_axi_periph/s00_couplers/auto_pc/inst/gen_axilite.gen_b2s_conv.axilite_b2s/SI_REG/b.b_pipe/p_1_in                                                          |                                                                                                                                                   |                3 |             14 |         4.67 |
|  ip_3_i/processing_system7_0/inst/FCLK_CLK0 | ip_3_i/ps7_0_axi_periph/s00_couplers/auto_pc/inst/gen_axilite.gen_b2s_conv.axilite_b2s/SI_REG/b.b_pipe/s_ready_i_reg_0                                                 |                                                                                                                                                   |                3 |             14 |         4.67 |
|  ip_3_i/processing_system7_0/inst/FCLK_CLK0 | ip_3_i/ps7_0_axi_periph/xbar/inst/gen_sasd.crossbar_sasd_0/reg_slice_r/aa_rready                                                                                       |                                                                                                                                                   |                6 |             15 |         2.50 |
|  ip_3_i/processing_system7_0/inst/FCLK_CLK0 | ip_3_i/axil_conv2D_0/U0/BUS1_s_axi_U/int_weights/p_0_in0_out[8]                                                                                                        |                                                                                                                                                   |                2 |             16 |         8.00 |
|  ip_3_i/processing_system7_0/inst/FCLK_CLK0 | ip_3_i/ps7_0_axi_periph/s00_couplers/auto_pc/inst/gen_axilite.gen_b2s_conv.axilite_b2s/WR.aw_channel_0/aw_cmd_fsm_0/m_axi_awready_0                                    |                                                                                                                                                   |                3 |             16 |         5.33 |
|  ip_3_i/processing_system7_0/inst/FCLK_CLK0 | ip_3_i/axil_conv2D_1/U0/BUS1_s_axi_U/int_weights/p_0_in0_out[16]                                                                                                       |                                                                                                                                                   |                2 |             16 |         8.00 |
|  ip_3_i/processing_system7_0/inst/FCLK_CLK0 | ip_3_i/axil_conv2D_1/U0/BUS1_s_axi_U/int_weights/p_0_in0_out[8]                                                                                                        |                                                                                                                                                   |                2 |             16 |         8.00 |
|  ip_3_i/processing_system7_0/inst/FCLK_CLK0 | ip_3_i/axil_conv2D_1/U0/BUS1_s_axi_U/int_weights/p_0_in0_out[0]                                                                                                        |                                                                                                                                                   |                2 |             16 |         8.00 |
|  ip_3_i/processing_system7_0/inst/FCLK_CLK0 | ip_3_i/axil_conv2D_1/U0/BUS1_s_axi_U/int_weights/p_0_in0_out[24]                                                                                                       |                                                                                                                                                   |                2 |             16 |         8.00 |
|  ip_3_i/processing_system7_0/inst/FCLK_CLK0 | ip_3_i/axil_conv2D_0/U0/BUS1_s_axi_U/int_weights/p_0_in0_out[24]                                                                                                       |                                                                                                                                                   |                2 |             16 |         8.00 |
|  ip_3_i/processing_system7_0/inst/FCLK_CLK0 | ip_3_i/axil_conv2D_0/U0/BUS1_s_axi_U/int_weights/p_0_in0_out[16]                                                                                                       |                                                                                                                                                   |                2 |             16 |         8.00 |
|  ip_3_i/processing_system7_0/inst/FCLK_CLK0 | ip_3_i/axil_conv2D_0/U0/BUS1_s_axi_U/int_weights/p_0_in0_out[0]                                                                                                        |                                                                                                                                                   |                2 |             16 |         8.00 |
|  ip_3_i/processing_system7_0/inst/FCLK_CLK0 | ip_3_i/axil_conv2D_2/U0/BUS1_s_axi_U/int_weights/p_0_in0_out[16]                                                                                                       |                                                                                                                                                   |                2 |             16 |         8.00 |
|  ip_3_i/processing_system7_0/inst/FCLK_CLK0 | ip_3_i/axil_conv2D_2/U0/BUS1_s_axi_U/int_weights/p_0_in0_out[24]                                                                                                       |                                                                                                                                                   |                2 |             16 |         8.00 |
|  ip_3_i/processing_system7_0/inst/FCLK_CLK0 | ip_3_i/axil_conv2D_2/U0/BUS1_s_axi_U/int_weights/p_0_in0_out[8]                                                                                                        |                                                                                                                                                   |                2 |             16 |         8.00 |
|  ip_3_i/processing_system7_0/inst/FCLK_CLK0 | ip_3_i/axil_conv2D_2/U0/BUS1_s_axi_U/int_weights/p_0_in0_out[0]                                                                                                        |                                                                                                                                                   |                2 |             16 |         8.00 |
|  ip_3_i/processing_system7_0/inst/FCLK_CLK0 | ip_3_i/axil_conv2D_2/U0/ap_CS_fsm_state3                                                                                                                               |                                                                                                                                                   |                6 |             20 |         3.33 |
|  ip_3_i/processing_system7_0/inst/FCLK_CLK0 | ip_3_i/axil_conv2D_1/U0/ap_CS_fsm_state3                                                                                                                               |                                                                                                                                                   |                8 |             20 |         2.50 |
|  ip_3_i/processing_system7_0/inst/FCLK_CLK0 | ip_3_i/axil_conv2D_0/U0/ap_CS_fsm_state3                                                                                                                               |                                                                                                                                                   |                8 |             20 |         2.50 |
|  ip_3_i/processing_system7_0/inst/FCLK_CLK0 | ip_3_i/axil_conv2D_1/U0/ap_CS_fsm_state1                                                                                                                               |                                                                                                                                                   |                8 |             21 |         2.62 |
|  ip_3_i/processing_system7_0/inst/FCLK_CLK0 | ip_3_i/axil_conv2D_1/U0/grp_axil_conv2D_Pipeline_loop_k_fu_141/flow_control_loop_pipe_sequential_init_U/grp_axil_conv2D_Pipeline_loop_k_fu_141_ap_start_reg_reg_0      |                                                                                                                                                   |                6 |             21 |         3.50 |
|  ip_3_i/processing_system7_0/inst/FCLK_CLK0 | ip_3_i/axil_conv2D_0/U0/grp_axil_conv2D_Pipeline_loop_k_fu_141/flow_control_loop_pipe_sequential_init_U/grp_axil_conv2D_Pipeline_loop_k_fu_141_ap_start_reg_reg_0      |                                                                                                                                                   |                6 |             21 |         3.50 |
|  ip_3_i/processing_system7_0/inst/FCLK_CLK0 | ip_3_i/axil_conv2D_2/U0/ap_CS_fsm_state1                                                                                                                               |                                                                                                                                                   |                4 |             21 |         5.25 |
|  ip_3_i/processing_system7_0/inst/FCLK_CLK0 | ip_3_i/ps7_0_axi_periph/s00_couplers/auto_pc/inst/gen_axilite.gen_b2s_conv.axilite_b2s/RD.ar_channel_0/ar_cmd_fsm_0/m_axi_arready_2                                    |                                                                                                                                                   |                8 |             21 |         2.62 |
|  ip_3_i/processing_system7_0/inst/FCLK_CLK0 | ip_3_i/axil_conv2D_0/U0/ap_CS_fsm_state1                                                                                                                               |                                                                                                                                                   |                6 |             21 |         3.50 |
|  ip_3_i/processing_system7_0/inst/FCLK_CLK0 | ip_3_i/axil_conv2D_2/U0/grp_axil_conv2D_Pipeline_loop_k_fu_141/flow_control_loop_pipe_sequential_init_U/grp_axil_conv2D_Pipeline_loop_k_fu_141_ap_start_reg_reg_0      |                                                                                                                                                   |                6 |             21 |         3.50 |
|  ip_3_i/processing_system7_0/inst/FCLK_CLK0 | ip_3_i/axil_conv2D_0/U0/ap_CS_fsm_state2                                                                                                                               |                                                                                                                                                   |                7 |             22 |         3.14 |
|  ip_3_i/processing_system7_0/inst/FCLK_CLK0 | ip_3_i/axil_conv2D_2/U0/ap_CS_fsm_state2                                                                                                                               |                                                                                                                                                   |                6 |             22 |         3.67 |
|  ip_3_i/processing_system7_0/inst/FCLK_CLK0 | ip_3_i/axil_conv2D_1/U0/ap_CS_fsm_state2                                                                                                                               |                                                                                                                                                   |                6 |             22 |         3.67 |
|  ip_3_i/processing_system7_0/inst/FCLK_CLK0 | ip_3_i/ps7_0_axi_periph/s00_couplers/auto_pc/inst/gen_axilite.gen_b2s_conv.axilite_b2s/WR.aw_channel_0/aw_cmd_fsm_0/FSM_sequential_state_reg[0]_1                      |                                                                                                                                                   |               10 |             24 |         2.40 |
|  ip_3_i/processing_system7_0/inst/FCLK_CLK0 | ip_3_i/axil_conv2D_1/U0/grp_axil_conv2D_Pipeline_loop_k_fu_141/ama_addmuladd_2ns_7ns_7ns_7ns_13_4_1_U2/axil_conv2D_ama_addmuladd_2ns_7ns_7ns_7ns_13_4_1_DSP48_0_U/E[0] | ip_3_i/axil_conv2D_1/U0/BUS1_s_axi_U/SR[0]                                                                                                        |                6 |             27 |         4.50 |
|  ip_3_i/processing_system7_0/inst/FCLK_CLK0 | ip_3_i/axil_conv2D_0/U0/grp_axil_conv2D_Pipeline_loop_k_fu_141/ama_addmuladd_2ns_7ns_7ns_7ns_13_4_1_U2/axil_conv2D_ama_addmuladd_2ns_7ns_7ns_7ns_13_4_1_DSP48_0_U/E[0] | ip_3_i/axil_conv2D_0/U0/BUS1_s_axi_U/SR[0]                                                                                                        |                8 |             27 |         3.38 |
|  ip_3_i/processing_system7_0/inst/FCLK_CLK0 | ip_3_i/axil_conv2D_2/U0/grp_axil_conv2D_Pipeline_loop_k_fu_141/ama_addmuladd_2ns_7ns_7ns_7ns_13_4_1_U2/axil_conv2D_ama_addmuladd_2ns_7ns_7ns_7ns_13_4_1_DSP48_0_U/E[0] | ip_3_i/axil_conv2D_2/U0/BUS1_s_axi_U/SR[0]                                                                                                        |                5 |             27 |         5.40 |
|  ip_3_i/processing_system7_0/inst/FCLK_CLK0 | ip_3_i/ps7_0_axi_periph/xbar/inst/gen_sasd.crossbar_sasd_0/addr_arbiter_inst/p_0_in1_in                                                                                | ip_3_i/ps7_0_axi_periph/xbar/inst/gen_sasd.crossbar_sasd_0/addr_arbiter_inst/SR[0]                                                                |               11 |             31 |         2.82 |
|  ip_3_i/processing_system7_0/inst/FCLK_CLK0 | ip_3_i/axil_conv2D_0/U0/grp_axil_conv2D_Pipeline_loop_k_fu_141/grp_axil_conv2D_Pipeline_loop_k_fu_141_weights_ce0                                                      |                                                                                                                                                   |                8 |             32 |         4.00 |
|  ip_3_i/processing_system7_0/inst/FCLK_CLK0 | ip_3_i/axil_conv2D_2/U0/ap_CS_fsm_state5                                                                                                                               |                                                                                                                                                   |               10 |             32 |         3.20 |
|  ip_3_i/processing_system7_0/inst/FCLK_CLK0 | ip_3_i/axil_conv2D_0/U0/BUS1_s_axi_U/int_bias                                                                                                                          | ip_3_i/axil_conv2D_0/U0/BUS1_s_axi_U/ap_rst                                                                                                       |                8 |             32 |         4.00 |
|  ip_3_i/processing_system7_0/inst/FCLK_CLK0 | ip_3_i/axil_conv2D_0/U0/ap_CS_fsm_state5                                                                                                                               |                                                                                                                                                   |               12 |             32 |         2.67 |
|  ip_3_i/processing_system7_0/inst/FCLK_CLK0 | ip_3_i/axil_conv2D_0/U0/BUS1_s_axi_U/rdata_data[31]_i_1_n_3                                                                                                            |                                                                                                                                                   |               12 |             32 |         2.67 |
|  ip_3_i/processing_system7_0/inst/FCLK_CLK0 | ip_3_i/axil_conv2D_1/U0/grp_axil_conv2D_Pipeline_loop_k_fu_141/grp_axil_conv2D_Pipeline_loop_k_fu_141_weights_ce0                                                      |                                                                                                                                                   |                8 |             32 |         4.00 |
|  ip_3_i/processing_system7_0/inst/FCLK_CLK0 | ip_3_i/axil_conv2D_2/U0/BUS1_s_axi_U/int_bias                                                                                                                          | ip_3_i/axil_conv2D_2/U0/BUS1_s_axi_U/ap_rst                                                                                                       |                4 |             32 |         8.00 |
|  ip_3_i/processing_system7_0/inst/FCLK_CLK0 | ip_3_i/axil_conv2D_2/U0/BUS1_s_axi_U/int_weights/ce12_out                                                                                                              |                                                                                                                                                   |               12 |             32 |         2.67 |
|  ip_3_i/processing_system7_0/inst/FCLK_CLK0 | ip_3_i/axil_conv2D_0/U0/BUS1_s_axi_U/int_weights/ce12_out                                                                                                              |                                                                                                                                                   |                9 |             32 |         3.56 |
|  ip_3_i/processing_system7_0/inst/FCLK_CLK0 | ip_3_i/axil_conv2D_2/U0/BUS1_s_axi_U/rdata_data[31]_i_1_n_3                                                                                                            |                                                                                                                                                   |               16 |             32 |         2.00 |
|  ip_3_i/processing_system7_0/inst/FCLK_CLK0 | ip_3_i/axil_conv2D_1/U0/BUS1_s_axi_U/int_weights/ce12_out                                                                                                              |                                                                                                                                                   |               12 |             32 |         2.67 |
|  ip_3_i/processing_system7_0/inst/FCLK_CLK0 | ip_3_i/axil_conv2D_1/U0/BUS1_s_axi_U/int_bias                                                                                                                          | ip_3_i/axil_conv2D_1/U0/BUS1_s_axi_U/ap_rst                                                                                                       |                6 |             32 |         5.33 |
|  ip_3_i/processing_system7_0/inst/FCLK_CLK0 | ip_3_i/axil_conv2D_2/U0/grp_axil_conv2D_Pipeline_loop_k_fu_141/grp_axil_conv2D_Pipeline_loop_k_fu_141_weights_ce0                                                      |                                                                                                                                                   |                8 |             32 |         4.00 |
|  ip_3_i/processing_system7_0/inst/FCLK_CLK0 | ip_3_i/axil_conv2D_1/U0/ap_CS_fsm_state5                                                                                                                               |                                                                                                                                                   |               12 |             32 |         2.67 |
|  ip_3_i/processing_system7_0/inst/FCLK_CLK0 | ip_3_i/axil_conv2D_1/U0/BUS1_s_axi_U/rdata_data[31]_i_1_n_3                                                                                                            |                                                                                                                                                   |               10 |             32 |         3.20 |
|  ip_3_i/processing_system7_0/inst/FCLK_CLK0 | ip_3_i/ps7_0_axi_periph/s00_couplers/auto_pc/inst/gen_axilite.gen_b2s_conv.axilite_b2s/RD.r_channel_0/rd_data_fifo_0/wr_en0                                            |                                                                                                                                                   |                9 |             34 |         3.78 |
|  ip_3_i/processing_system7_0/inst/FCLK_CLK0 | ip_3_i/ps7_0_axi_periph/xbar/inst/gen_sasd.crossbar_sasd_0/addr_arbiter_inst/E[0]                                                                                      |                                                                                                                                                   |               12 |             35 |         2.92 |
|  ip_3_i/processing_system7_0/inst/FCLK_CLK0 |                                                                                                                                                                        | ip_3_i/axil_conv2D_0/U0/BUS1_s_axi_U/ap_rst                                                                                                       |               13 |             39 |         3.00 |
|  ip_3_i/processing_system7_0/inst/FCLK_CLK0 |                                                                                                                                                                        | ip_3_i/axil_conv2D_2/U0/BUS1_s_axi_U/ap_rst                                                                                                       |               18 |             39 |         2.17 |
|  ip_3_i/processing_system7_0/inst/FCLK_CLK0 |                                                                                                                                                                        | ip_3_i/axil_conv2D_1/U0/BUS1_s_axi_U/ap_rst                                                                                                       |               17 |             39 |         2.29 |
|  ip_3_i/processing_system7_0/inst/FCLK_CLK0 | ip_3_i/ps7_0_axi_periph/s00_couplers/auto_pc/inst/gen_axilite.gen_b2s_conv.axilite_b2s/SI_REG/r.r_pipe/p_1_in                                                          |                                                                                                                                                   |               10 |             47 |         4.70 |
|  ip_3_i/processing_system7_0/inst/FCLK_CLK0 | ip_3_i/ps7_0_axi_periph/s00_couplers/auto_pc/inst/gen_axilite.gen_b2s_conv.axilite_b2s/SI_REG/r.r_pipe/s_ready_i_reg_0                                                 |                                                                                                                                                   |               11 |             47 |         4.27 |
|  ip_3_i/processing_system7_0/inst/FCLK_CLK0 | ip_3_i/ps7_0_axi_periph/s00_couplers/auto_pc/inst/gen_axilite.gen_b2s_conv.axilite_b2s/SI_REG/aw.aw_pipe/s_ready_i_reg_0                                               |                                                                                                                                                   |               13 |             51 |         3.92 |
|  ip_3_i/processing_system7_0/inst/FCLK_CLK0 | ip_3_i/ps7_0_axi_periph/s00_couplers/auto_pc/inst/gen_axilite.gen_b2s_conv.axilite_b2s/SI_REG/ar.ar_pipe/s_ready_i_reg_0                                               |                                                                                                                                                   |                9 |             51 |         5.67 |
|  ip_3_i/processing_system7_0/inst/FCLK_CLK0 | ip_3_i/ps7_0_axi_periph/s00_couplers/auto_pc/inst/gen_axilite.gen_b2s_conv.axilite_b2s/RD.ar_channel_0/ar_cmd_fsm_0/m_valid_i_reg[0]                                   |                                                                                                                                                   |               11 |             51 |         4.64 |
|  ip_3_i/processing_system7_0/inst/FCLK_CLK0 | ip_3_i/ps7_0_axi_periph/s00_couplers/auto_pc/inst/gen_axilite.gen_b2s_conv.axilite_b2s/WR.aw_channel_0/aw_cmd_fsm_0/E[0]                                               |                                                                                                                                                   |               10 |             51 |         5.10 |
|  ip_3_i/processing_system7_0/inst/FCLK_CLK0 |                                                                                                                                                                        |                                                                                                                                                   |               55 |            158 |         2.87 |
+---------------------------------------------+------------------------------------------------------------------------------------------------------------------------------------------------------------------------+---------------------------------------------------------------------------------------------------------------------------------------------------+------------------+----------------+--------------+


