

================================================================
== Vitis HLS Report for 'axil_conv2D'
================================================================
* Date:           Wed May 21 15:43:59 2025

* Version:        2024.1.2 (Build 5096458 on Sep  5 2024)
* Project:        axil_conv2D
* Solution:       hls (Vivado IP Flow Target)
* Product family: zynq
* Target device:  xc7z010-clg400-1


================================================================
== Performance Estimates
================================================================
+ Timing: 
    * Summary: 
    +--------+----------+----------+------------+
    |  Clock |  Target  | Estimated| Uncertainty|
    +--------+----------+----------+------------+
    |ap_clk  |  10.00 ns|  6.769 ns|     2.70 ns|
    +--------+----------+----------+------------+

+ Latency: 
    * Summary: 
    +---------+---------+----------+----------+--------+--------+---------+
    |  Latency (cycles) |  Latency (absolute) |     Interval    | Pipeline|
    |   min   |   max   |    min   |    max   |   min  |   max  |   Type  |
    +---------+---------+----------+----------+--------+--------+---------+
    |   179529|   179529|  1.795 ms|  1.795 ms|  179530|  179530|       no|
    +---------+---------+----------+----------+--------+--------+---------+

    + Detail: 
        * Instance: 
        +----------------------------------------+-----------------------------+---------+---------+-----------+-----------+------+------+-----------------------------------------------+
        |                                        |                             |  Latency (cycles) |   Latency (absolute)  |   Interval  |                    Pipeline                   |
        |                Instance                |            Module           |   min   |   max   |    min    |    max    |  min |  max |                      Type                     |
        +----------------------------------------+-----------------------------+---------+---------+-----------+-----------+------+------+-----------------------------------------------+
        |grp_axil_conv2D_Pipeline_loop_m_fu_143  |axil_conv2D_Pipeline_loop_m  |     1851|     1851|  18.510 us|  18.510 us|  1850|  1850|  loop auto-rewind stp(delay=0 clock cycles(s))|
        |grp_axil_conv2D_Pipeline_loop_k_fu_149  |axil_conv2D_Pipeline_loop_k  |       19|       19|   0.190 us|   0.190 us|    12|    12|  loop auto-rewind stp(delay=0 clock cycles(s))|
        +----------------------------------------+-----------------------------+---------+---------+-----------+-----------+------+------+-----------------------------------------------+

        * Loop: 
        +-----------+---------+---------+----------+-----------+-----------+------+----------+
        |           |  Latency (cycles) | Iteration|  Initiation Interval  | Trip |          |
        | Loop Name |   min   |   max   |  Latency |  achieved |   target  | Count| Pipelined|
        +-----------+---------+---------+----------+-----------+-----------+------+----------+
        |- loop_i   |   177676|   177676|      2066|          -|          -|    86|        no|
        | + loop_j  |     2064|     2064|        24|          -|          -|    86|        no|
        +-----------+---------+---------+----------+-----------+-----------+------+----------+



================================================================
== Utilization Estimates
================================================================
* Summary: 
+-----------------+---------+----+-------+-------+-----+
|       Name      | BRAM_18K| DSP|   FF  |  LUT  | URAM|
+-----------------+---------+----+-------+-------+-----+
|DSP              |        -|   -|      -|      -|    -|
|Expression       |        -|   -|      0|    270|    -|
|FIFO             |        -|   -|      -|      -|    -|
|Instance         |        8|   3|    535|    980|    -|
|Memory           |        -|   -|      -|      -|    -|
|Multiplexer      |        -|   -|      0|    125|    -|
|Register         |        -|   -|    150|      -|    -|
+-----------------+---------+----+-------+-------+-----+
|Total            |        8|   3|    685|   1375|    0|
+-----------------+---------+----+-------+-------+-----+
|Available        |      120|  80|  35200|  17600|    0|
+-----------------+---------+----+-------+-------+-----+
|Utilization (%)  |        6|   3|      1|      7|    0|
+-----------------+---------+----+-------+-------+-----+

+ Detail: 
    * Instance: 
    +----------------------------------------+-----------------------------+---------+----+-----+-----+-----+
    |                Instance                |            Module           | BRAM_18K| DSP|  FF | LUT | URAM|
    +----------------------------------------+-----------------------------+---------+----+-----+-----+-----+
    |BUS1_s_axi_U                            |BUS1_s_axi                   |        8|   0|  314|  316|    0|
    |grp_axil_conv2D_Pipeline_loop_k_fu_149  |axil_conv2D_Pipeline_loop_k  |        0|   3|  207|  602|    0|
    |grp_axil_conv2D_Pipeline_loop_m_fu_143  |axil_conv2D_Pipeline_loop_m  |        0|   0|   14|   62|    0|
    +----------------------------------------+-----------------------------+---------+----+-----+-----+-----+
    |Total                                   |                             |        8|   3|  535|  980|    0|
    +----------------------------------------+-----------------------------+---------+----+-----+-----+-----+

    * DSP: 
    N/A

    * Memory: 
    N/A

    * FIFO: 
    N/A

    * Expression: 
    +-------------------------------+----------+----+---+-----+------------+------------+
    |         Variable Name         | Operation| DSP| FF| LUT | Bitwidth P0| Bitwidth P1|
    +-------------------------------+----------+----+---+-----+------------+------------+
    |add_ln28_fu_182_p2             |         +|   0|  0|   14|          13|           7|
    |add_ln56_1_fu_229_p2           |         +|   0|  0|   14|          13|          13|
    |add_ln56_fu_224_p2             |         +|   0|  0|   10|           2|           2|
    |i_2_fu_194_p2                  |         +|   0|  0|   14|           7|           1|
    |j_1_fu_210_p2                  |         +|   0|  0|   14|           7|           1|
    |icmp_ln28_fu_188_p2            |      icmp|   0|  0|   14|           7|           7|
    |icmp_ln30_fu_204_p2            |      icmp|   0|  0|   14|           7|           7|
    |icmp_ln49_fu_269_p2            |      icmp|   0|  0|   14|          13|           1|
    |empty_fu_295_p2                |        or|   0|  0|    2|           1|           1|
    |or_ln56_fu_330_p2              |        or|   0|  0|   32|          32|          32|
    |acc_sat_2_cast_cast_fu_287_p3  |    select|   0|  0|    8|           1|           8|
    |acc_sat_fu_301_p3              |    select|   0|  0|   20|           1|          20|
    |shl_ln56_fu_324_p2             |       shl|   0|  0|  100|          32|          32|
    +-------------------------------+----------+----+---+-----+------------+------------+
    |Total                          |          |   0|  0|  270|         136|         132|
    +-------------------------------+----------+----+---+-----+------------+------------+

    * Multiplexer: 
    +--------------------------+----+-----------+-----+-----------+
    |           Name           | LUT| Input Size| Bits| Total Bits|
    +--------------------------+----+-----------+-----+-----------+
    |ap_NS_fsm                 |  48|          9|    1|          9|
    |i_fu_104                  |   9|          2|    7|         14|
    |image_out_address0        |   9|          2|   11|         22|
    |image_out_address0_local  |  14|          3|   11|         33|
    |image_out_ce0             |   9|          2|    1|          2|
    |image_out_d0              |   9|          2|   32|         64|
    |image_out_we0             |   9|          2|    1|          2|
    |j_reg_131                 |   9|          2|    7|         14|
    |phi_mul_fu_100            |   9|          2|   13|         26|
    +--------------------------+----+-----------+-----+-----------+
    |Total                     | 125|         26|   84|        186|
    +--------------------------+----+-----------+-----+-----------+

    * Register: 
    +-----------------------------------------------------+----+----+-----+-----------+
    |                         Name                        | FF | LUT| Bits| Const Bits|
    +-----------------------------------------------------+----+----+-----+-----------+
    |acc_reg_356                                          |  21|   0|   21|          0|
    |add_ln28_reg_369                                     |  13|   0|   13|          0|
    |add_ln56_reg_395                                     |   2|   0|    2|          0|
    |ap_CS_fsm                                            |   8|   0|    8|          0|
    |grp_axil_conv2D_Pipeline_loop_k_fu_149_ap_start_reg  |   1|   0|    1|          0|
    |grp_axil_conv2D_Pipeline_loop_m_fu_143_ap_start_reg  |   1|   0|    1|          0|
    |i_1_reg_364                                          |   7|   0|    7|          0|
    |i_2_reg_377                                          |   7|   0|    7|          0|
    |i_fu_104                                             |   7|   0|    7|          0|
    |image_out_addr_reg_405                               |  11|   0|   11|          0|
    |j_1_reg_390                                          |   7|   0|    7|          0|
    |j_reg_131                                            |   7|   0|    7|          0|
    |lshr_ln_reg_400                                      |  11|   0|   11|          0|
    |or_ln56_reg_410                                      |  32|   0|   32|          0|
    |phi_mul_fu_100                                       |  13|   0|   13|          0|
    |trunc_ln56_reg_382                                   |   2|   0|    2|          0|
    +-----------------------------------------------------+----+----+-----+-----------+
    |Total                                                | 150|   0|  150|          0|
    +-----------------------------------------------------+----+----+-----+-----------+



================================================================
== Interface
================================================================
* Summary: 
+--------------------+-----+-----+------------+--------------+--------------+
|      RTL Ports     | Dir | Bits|  Protocol  | Source Object|    C Type    |
+--------------------+-----+-----+------------+--------------+--------------+
|s_axi_BUS1_AWVALID  |   in|    1|       s_axi|          BUS1|         array|
|s_axi_BUS1_AWREADY  |  out|    1|       s_axi|          BUS1|         array|
|s_axi_BUS1_AWADDR   |   in|   15|       s_axi|          BUS1|         array|
|s_axi_BUS1_WVALID   |   in|    1|       s_axi|          BUS1|         array|
|s_axi_BUS1_WREADY   |  out|    1|       s_axi|          BUS1|         array|
|s_axi_BUS1_WDATA    |   in|   32|       s_axi|          BUS1|         array|
|s_axi_BUS1_WSTRB    |   in|    4|       s_axi|          BUS1|         array|
|s_axi_BUS1_ARVALID  |   in|    1|       s_axi|          BUS1|         array|
|s_axi_BUS1_ARREADY  |  out|    1|       s_axi|          BUS1|         array|
|s_axi_BUS1_ARADDR   |   in|   15|       s_axi|          BUS1|         array|
|s_axi_BUS1_RVALID   |  out|    1|       s_axi|          BUS1|         array|
|s_axi_BUS1_RREADY   |   in|    1|       s_axi|          BUS1|         array|
|s_axi_BUS1_RDATA    |  out|   32|       s_axi|          BUS1|         array|
|s_axi_BUS1_RRESP    |  out|    2|       s_axi|          BUS1|         array|
|s_axi_BUS1_BVALID   |  out|    1|       s_axi|          BUS1|         array|
|s_axi_BUS1_BREADY   |   in|    1|       s_axi|          BUS1|         array|
|s_axi_BUS1_BRESP    |  out|    2|       s_axi|          BUS1|         array|
|ap_clk              |   in|    1|  ap_ctrl_hs|   axil_conv2D|  return value|
|ap_rst_n            |   in|    1|  ap_ctrl_hs|   axil_conv2D|  return value|
|interrupt           |  out|    1|  ap_ctrl_hs|   axil_conv2D|  return value|
+--------------------+-----+-----+------------+--------------+--------------+

