Copyright 1986-2022 Xilinx, Inc. All Rights Reserved. Copyright 2022-2024 Advanced Micro Devices, Inc. All Rights Reserved.
-----------------------------------------------------------------------------------------------------------------------------------------------------------------------------------------------
| Tool Version : Vivado v.2024.1.2 (lin64) Build 5164865 Thu Sep  5 14:36:28 MDT 2024
| Date         : Tue May 20 15:18:50 2025
| Host         : ares running 64-bit Linux Mint 21.2
| Command      : report_methodology -file lab1_better_wrapper_methodology_drc_routed.rpt -pb lab1_better_wrapper_methodology_drc_routed.pb -rpx lab1_better_wrapper_methodology_drc_routed.rpx
| Design       : lab1_better_wrapper
| Device       : xc7z010clg400-1
| Speed File   : -1
| Design State : Fully Routed
-----------------------------------------------------------------------------------------------------------------------------------------------------------------------------------------------

Report Methodology

Table of Contents
-----------------
1. REPORT SUMMARY
2. REPORT DETAILS

1. REPORT SUMMARY
-----------------
            Netlist: netlist
          Floorplan: design_1
      Design limits: <entire design considered>
             Max violations: <unlimited>
             Violations found: 0
+------+----------+-------------+------------+
| Rule | Severity | Description | Violations |
+------+----------+-------------+------------+
+------+----------+-------------+------------+

2. REPORT DETAILS
-----------------

