================================================================
== Design Size Report
================================================================

* Total Instructions per Compilation Phase
+---------------+-----------------------------+--------------+----------------------------------------------------------------------------------------+
| Phase         | Step                        | Instructions | Description                                                                            |
+---------------+-----------------------------+--------------+----------------------------------------------------------------------------------------+
| Compile/Link  |                             | 2,709        | After all functions are compiled and linked into a single design                       |
|               |                             |              |                                                                                        |
| Unroll/Inline |                             |              | After user unroll and inline pragmas are applied                                       |
|               | (1) unroll                  |   176        | user unroll pragmas are applied                                                        |
|               | (2) simplification          |   158        | simplification of applied user unroll pragmas                                          |
|               | (3) inline                  |   155        | user inline pragmas are applied                                                        |
|               | (4) simplification          |   137        | simplification of applied user inline pragmas                                          |
|               |                             |              |                                                                                        |
| Array/Struct  |                             |              | After user array partition and struct aggregate/disaggregate pragmas are applied       |
|               | (1) array partition         |   140        | user array partition pragmas are applied                                               |
|               | (2) simplification          |   140        | simplification of applied user array partition & struct aggregate/disaggregate pragmas |
|               | (3) aggregate/disaggregate  |   140        | user struct aggregate/disaggregate pragmas are applied                                 |
|               | (4) array reshape           |   140        | apply array reshape pragmas                                                            |
|               | (5) access patterns         |   141        | array access pattern optmizations                                                      |
|               |                             |              |                                                                                        |
| Performance   |                             |              | After transformations are applied to meet performance pragma targets                   |
|               | (1) loop simplification     |   141        | loop and instruction simplification                                                    |
|               | (2) parallelization         |   140        | loops are unrolled or pipelined to meet performance targets                            |
|               | (3) array partition         |   140        | arrays are partitioned to meet performance targets                                     |
|               | (4) simplification          |   140        | simplification of design after performance transformations                             |
|               |                             |              |                                                                                        |
| HW Transforms |                             |              | After hardware transfomations                                                          |
|               | (1) lowering                |   147        | initial conversion to HW specific instructions                                         |
|               | (2) optimizations           |   159        | high level synthesis optimizations                                                     |
+---------------+-----------------------------+--------------+----------------------------------------------------------------------------------------+

* Instructions per Function for each Compilation Phase
+---------------+--------------------+--------------+---------------+--------------+-------------+---------------+
| Function      | Location           | Compile/Link | Unroll/Inline | Array/Struct | Performance | HW Transforms |
+---------------+--------------------+--------------+---------------+--------------+-------------+---------------+
|   axil_conv2D | axil_conv2D.cpp:12 | 2,709        | 137           | 141          | 140         | 159           |
+---------------+--------------------+--------------+---------------+--------------+-------------+---------------+

* Design Size Message Settings
+---------------------------------------------+--------+------------------------------------------------------------------+
| Message Setting                             | Value  | Description                                                      |
+---------------------------------------------+--------+------------------------------------------------------------------+
| config_compile -design_size_maximum_warning | 100000 | Show a warning when total design instructions exceeds this value |
+---------------------------------------------+--------+------------------------------------------------------------------+


