
*** Running vivado
    with args -log ip_3_axil_conv2D_0_0.vds -m64 -product Vivado -mode batch -messageDb vivado.pb -notrace -source ip_3_axil_conv2D_0_0.tcl


****** Vivado v2024.1.2 (64-bit)
  **** SW Build 5164865 on Thu Sep  5 14:36:28 MDT 2024
  **** IP Build 5164407 on Fri Sep  6 08:18:11 MDT 2024
  **** SharedData Build 5164864 on Thu Sep 05 13:09:09 MDT 2024
  **** Start of session at: Fri May 23 14:15:31 2025
    ** Copyright 1986-2022 Xilinx, Inc. All Rights Reserved.
    ** Copyright 2022-2024 Advanced Micro Devices, Inc. All Rights Reserved.

source ip_3_axil_conv2D_0_0.tcl -notrace
create_project: Time (s): cpu = 00:00:10 ; elapsed = 00:00:11 . Memory (MB): peak = 1418.438 ; gain = 0.023 ; free physical = 197 ; free virtual = 3465
INFO: [IP_Flow 19-234] Refreshing IP repositories
INFO: [IP_Flow 19-1700] Loaded user IP repository '/home/ares/Desktop/CO-Proj/Labs/Lab1/vitis_better/3ip_conv_hls/axil_conv2D/hls/impl/ip'.
INFO: [IP_Flow 19-2313] Loaded Vivado IP repository '/home/ares/tools/Xilinx/Vivado/2024.1/data/ip'.
INFO: [IP_Flow 19-6924] IPCACHE: Running cache check for IP inst: ip_3_axil_conv2D_0_0
Command: synth_design -top ip_3_axil_conv2D_0_0 -part xc7z010clg400-1 -incremental_mode off -mode out_of_context
Starting synth_design
Attempting to get a license for feature 'Synthesis' and/or device 'xc7z010'
INFO: [Common 17-349] Got license for feature 'Synthesis' and/or device 'xc7z010'
INFO: [Device 21-403] Loading part xc7z010clg400-1
INFO: [Device 21-9227] Part: xc7z010clg400-1 does not have CEAM library.
INFO: [Synth 8-7079] Multithreading enabled for synth_design using a maximum of 4 processes.
INFO: [Synth 8-7078] Launching helper process for spawning children vivado processes
INFO: [Synth 8-7075] Helper process launched with PID 271956
---------------------------------------------------------------------------------
Starting RTL Elaboration : Time (s): cpu = 00:00:07 ; elapsed = 00:00:16 . Memory (MB): peak = 2127.395 ; gain = 411.746 ; free physical = 280 ; free virtual = 2558
---------------------------------------------------------------------------------
INFO: [Synth 8-638] synthesizing module 'ip_3_axil_conv2D_0_0' [/home/ares/Desktop/CO-Proj/Labs/Lab1/vitis_better/viviado_3ip/viviado_3ip.gen/sources_1/bd/ip_3/ip/ip_3_axil_conv2D_0_0/synth/ip_3_axil_conv2D_0_0.vhd:81]
	Parameter C_S_AXI_BUS1_ADDR_WIDTH bound to: 15 - type: integer 
	Parameter C_S_AXI_BUS1_DATA_WIDTH bound to: 32 - type: integer 
INFO: [Synth 8-3491] module 'axil_conv2D' declared at '/home/ares/Desktop/CO-Proj/Labs/Lab1/vitis_better/viviado_3ip/viviado_3ip.gen/sources_1/bd/ip_3/ipshared/adfa/hdl/vhdl/axil_conv2D.vhd:11' bound to instance 'U0' of component 'axil_conv2D' [/home/ares/Desktop/CO-Proj/Labs/Lab1/vitis_better/viviado_3ip/viviado_3ip.gen/sources_1/bd/ip_3/ip/ip_3_axil_conv2D_0_0/synth/ip_3_axil_conv2D_0_0.vhd:154]
INFO: [Synth 8-638] synthesizing module 'axil_conv2D' [/home/ares/Desktop/CO-Proj/Labs/Lab1/vitis_better/viviado_3ip/viviado_3ip.gen/sources_1/bd/ip_3/ipshared/adfa/hdl/vhdl/axil_conv2D.vhd:39]
INFO: [Synth 8-3491] module 'axil_conv2D_axil_conv2D_Pipeline_loop_k' declared at '/home/ares/Desktop/CO-Proj/Labs/Lab1/vitis_better/viviado_3ip/viviado_3ip.gen/sources_1/bd/ip_3/ipshared/adfa/hdl/vhdl/axil_conv2D_axil_conv2D_Pipeline_loop_k.vhd:11' bound to instance 'grp_axil_conv2D_Pipeline_loop_k_fu_141' of component 'axil_conv2D_axil_conv2D_Pipeline_loop_k' [/home/ares/Desktop/CO-Proj/Labs/Lab1/vitis_better/viviado_3ip/viviado_3ip.gen/sources_1/bd/ip_3/ipshared/adfa/hdl/vhdl/axil_conv2D.vhd:231]
INFO: [Synth 8-638] synthesizing module 'axil_conv2D_axil_conv2D_Pipeline_loop_k' [/home/ares/Desktop/CO-Proj/Labs/Lab1/vitis_better/viviado_3ip/viviado_3ip.gen/sources_1/bd/ip_3/ipshared/adfa/hdl/vhdl/axil_conv2D_axil_conv2D_Pipeline_loop_k.vhd:33]
WARNING: [Synth 8-5974] attribute "use_dsp48" has been deprecated, please use "use_dsp" instead 
WARNING: [Synth 8-5974] attribute "use_dsp48" has been deprecated, please use "use_dsp" instead 
	Parameter ID bound to: 1 - type: integer 
	Parameter NUM_STAGE bound to: 1 - type: integer 
	Parameter din0_WIDTH bound to: 8 - type: integer 
	Parameter din1_WIDTH bound to: 8 - type: integer 
	Parameter dout_WIDTH bound to: 16 - type: integer 
INFO: [Synth 8-3491] module 'axil_conv2D_mul_8ns_8s_16_1_1' declared at '/home/ares/Desktop/CO-Proj/Labs/Lab1/vitis_better/viviado_3ip/viviado_3ip.gen/sources_1/bd/ip_3/ipshared/adfa/hdl/vhdl/axil_conv2D_mul_8ns_8s_16_1_1.vhd:7' bound to instance 'mul_8ns_8s_16_1_1_U1' of component 'axil_conv2D_mul_8ns_8s_16_1_1' [/home/ares/Desktop/CO-Proj/Labs/Lab1/vitis_better/viviado_3ip/viviado_3ip.gen/sources_1/bd/ip_3/ipshared/adfa/hdl/vhdl/axil_conv2D_axil_conv2D_Pipeline_loop_k.vhd:271]
INFO: [Synth 8-638] synthesizing module 'axil_conv2D_mul_8ns_8s_16_1_1' [/home/ares/Desktop/CO-Proj/Labs/Lab1/vitis_better/viviado_3ip/viviado_3ip.gen/sources_1/bd/ip_3/ipshared/adfa/hdl/vhdl/axil_conv2D_mul_8ns_8s_16_1_1.vhd:23]
INFO: [Synth 8-256] done synthesizing module 'axil_conv2D_mul_8ns_8s_16_1_1' (0#1) [/home/ares/Desktop/CO-Proj/Labs/Lab1/vitis_better/viviado_3ip/viviado_3ip.gen/sources_1/bd/ip_3/ipshared/adfa/hdl/vhdl/axil_conv2D_mul_8ns_8s_16_1_1.vhd:23]
	Parameter ID bound to: 1 - type: integer 
	Parameter NUM_STAGE bound to: 4 - type: integer 
	Parameter din0_WIDTH bound to: 2 - type: integer 
	Parameter din1_WIDTH bound to: 7 - type: integer 
	Parameter din2_WIDTH bound to: 7 - type: integer 
	Parameter din3_WIDTH bound to: 7 - type: integer 
	Parameter dout_WIDTH bound to: 13 - type: integer 
INFO: [Synth 8-3491] module 'axil_conv2D_ama_addmuladd_2ns_7ns_7ns_7ns_13_4_1' declared at '/home/ares/Desktop/CO-Proj/Labs/Lab1/vitis_better/viviado_3ip/viviado_3ip.gen/sources_1/bd/ip_3/ipshared/adfa/hdl/vhdl/axil_conv2D_ama_addmuladd_2ns_7ns_7ns_7ns_13_4_1.vhd:72' bound to instance 'ama_addmuladd_2ns_7ns_7ns_7ns_13_4_1_U2' of component 'axil_conv2D_ama_addmuladd_2ns_7ns_7ns_7ns_13_4_1' [/home/ares/Desktop/CO-Proj/Labs/Lab1/vitis_better/viviado_3ip/viviado_3ip.gen/sources_1/bd/ip_3/ipshared/adfa/hdl/vhdl/axil_conv2D_axil_conv2D_Pipeline_loop_k.vhd:283]
INFO: [Synth 8-638] synthesizing module 'axil_conv2D_ama_addmuladd_2ns_7ns_7ns_7ns_13_4_1' [/home/ares/Desktop/CO-Proj/Labs/Lab1/vitis_better/viviado_3ip/viviado_3ip.gen/sources_1/bd/ip_3/ipshared/adfa/hdl/vhdl/axil_conv2D_ama_addmuladd_2ns_7ns_7ns_7ns_13_4_1.vhd:94]
INFO: [Synth 8-3491] module 'axil_conv2D_ama_addmuladd_2ns_7ns_7ns_7ns_13_4_1_DSP48_0' declared at '/home/ares/Desktop/CO-Proj/Labs/Lab1/vitis_better/viviado_3ip/viviado_3ip.gen/sources_1/bd/ip_3/ipshared/adfa/hdl/vhdl/axil_conv2D_ama_addmuladd_2ns_7ns_7ns_7ns_13_4_1.vhd:15' bound to instance 'axil_conv2D_ama_addmuladd_2ns_7ns_7ns_7ns_13_4_1_DSP48_0_U' of component 'axil_conv2D_ama_addmuladd_2ns_7ns_7ns_7ns_13_4_1_DSP48_0' [/home/ares/Desktop/CO-Proj/Labs/Lab1/vitis_better/viviado_3ip/viviado_3ip.gen/sources_1/bd/ip_3/ipshared/adfa/hdl/vhdl/axil_conv2D_ama_addmuladd_2ns_7ns_7ns_7ns_13_4_1.vhd:110]
INFO: [Synth 8-638] synthesizing module 'axil_conv2D_ama_addmuladd_2ns_7ns_7ns_7ns_13_4_1_DSP48_0' [/home/ares/Desktop/CO-Proj/Labs/Lab1/vitis_better/viviado_3ip/viviado_3ip.gen/sources_1/bd/ip_3/ipshared/adfa/hdl/vhdl/axil_conv2D_ama_addmuladd_2ns_7ns_7ns_7ns_13_4_1.vhd:28]
INFO: [Synth 8-256] done synthesizing module 'axil_conv2D_ama_addmuladd_2ns_7ns_7ns_7ns_13_4_1_DSP48_0' (0#1) [/home/ares/Desktop/CO-Proj/Labs/Lab1/vitis_better/viviado_3ip/viviado_3ip.gen/sources_1/bd/ip_3/ipshared/adfa/hdl/vhdl/axil_conv2D_ama_addmuladd_2ns_7ns_7ns_7ns_13_4_1.vhd:28]
INFO: [Synth 8-256] done synthesizing module 'axil_conv2D_ama_addmuladd_2ns_7ns_7ns_7ns_13_4_1' (0#1) [/home/ares/Desktop/CO-Proj/Labs/Lab1/vitis_better/viviado_3ip/viviado_3ip.gen/sources_1/bd/ip_3/ipshared/adfa/hdl/vhdl/axil_conv2D_ama_addmuladd_2ns_7ns_7ns_7ns_13_4_1.vhd:94]
	Parameter ID bound to: 1 - type: integer 
	Parameter NUM_STAGE bound to: 4 - type: integer 
	Parameter din0_WIDTH bound to: 8 - type: integer 
	Parameter din1_WIDTH bound to: 8 - type: integer 
	Parameter din2_WIDTH bound to: 16 - type: integer 
	Parameter dout_WIDTH bound to: 17 - type: integer 
INFO: [Synth 8-3491] module 'axil_conv2D_mac_muladd_8ns_8s_16s_17_4_1' declared at '/home/ares/Desktop/CO-Proj/Labs/Lab1/vitis_better/viviado_3ip/viviado_3ip.gen/sources_1/bd/ip_3/ipshared/adfa/hdl/vhdl/axil_conv2D_mac_muladd_8ns_8s_16s_17_4_1.vhd:66' bound to instance 'mac_muladd_8ns_8s_16s_17_4_1_U3' of component 'axil_conv2D_mac_muladd_8ns_8s_16s_17_4_1' [/home/ares/Desktop/CO-Proj/Labs/Lab1/vitis_better/viviado_3ip/viviado_3ip.gen/sources_1/bd/ip_3/ipshared/adfa/hdl/vhdl/axil_conv2D_axil_conv2D_Pipeline_loop_k.vhd:302]
INFO: [Synth 8-638] synthesizing module 'axil_conv2D_mac_muladd_8ns_8s_16s_17_4_1' [/home/ares/Desktop/CO-Proj/Labs/Lab1/vitis_better/viviado_3ip/viviado_3ip.gen/sources_1/bd/ip_3/ipshared/adfa/hdl/vhdl/axil_conv2D_mac_muladd_8ns_8s_16s_17_4_1.vhd:86]
INFO: [Synth 8-3491] module 'axil_conv2D_mac_muladd_8ns_8s_16s_17_4_1_DSP48_0' declared at '/home/ares/Desktop/CO-Proj/Labs/Lab1/vitis_better/viviado_3ip/viviado_3ip.gen/sources_1/bd/ip_3/ipshared/adfa/hdl/vhdl/axil_conv2D_mac_muladd_8ns_8s_16s_17_4_1.vhd:14' bound to instance 'axil_conv2D_mac_muladd_8ns_8s_16s_17_4_1_DSP48_0_U' of component 'axil_conv2D_mac_muladd_8ns_8s_16s_17_4_1_DSP48_0' [/home/ares/Desktop/CO-Proj/Labs/Lab1/vitis_better/viviado_3ip/viviado_3ip.gen/sources_1/bd/ip_3/ipshared/adfa/hdl/vhdl/axil_conv2D_mac_muladd_8ns_8s_16s_17_4_1.vhd:103]
INFO: [Synth 8-638] synthesizing module 'axil_conv2D_mac_muladd_8ns_8s_16s_17_4_1_DSP48_0' [/home/ares/Desktop/CO-Proj/Labs/Lab1/vitis_better/viviado_3ip/viviado_3ip.gen/sources_1/bd/ip_3/ipshared/adfa/hdl/vhdl/axil_conv2D_mac_muladd_8ns_8s_16s_17_4_1.vhd:26]
INFO: [Synth 8-256] done synthesizing module 'axil_conv2D_mac_muladd_8ns_8s_16s_17_4_1_DSP48_0' (0#1) [/home/ares/Desktop/CO-Proj/Labs/Lab1/vitis_better/viviado_3ip/viviado_3ip.gen/sources_1/bd/ip_3/ipshared/adfa/hdl/vhdl/axil_conv2D_mac_muladd_8ns_8s_16s_17_4_1.vhd:26]
INFO: [Synth 8-256] done synthesizing module 'axil_conv2D_mac_muladd_8ns_8s_16s_17_4_1' (0#1) [/home/ares/Desktop/CO-Proj/Labs/Lab1/vitis_better/viviado_3ip/viviado_3ip.gen/sources_1/bd/ip_3/ipshared/adfa/hdl/vhdl/axil_conv2D_mac_muladd_8ns_8s_16s_17_4_1.vhd:86]
	Parameter ID bound to: 1 - type: integer 
	Parameter NUM_STAGE bound to: 4 - type: integer 
	Parameter din0_WIDTH bound to: 8 - type: integer 
	Parameter din1_WIDTH bound to: 8 - type: integer 
	Parameter din2_WIDTH bound to: 17 - type: integer 
	Parameter dout_WIDTH bound to: 18 - type: integer 
INFO: [Synth 8-3491] module 'axil_conv2D_mac_muladd_8ns_8s_17s_18_4_1' declared at '/home/ares/Desktop/CO-Proj/Labs/Lab1/vitis_better/viviado_3ip/viviado_3ip.gen/sources_1/bd/ip_3/ipshared/adfa/hdl/vhdl/axil_conv2D_mac_muladd_8ns_8s_17s_18_4_1.vhd:66' bound to instance 'mac_muladd_8ns_8s_17s_18_4_1_U4' of component 'axil_conv2D_mac_muladd_8ns_8s_17s_18_4_1' [/home/ares/Desktop/CO-Proj/Labs/Lab1/vitis_better/viviado_3ip/viviado_3ip.gen/sources_1/bd/ip_3/ipshared/adfa/hdl/vhdl/axil_conv2D_axil_conv2D_Pipeline_loop_k.vhd:319]
INFO: [Synth 8-638] synthesizing module 'axil_conv2D_mac_muladd_8ns_8s_17s_18_4_1' [/home/ares/Desktop/CO-Proj/Labs/Lab1/vitis_better/viviado_3ip/viviado_3ip.gen/sources_1/bd/ip_3/ipshared/adfa/hdl/vhdl/axil_conv2D_mac_muladd_8ns_8s_17s_18_4_1.vhd:86]
INFO: [Synth 8-3491] module 'axil_conv2D_mac_muladd_8ns_8s_17s_18_4_1_DSP48_0' declared at '/home/ares/Desktop/CO-Proj/Labs/Lab1/vitis_better/viviado_3ip/viviado_3ip.gen/sources_1/bd/ip_3/ipshared/adfa/hdl/vhdl/axil_conv2D_mac_muladd_8ns_8s_17s_18_4_1.vhd:14' bound to instance 'axil_conv2D_mac_muladd_8ns_8s_17s_18_4_1_DSP48_0_U' of component 'axil_conv2D_mac_muladd_8ns_8s_17s_18_4_1_DSP48_0' [/home/ares/Desktop/CO-Proj/Labs/Lab1/vitis_better/viviado_3ip/viviado_3ip.gen/sources_1/bd/ip_3/ipshared/adfa/hdl/vhdl/axil_conv2D_mac_muladd_8ns_8s_17s_18_4_1.vhd:103]
INFO: [Synth 8-638] synthesizing module 'axil_conv2D_mac_muladd_8ns_8s_17s_18_4_1_DSP48_0' [/home/ares/Desktop/CO-Proj/Labs/Lab1/vitis_better/viviado_3ip/viviado_3ip.gen/sources_1/bd/ip_3/ipshared/adfa/hdl/vhdl/axil_conv2D_mac_muladd_8ns_8s_17s_18_4_1.vhd:26]
INFO: [Synth 8-256] done synthesizing module 'axil_conv2D_mac_muladd_8ns_8s_17s_18_4_1_DSP48_0' (0#1) [/home/ares/Desktop/CO-Proj/Labs/Lab1/vitis_better/viviado_3ip/viviado_3ip.gen/sources_1/bd/ip_3/ipshared/adfa/hdl/vhdl/axil_conv2D_mac_muladd_8ns_8s_17s_18_4_1.vhd:26]
INFO: [Synth 8-256] done synthesizing module 'axil_conv2D_mac_muladd_8ns_8s_17s_18_4_1' (0#1) [/home/ares/Desktop/CO-Proj/Labs/Lab1/vitis_better/viviado_3ip/viviado_3ip.gen/sources_1/bd/ip_3/ipshared/adfa/hdl/vhdl/axil_conv2D_mac_muladd_8ns_8s_17s_18_4_1.vhd:86]
INFO: [Synth 8-3491] module 'axil_conv2D_flow_control_loop_pipe_sequential_init' declared at '/home/ares/Desktop/CO-Proj/Labs/Lab1/vitis_better/viviado_3ip/viviado_3ip.gen/sources_1/bd/ip_3/ipshared/adfa/hdl/vhdl/axil_conv2D_flow_control_loop_pipe_sequential_init.vhd:13' bound to instance 'flow_control_loop_pipe_sequential_init_U' of component 'axil_conv2D_flow_control_loop_pipe_sequential_init' [/home/ares/Desktop/CO-Proj/Labs/Lab1/vitis_better/viviado_3ip/viviado_3ip.gen/sources_1/bd/ip_3/ipshared/adfa/hdl/vhdl/axil_conv2D_axil_conv2D_Pipeline_loop_k.vhd:336]
INFO: [Synth 8-638] synthesizing module 'axil_conv2D_flow_control_loop_pipe_sequential_init' [/home/ares/Desktop/CO-Proj/Labs/Lab1/vitis_better/viviado_3ip/viviado_3ip.gen/sources_1/bd/ip_3/ipshared/adfa/hdl/vhdl/axil_conv2D_flow_control_loop_pipe_sequential_init.vhd:39]
INFO: [Synth 8-256] done synthesizing module 'axil_conv2D_flow_control_loop_pipe_sequential_init' (0#1) [/home/ares/Desktop/CO-Proj/Labs/Lab1/vitis_better/viviado_3ip/viviado_3ip.gen/sources_1/bd/ip_3/ipshared/adfa/hdl/vhdl/axil_conv2D_flow_control_loop_pipe_sequential_init.vhd:39]
INFO: [Synth 8-256] done synthesizing module 'axil_conv2D_axil_conv2D_Pipeline_loop_k' (0#1) [/home/ares/Desktop/CO-Proj/Labs/Lab1/vitis_better/viviado_3ip/viviado_3ip.gen/sources_1/bd/ip_3/ipshared/adfa/hdl/vhdl/axil_conv2D_axil_conv2D_Pipeline_loop_k.vhd:33]
	Parameter C_S_AXI_ADDR_WIDTH bound to: 15 - type: integer 
	Parameter C_S_AXI_DATA_WIDTH bound to: 32 - type: integer 
INFO: [Synth 8-3491] module 'axil_conv2D_BUS1_s_axi' declared at '/home/ares/Desktop/CO-Proj/Labs/Lab1/vitis_better/viviado_3ip/viviado_3ip.gen/sources_1/bd/ip_3/ipshared/adfa/hdl/vhdl/axil_conv2D_BUS1_s_axi.vhd:12' bound to instance 'BUS1_s_axi_U' of component 'axil_conv2D_BUS1_s_axi' [/home/ares/Desktop/CO-Proj/Labs/Lab1/vitis_better/viviado_3ip/viviado_3ip.gen/sources_1/bd/ip_3/ipshared/adfa/hdl/vhdl/axil_conv2D.vhd:251]
INFO: [Synth 8-638] synthesizing module 'axil_conv2D_BUS1_s_axi' [/home/ares/Desktop/CO-Proj/Labs/Lab1/vitis_better/viviado_3ip/viviado_3ip.gen/sources_1/bd/ip_3/ipshared/adfa/hdl/vhdl/axil_conv2D_BUS1_s_axi.vhd:96]
	Parameter MEM_STYLE bound to: auto - type: string 
	Parameter MEM_TYPE bound to: 2P - type: string 
	Parameter BYTES bound to: 4 - type: integer 
	Parameter DEPTH bound to: 3 - type: integer 
	Parameter AWIDTH bound to: 2 - type: integer 
INFO: [Synth 8-3491] module 'axil_conv2D_BUS1_s_axi_ram' declared at '/home/ares/Desktop/CO-Proj/Labs/Lab1/vitis_better/viviado_3ip/viviado_3ip.gen/sources_1/bd/ip_3/ipshared/adfa/hdl/vhdl/axil_conv2D_BUS1_s_axi.vhd:752' bound to instance 'int_weights' of component 'axil_conv2D_BUS1_s_axi_ram' [/home/ares/Desktop/CO-Proj/Labs/Lab1/vitis_better/viviado_3ip/viviado_3ip.gen/sources_1/bd/ip_3/ipshared/adfa/hdl/vhdl/axil_conv2D_BUS1_s_axi.vhd:217]
INFO: [Synth 8-638] synthesizing module 'axil_conv2D_BUS1_s_axi_ram' [/home/ares/Desktop/CO-Proj/Labs/Lab1/vitis_better/viviado_3ip/viviado_3ip.gen/sources_1/bd/ip_3/ipshared/adfa/hdl/vhdl/axil_conv2D_BUS1_s_axi.vhd:775]
INFO: [Synth 8-256] done synthesizing module 'axil_conv2D_BUS1_s_axi_ram' (0#1) [/home/ares/Desktop/CO-Proj/Labs/Lab1/vitis_better/viviado_3ip/viviado_3ip.gen/sources_1/bd/ip_3/ipshared/adfa/hdl/vhdl/axil_conv2D_BUS1_s_axi.vhd:775]
	Parameter MEM_STYLE bound to: auto - type: string 
	Parameter MEM_TYPE bound to: 2P - type: string 
	Parameter BYTES bound to: 4 - type: integer 
	Parameter DEPTH bound to: 1936 - type: integer 
	Parameter AWIDTH bound to: 11 - type: integer 
INFO: [Synth 8-3491] module 'axil_conv2D_BUS1_s_axi_ram' declared at '/home/ares/Desktop/CO-Proj/Labs/Lab1/vitis_better/viviado_3ip/viviado_3ip.gen/sources_1/bd/ip_3/ipshared/adfa/hdl/vhdl/axil_conv2D_BUS1_s_axi.vhd:752' bound to instance 'int_image_in' of component 'axil_conv2D_BUS1_s_axi_ram' [/home/ares/Desktop/CO-Proj/Labs/Lab1/vitis_better/viviado_3ip/viviado_3ip.gen/sources_1/bd/ip_3/ipshared/adfa/hdl/vhdl/axil_conv2D_BUS1_s_axi.vhd:238]
INFO: [Synth 8-638] synthesizing module 'axil_conv2D_BUS1_s_axi_ram__parameterized1' [/home/ares/Desktop/CO-Proj/Labs/Lab1/vitis_better/viviado_3ip/viviado_3ip.gen/sources_1/bd/ip_3/ipshared/adfa/hdl/vhdl/axil_conv2D_BUS1_s_axi.vhd:775]
INFO: [Synth 8-256] done synthesizing module 'axil_conv2D_BUS1_s_axi_ram__parameterized1' (0#1) [/home/ares/Desktop/CO-Proj/Labs/Lab1/vitis_better/viviado_3ip/viviado_3ip.gen/sources_1/bd/ip_3/ipshared/adfa/hdl/vhdl/axil_conv2D_BUS1_s_axi.vhd:775]
	Parameter MEM_STYLE bound to: auto - type: string 
	Parameter MEM_TYPE bound to: T2P - type: string 
	Parameter BYTES bound to: 4 - type: integer 
	Parameter DEPTH bound to: 1849 - type: integer 
	Parameter AWIDTH bound to: 11 - type: integer 
INFO: [Synth 8-3491] module 'axil_conv2D_BUS1_s_axi_ram' declared at '/home/ares/Desktop/CO-Proj/Labs/Lab1/vitis_better/viviado_3ip/viviado_3ip.gen/sources_1/bd/ip_3/ipshared/adfa/hdl/vhdl/axil_conv2D_BUS1_s_axi.vhd:752' bound to instance 'int_image_out' of component 'axil_conv2D_BUS1_s_axi_ram' [/home/ares/Desktop/CO-Proj/Labs/Lab1/vitis_better/viviado_3ip/viviado_3ip.gen/sources_1/bd/ip_3/ipshared/adfa/hdl/vhdl/axil_conv2D_BUS1_s_axi.vhd:259]
INFO: [Synth 8-638] synthesizing module 'axil_conv2D_BUS1_s_axi_ram__parameterized3' [/home/ares/Desktop/CO-Proj/Labs/Lab1/vitis_better/viviado_3ip/viviado_3ip.gen/sources_1/bd/ip_3/ipshared/adfa/hdl/vhdl/axil_conv2D_BUS1_s_axi.vhd:775]
INFO: [Synth 8-256] done synthesizing module 'axil_conv2D_BUS1_s_axi_ram__parameterized3' (0#1) [/home/ares/Desktop/CO-Proj/Labs/Lab1/vitis_better/viviado_3ip/viviado_3ip.gen/sources_1/bd/ip_3/ipshared/adfa/hdl/vhdl/axil_conv2D_BUS1_s_axi.vhd:775]
INFO: [Synth 8-256] done synthesizing module 'axil_conv2D_BUS1_s_axi' (0#1) [/home/ares/Desktop/CO-Proj/Labs/Lab1/vitis_better/viviado_3ip/viviado_3ip.gen/sources_1/bd/ip_3/ipshared/adfa/hdl/vhdl/axil_conv2D_BUS1_s_axi.vhd:96]
INFO: [Synth 8-256] done synthesizing module 'axil_conv2D' (0#1) [/home/ares/Desktop/CO-Proj/Labs/Lab1/vitis_better/viviado_3ip/viviado_3ip.gen/sources_1/bd/ip_3/ipshared/adfa/hdl/vhdl/axil_conv2D.vhd:39]
INFO: [Synth 8-256] done synthesizing module 'ip_3_axil_conv2D_0_0' (0#1) [/home/ares/Desktop/CO-Proj/Labs/Lab1/vitis_better/viviado_3ip/viviado_3ip.gen/sources_1/bd/ip_3/ip/ip_3_axil_conv2D_0_0/synth/ip_3_axil_conv2D_0_0.vhd:81]
WARNING: [Synth 8-6014] Unused sequential element int_ap_done_reg was removed.  [/home/ares/Desktop/CO-Proj/Labs/Lab1/vitis_better/viviado_3ip/viviado_3ip.gen/sources_1/bd/ip_3/ipshared/adfa/hdl/vhdl/axil_conv2D_BUS1_s_axi.vhd:461]
WARNING: [Synth 8-7129] Port we0[3] in module axil_conv2D_BUS1_s_axi_ram__parameterized1 is either unconnected or has no load
WARNING: [Synth 8-7129] Port we0[2] in module axil_conv2D_BUS1_s_axi_ram__parameterized1 is either unconnected or has no load
WARNING: [Synth 8-7129] Port we0[1] in module axil_conv2D_BUS1_s_axi_ram__parameterized1 is either unconnected or has no load
WARNING: [Synth 8-7129] Port we0[0] in module axil_conv2D_BUS1_s_axi_ram__parameterized1 is either unconnected or has no load
WARNING: [Synth 8-7129] Port d0[31] in module axil_conv2D_BUS1_s_axi_ram__parameterized1 is either unconnected or has no load
WARNING: [Synth 8-7129] Port d0[30] in module axil_conv2D_BUS1_s_axi_ram__parameterized1 is either unconnected or has no load
WARNING: [Synth 8-7129] Port d0[29] in module axil_conv2D_BUS1_s_axi_ram__parameterized1 is either unconnected or has no load
WARNING: [Synth 8-7129] Port d0[28] in module axil_conv2D_BUS1_s_axi_ram__parameterized1 is either unconnected or has no load
WARNING: [Synth 8-7129] Port d0[27] in module axil_conv2D_BUS1_s_axi_ram__parameterized1 is either unconnected or has no load
WARNING: [Synth 8-7129] Port d0[26] in module axil_conv2D_BUS1_s_axi_ram__parameterized1 is either unconnected or has no load
WARNING: [Synth 8-7129] Port d0[25] in module axil_conv2D_BUS1_s_axi_ram__parameterized1 is either unconnected or has no load
WARNING: [Synth 8-7129] Port d0[24] in module axil_conv2D_BUS1_s_axi_ram__parameterized1 is either unconnected or has no load
WARNING: [Synth 8-7129] Port d0[23] in module axil_conv2D_BUS1_s_axi_ram__parameterized1 is either unconnected or has no load
WARNING: [Synth 8-7129] Port d0[22] in module axil_conv2D_BUS1_s_axi_ram__parameterized1 is either unconnected or has no load
WARNING: [Synth 8-7129] Port d0[21] in module axil_conv2D_BUS1_s_axi_ram__parameterized1 is either unconnected or has no load
WARNING: [Synth 8-7129] Port d0[20] in module axil_conv2D_BUS1_s_axi_ram__parameterized1 is either unconnected or has no load
WARNING: [Synth 8-7129] Port d0[19] in module axil_conv2D_BUS1_s_axi_ram__parameterized1 is either unconnected or has no load
WARNING: [Synth 8-7129] Port d0[18] in module axil_conv2D_BUS1_s_axi_ram__parameterized1 is either unconnected or has no load
WARNING: [Synth 8-7129] Port d0[17] in module axil_conv2D_BUS1_s_axi_ram__parameterized1 is either unconnected or has no load
WARNING: [Synth 8-7129] Port d0[16] in module axil_conv2D_BUS1_s_axi_ram__parameterized1 is either unconnected or has no load
WARNING: [Synth 8-7129] Port d0[15] in module axil_conv2D_BUS1_s_axi_ram__parameterized1 is either unconnected or has no load
WARNING: [Synth 8-7129] Port d0[14] in module axil_conv2D_BUS1_s_axi_ram__parameterized1 is either unconnected or has no load
WARNING: [Synth 8-7129] Port d0[13] in module axil_conv2D_BUS1_s_axi_ram__parameterized1 is either unconnected or has no load
WARNING: [Synth 8-7129] Port d0[12] in module axil_conv2D_BUS1_s_axi_ram__parameterized1 is either unconnected or has no load
WARNING: [Synth 8-7129] Port d0[11] in module axil_conv2D_BUS1_s_axi_ram__parameterized1 is either unconnected or has no load
WARNING: [Synth 8-7129] Port d0[10] in module axil_conv2D_BUS1_s_axi_ram__parameterized1 is either unconnected or has no load
WARNING: [Synth 8-7129] Port d0[9] in module axil_conv2D_BUS1_s_axi_ram__parameterized1 is either unconnected or has no load
WARNING: [Synth 8-7129] Port d0[8] in module axil_conv2D_BUS1_s_axi_ram__parameterized1 is either unconnected or has no load
WARNING: [Synth 8-7129] Port d0[7] in module axil_conv2D_BUS1_s_axi_ram__parameterized1 is either unconnected or has no load
WARNING: [Synth 8-7129] Port d0[6] in module axil_conv2D_BUS1_s_axi_ram__parameterized1 is either unconnected or has no load
WARNING: [Synth 8-7129] Port d0[5] in module axil_conv2D_BUS1_s_axi_ram__parameterized1 is either unconnected or has no load
WARNING: [Synth 8-7129] Port d0[4] in module axil_conv2D_BUS1_s_axi_ram__parameterized1 is either unconnected or has no load
WARNING: [Synth 8-7129] Port d0[3] in module axil_conv2D_BUS1_s_axi_ram__parameterized1 is either unconnected or has no load
WARNING: [Synth 8-7129] Port d0[2] in module axil_conv2D_BUS1_s_axi_ram__parameterized1 is either unconnected or has no load
WARNING: [Synth 8-7129] Port d0[1] in module axil_conv2D_BUS1_s_axi_ram__parameterized1 is either unconnected or has no load
WARNING: [Synth 8-7129] Port d0[0] in module axil_conv2D_BUS1_s_axi_ram__parameterized1 is either unconnected or has no load
WARNING: [Synth 8-7129] Port we0[3] in module axil_conv2D_BUS1_s_axi_ram is either unconnected or has no load
WARNING: [Synth 8-7129] Port we0[2] in module axil_conv2D_BUS1_s_axi_ram is either unconnected or has no load
WARNING: [Synth 8-7129] Port we0[1] in module axil_conv2D_BUS1_s_axi_ram is either unconnected or has no load
WARNING: [Synth 8-7129] Port we0[0] in module axil_conv2D_BUS1_s_axi_ram is either unconnected or has no load
WARNING: [Synth 8-7129] Port d0[31] in module axil_conv2D_BUS1_s_axi_ram is either unconnected or has no load
WARNING: [Synth 8-7129] Port d0[30] in module axil_conv2D_BUS1_s_axi_ram is either unconnected or has no load
WARNING: [Synth 8-7129] Port d0[29] in module axil_conv2D_BUS1_s_axi_ram is either unconnected or has no load
WARNING: [Synth 8-7129] Port d0[28] in module axil_conv2D_BUS1_s_axi_ram is either unconnected or has no load
WARNING: [Synth 8-7129] Port d0[27] in module axil_conv2D_BUS1_s_axi_ram is either unconnected or has no load
WARNING: [Synth 8-7129] Port d0[26] in module axil_conv2D_BUS1_s_axi_ram is either unconnected or has no load
WARNING: [Synth 8-7129] Port d0[25] in module axil_conv2D_BUS1_s_axi_ram is either unconnected or has no load
WARNING: [Synth 8-7129] Port d0[24] in module axil_conv2D_BUS1_s_axi_ram is either unconnected or has no load
WARNING: [Synth 8-7129] Port d0[23] in module axil_conv2D_BUS1_s_axi_ram is either unconnected or has no load
WARNING: [Synth 8-7129] Port d0[22] in module axil_conv2D_BUS1_s_axi_ram is either unconnected or has no load
WARNING: [Synth 8-7129] Port d0[21] in module axil_conv2D_BUS1_s_axi_ram is either unconnected or has no load
WARNING: [Synth 8-7129] Port d0[20] in module axil_conv2D_BUS1_s_axi_ram is either unconnected or has no load
WARNING: [Synth 8-7129] Port d0[19] in module axil_conv2D_BUS1_s_axi_ram is either unconnected or has no load
WARNING: [Synth 8-7129] Port d0[18] in module axil_conv2D_BUS1_s_axi_ram is either unconnected or has no load
WARNING: [Synth 8-7129] Port d0[17] in module axil_conv2D_BUS1_s_axi_ram is either unconnected or has no load
WARNING: [Synth 8-7129] Port d0[16] in module axil_conv2D_BUS1_s_axi_ram is either unconnected or has no load
WARNING: [Synth 8-7129] Port d0[15] in module axil_conv2D_BUS1_s_axi_ram is either unconnected or has no load
WARNING: [Synth 8-7129] Port d0[14] in module axil_conv2D_BUS1_s_axi_ram is either unconnected or has no load
WARNING: [Synth 8-7129] Port d0[13] in module axil_conv2D_BUS1_s_axi_ram is either unconnected or has no load
WARNING: [Synth 8-7129] Port d0[12] in module axil_conv2D_BUS1_s_axi_ram is either unconnected or has no load
WARNING: [Synth 8-7129] Port d0[11] in module axil_conv2D_BUS1_s_axi_ram is either unconnected or has no load
WARNING: [Synth 8-7129] Port d0[10] in module axil_conv2D_BUS1_s_axi_ram is either unconnected or has no load
WARNING: [Synth 8-7129] Port d0[9] in module axil_conv2D_BUS1_s_axi_ram is either unconnected or has no load
WARNING: [Synth 8-7129] Port d0[8] in module axil_conv2D_BUS1_s_axi_ram is either unconnected or has no load
WARNING: [Synth 8-7129] Port d0[7] in module axil_conv2D_BUS1_s_axi_ram is either unconnected or has no load
WARNING: [Synth 8-7129] Port d0[6] in module axil_conv2D_BUS1_s_axi_ram is either unconnected or has no load
WARNING: [Synth 8-7129] Port d0[5] in module axil_conv2D_BUS1_s_axi_ram is either unconnected or has no load
WARNING: [Synth 8-7129] Port d0[4] in module axil_conv2D_BUS1_s_axi_ram is either unconnected or has no load
WARNING: [Synth 8-7129] Port d0[3] in module axil_conv2D_BUS1_s_axi_ram is either unconnected or has no load
WARNING: [Synth 8-7129] Port d0[2] in module axil_conv2D_BUS1_s_axi_ram is either unconnected or has no load
WARNING: [Synth 8-7129] Port d0[1] in module axil_conv2D_BUS1_s_axi_ram is either unconnected or has no load
WARNING: [Synth 8-7129] Port d0[0] in module axil_conv2D_BUS1_s_axi_ram is either unconnected or has no load
WARNING: [Synth 8-7129] Port ap_done_int in module axil_conv2D_flow_control_loop_pipe_sequential_init is either unconnected or has no load
WARNING: [Synth 8-7129] Port rst in module axil_conv2D_mac_muladd_8ns_8s_17s_18_4_1_DSP48_0 is either unconnected or has no load
WARNING: [Synth 8-7129] Port rst in module axil_conv2D_mac_muladd_8ns_8s_16s_17_4_1_DSP48_0 is either unconnected or has no load
WARNING: [Synth 8-7129] Port rst in module axil_conv2D_ama_addmuladd_2ns_7ns_7ns_7ns_13_4_1_DSP48_0 is either unconnected or has no load
---------------------------------------------------------------------------------
Finished RTL Elaboration : Time (s): cpu = 00:00:10 ; elapsed = 00:00:19 . Memory (MB): peak = 2217.363 ; gain = 501.715 ; free physical = 148 ; free virtual = 2430
---------------------------------------------------------------------------------
---------------------------------------------------------------------------------
Start Handling Custom Attributes
---------------------------------------------------------------------------------
---------------------------------------------------------------------------------
Finished Handling Custom Attributes : Time (s): cpu = 00:00:10 ; elapsed = 00:00:20 . Memory (MB): peak = 2232.207 ; gain = 516.559 ; free physical = 146 ; free virtual = 2427
---------------------------------------------------------------------------------
---------------------------------------------------------------------------------
Finished RTL Optimization Phase 1 : Time (s): cpu = 00:00:10 ; elapsed = 00:00:20 . Memory (MB): peak = 2232.207 ; gain = 516.559 ; free physical = 146 ; free virtual = 2427
---------------------------------------------------------------------------------
Netlist sorting complete. Time (s): cpu = 00:00:00.02 ; elapsed = 00:00:00.03 . Memory (MB): peak = 2232.207 ; gain = 0.000 ; free physical = 139 ; free virtual = 2421
INFO: [Project 1-570] Preparing netlist for logic optimization

Processing XDC Constraints
Initializing timing engine
Parsing XDC File [/home/ares/Desktop/CO-Proj/Labs/Lab1/vitis_better/viviado_3ip/viviado_3ip.gen/sources_1/bd/ip_3/ip/ip_3_axil_conv2D_0_0/constraints/axil_conv2D_ooc.xdc] for cell 'U0'
Finished Parsing XDC File [/home/ares/Desktop/CO-Proj/Labs/Lab1/vitis_better/viviado_3ip/viviado_3ip.gen/sources_1/bd/ip_3/ip/ip_3_axil_conv2D_0_0/constraints/axil_conv2D_ooc.xdc] for cell 'U0'
Parsing XDC File [/home/ares/Desktop/CO-Proj/Labs/Lab1/vitis_better/viviado_3ip/viviado_3ip.runs/ip_3_axil_conv2D_0_0_synth_1/dont_touch.xdc]
Finished Parsing XDC File [/home/ares/Desktop/CO-Proj/Labs/Lab1/vitis_better/viviado_3ip/viviado_3ip.runs/ip_3_axil_conv2D_0_0_synth_1/dont_touch.xdc]
Completed Processing XDC Constraints

Netlist sorting complete. Time (s): cpu = 00:00:00 ; elapsed = 00:00:00 . Memory (MB): peak = 2382.957 ; gain = 0.000 ; free physical = 135 ; free virtual = 2425
INFO: [Project 1-111] Unisim Transformation Summary:
No Unisim elements were transformed.

Constraint Validation Runtime : Time (s): cpu = 00:00:00.07 ; elapsed = 00:00:00.46 . Memory (MB): peak = 2382.957 ; gain = 0.000 ; free physical = 123 ; free virtual = 2414
INFO: [Designutils 20-5008] Incremental synthesis strategy off
---------------------------------------------------------------------------------
Finished Constraint Validation : Time (s): cpu = 00:00:20 ; elapsed = 00:00:32 . Memory (MB): peak = 2382.957 ; gain = 667.309 ; free physical = 129 ; free virtual = 2421
---------------------------------------------------------------------------------
---------------------------------------------------------------------------------
Start Loading Part and Timing Information
---------------------------------------------------------------------------------
Loading part: xc7z010clg400-1
---------------------------------------------------------------------------------
Finished Loading Part and Timing Information : Time (s): cpu = 00:00:20 ; elapsed = 00:00:32 . Memory (MB): peak = 2382.957 ; gain = 667.309 ; free physical = 129 ; free virtual = 2421
---------------------------------------------------------------------------------
---------------------------------------------------------------------------------
Start Applying 'set_property' XDC Constraints
---------------------------------------------------------------------------------
Applied set_property KEEP_HIERARCHY = SOFT for U0. (constraint file  /home/ares/Desktop/CO-Proj/Labs/Lab1/vitis_better/viviado_3ip/viviado_3ip.runs/ip_3_axil_conv2D_0_0_synth_1/dont_touch.xdc, line 9).
---------------------------------------------------------------------------------
Finished applying 'set_property' XDC Constraints : Time (s): cpu = 00:00:20 ; elapsed = 00:00:32 . Memory (MB): peak = 2382.957 ; gain = 667.309 ; free physical = 129 ; free virtual = 2421
---------------------------------------------------------------------------------
WARNING: [Synth 8-3936] Found unconnected internal register 'p_reg_reg' and it is trimmed from '48' to '13' bits. [/home/ares/Desktop/CO-Proj/Labs/Lab1/vitis_better/viviado_3ip/viviado_3ip.gen/sources_1/bd/ip_3/ipshared/adfa/hdl/vhdl/axil_conv2D_ama_addmuladd_2ns_7ns_7ns_7ns_13_4_1.vhd:58]
WARNING: [Synth 8-3936] Found unconnected internal register 'm_reg_reg' and it is trimmed from '43' to '13' bits. [/home/ares/Desktop/CO-Proj/Labs/Lab1/vitis_better/viviado_3ip/viviado_3ip.gen/sources_1/bd/ip_3/ipshared/adfa/hdl/vhdl/axil_conv2D_ama_addmuladd_2ns_7ns_7ns_7ns_13_4_1.vhd:49]
WARNING: [Synth 8-3936] Found unconnected internal register 'b_reg_reg' and it is trimmed from '18' to '13' bits. [/home/ares/Desktop/CO-Proj/Labs/Lab1/vitis_better/viviado_3ip/viviado_3ip.gen/sources_1/bd/ip_3/ipshared/adfa/hdl/vhdl/axil_conv2D_ama_addmuladd_2ns_7ns_7ns_7ns_13_4_1.vhd:47]
WARNING: [Synth 8-3936] Found unconnected internal register 'ad_reg_reg' and it is trimmed from '25' to '13' bits. [/home/ares/Desktop/CO-Proj/Labs/Lab1/vitis_better/viviado_3ip/viviado_3ip.gen/sources_1/bd/ip_3/ipshared/adfa/hdl/vhdl/axil_conv2D_ama_addmuladd_2ns_7ns_7ns_7ns_13_4_1.vhd:47]
WARNING: [Synth 8-3936] Found unconnected internal register 'p_reg_reg' and it is trimmed from '48' to '17' bits. [/home/ares/Desktop/CO-Proj/Labs/Lab1/vitis_better/viviado_3ip/viviado_3ip.gen/sources_1/bd/ip_3/ipshared/adfa/hdl/vhdl/axil_conv2D_mac_muladd_8ns_8s_16s_17_4_1.vhd:52]
WARNING: [Synth 8-3936] Found unconnected internal register 'm_reg_reg' and it is trimmed from '43' to '17' bits. [/home/ares/Desktop/CO-Proj/Labs/Lab1/vitis_better/viviado_3ip/viviado_3ip.gen/sources_1/bd/ip_3/ipshared/adfa/hdl/vhdl/axil_conv2D_mac_muladd_8ns_8s_16s_17_4_1.vhd:43]
WARNING: [Synth 8-3936] Found unconnected internal register 'b_reg_reg' and it is trimmed from '18' to '17' bits. [/home/ares/Desktop/CO-Proj/Labs/Lab1/vitis_better/viviado_3ip/viviado_3ip.gen/sources_1/bd/ip_3/ipshared/adfa/hdl/vhdl/axil_conv2D_mac_muladd_8ns_8s_16s_17_4_1.vhd:41]
WARNING: [Synth 8-3936] Found unconnected internal register 'a_reg_reg' and it is trimmed from '25' to '17' bits. [/home/ares/Desktop/CO-Proj/Labs/Lab1/vitis_better/viviado_3ip/viviado_3ip.gen/sources_1/bd/ip_3/ipshared/adfa/hdl/vhdl/axil_conv2D_mac_muladd_8ns_8s_16s_17_4_1.vhd:41]
WARNING: [Synth 8-3936] Found unconnected internal register 'p_reg_reg' and it is trimmed from '48' to '18' bits. [/home/ares/Desktop/CO-Proj/Labs/Lab1/vitis_better/viviado_3ip/viviado_3ip.gen/sources_1/bd/ip_3/ipshared/adfa/hdl/vhdl/axil_conv2D_mac_muladd_8ns_8s_17s_18_4_1.vhd:52]
WARNING: [Synth 8-3936] Found unconnected internal register 'm_reg_reg' and it is trimmed from '43' to '18' bits. [/home/ares/Desktop/CO-Proj/Labs/Lab1/vitis_better/viviado_3ip/viviado_3ip.gen/sources_1/bd/ip_3/ipshared/adfa/hdl/vhdl/axil_conv2D_mac_muladd_8ns_8s_17s_18_4_1.vhd:43]
WARNING: [Synth 8-3936] Found unconnected internal register 'a_reg_reg' and it is trimmed from '25' to '18' bits. [/home/ares/Desktop/CO-Proj/Labs/Lab1/vitis_better/viviado_3ip/viviado_3ip.gen/sources_1/bd/ip_3/ipshared/adfa/hdl/vhdl/axil_conv2D_mac_muladd_8ns_8s_17s_18_4_1.vhd:41]
INFO: [Synth 8-4490] FSM extraction disabled for register 'ap_CS_fsm_reg' through user attribute
INFO: [Synth 8-4490] FSM extraction disabled for register 'ap_CS_fsm_reg' through user attribute
INFO: [Synth 8-3971] The signal "axil_conv2D_BUS1_s_axi_ram__parameterized3:/write_p1.mem_reg" was recognized as a true dual port RAM template.
---------------------------------------------------------------------------------
Finished RTL Optimization Phase 2 : Time (s): cpu = 00:00:20 ; elapsed = 00:00:33 . Memory (MB): peak = 2382.957 ; gain = 667.309 ; free physical = 120 ; free virtual = 2413
---------------------------------------------------------------------------------
---------------------------------------------------------------------------------
Start RTL Component Statistics 
---------------------------------------------------------------------------------
Detailed RTL Component Info : 
+---Adders : 
	   2 Input   13 Bit       Adders := 4     
	   2 Input    7 Bit       Adders := 2     
	   3 Input    4 Bit       Adders := 2     
	   2 Input    3 Bit       Adders := 1     
	   2 Input    2 Bit       Adders := 2     
+---XORs : 
	   2 Input      1 Bit         XORs := 2     
+---Registers : 
	               32 Bit    Registers := 10    
	               21 Bit    Registers := 1     
	               18 Bit    Registers := 1     
	               17 Bit    Registers := 1     
	               15 Bit    Registers := 1     
	               13 Bit    Registers := 4     
	               11 Bit    Registers := 2     
	                8 Bit    Registers := 5     
	                7 Bit    Registers := 6     
	                4 Bit    Registers := 1     
	                3 Bit    Registers := 4     
	                2 Bit    Registers := 9     
	                1 Bit    Registers := 29    
+---RAMs : 
	              60K Bit	(1936 X 32 bit)          RAMs := 1     
	              57K Bit	(1849 X 32 bit)          RAMs := 1     
	               96 Bit	(3 X 32 bit)          RAMs := 1     
+---Muxes : 
	   2 Input   32 Bit        Muxes := 28    
	   2 Input   20 Bit        Muxes := 1     
	   2 Input   11 Bit        Muxes := 4     
	   2 Input    8 Bit        Muxes := 4     
	   2 Input    5 Bit        Muxes := 1     
	   2 Input    4 Bit        Muxes := 6     
	   4 Input    3 Bit        Muxes := 1     
	   5 Input    3 Bit        Muxes := 1     
	   2 Input    3 Bit        Muxes := 1     
	   2 Input    2 Bit        Muxes := 3     
	   6 Input    2 Bit        Muxes := 1     
	   2 Input    1 Bit        Muxes := 21    
---------------------------------------------------------------------------------
Finished RTL Component Statistics 
---------------------------------------------------------------------------------
---------------------------------------------------------------------------------
Start Part Resource Summary
---------------------------------------------------------------------------------
Part Resources:
DSPs: 80 (col length:40)
BRAMs: 120 (col length: RAMB18 40 RAMB36 20)
---------------------------------------------------------------------------------
Finished Part Resource Summary
---------------------------------------------------------------------------------
---------------------------------------------------------------------------------
Start Cross Boundary and Area Optimization
---------------------------------------------------------------------------------
WARNING: [Synth 8-7080] Parallel synthesis criteria is not met
DSP Report: Generating DSP grp_axil_conv2D_Pipeline_loop_k_fu_141/ama_addmuladd_2ns_7ns_7ns_7ns_13_4_1_U2/axil_conv2D_ama_addmuladd_2ns_7ns_7ns_7ns_13_4_1_DSP48_0_U/p_reg_reg, operation Mode is: (C+((D+A2)*(B:0x58)')')'.
DSP Report: register grp_axil_conv2D_Pipeline_loop_k_fu_141/ama_addmuladd_2ns_7ns_7ns_7ns_13_4_1_U2/axil_conv2D_ama_addmuladd_2ns_7ns_7ns_7ns_13_4_1_DSP48_0_U/p_reg_reg is absorbed into DSP grp_axil_conv2D_Pipeline_loop_k_fu_141/ama_addmuladd_2ns_7ns_7ns_7ns_13_4_1_U2/axil_conv2D_ama_addmuladd_2ns_7ns_7ns_7ns_13_4_1_DSP48_0_U/p_reg_reg.
DSP Report: register grp_axil_conv2D_Pipeline_loop_k_fu_141/ama_addmuladd_2ns_7ns_7ns_7ns_13_4_1_U2/axil_conv2D_ama_addmuladd_2ns_7ns_7ns_7ns_13_4_1_DSP48_0_U/b_reg_reg is absorbed into DSP grp_axil_conv2D_Pipeline_loop_k_fu_141/ama_addmuladd_2ns_7ns_7ns_7ns_13_4_1_U2/axil_conv2D_ama_addmuladd_2ns_7ns_7ns_7ns_13_4_1_DSP48_0_U/p_reg_reg.
DSP Report: register grp_axil_conv2D_Pipeline_loop_k_fu_141/ama_addmuladd_2ns_7ns_7ns_7ns_13_4_1_U2/axil_conv2D_ama_addmuladd_2ns_7ns_7ns_7ns_13_4_1_DSP48_0_U/p_reg_reg is absorbed into DSP grp_axil_conv2D_Pipeline_loop_k_fu_141/ama_addmuladd_2ns_7ns_7ns_7ns_13_4_1_U2/axil_conv2D_ama_addmuladd_2ns_7ns_7ns_7ns_13_4_1_DSP48_0_U/p_reg_reg.
DSP Report: register grp_axil_conv2D_Pipeline_loop_k_fu_141/ama_addmuladd_2ns_7ns_7ns_7ns_13_4_1_U2/axil_conv2D_ama_addmuladd_2ns_7ns_7ns_7ns_13_4_1_DSP48_0_U/m_reg_reg is absorbed into DSP grp_axil_conv2D_Pipeline_loop_k_fu_141/ama_addmuladd_2ns_7ns_7ns_7ns_13_4_1_U2/axil_conv2D_ama_addmuladd_2ns_7ns_7ns_7ns_13_4_1_DSP48_0_U/p_reg_reg.
DSP Report: register grp_axil_conv2D_Pipeline_loop_k_fu_141/ama_addmuladd_2ns_7ns_7ns_7ns_13_4_1_U2/axil_conv2D_ama_addmuladd_2ns_7ns_7ns_7ns_13_4_1_DSP48_0_U/ad_reg_reg is absorbed into DSP grp_axil_conv2D_Pipeline_loop_k_fu_141/ama_addmuladd_2ns_7ns_7ns_7ns_13_4_1_U2/axil_conv2D_ama_addmuladd_2ns_7ns_7ns_7ns_13_4_1_DSP48_0_U/p_reg_reg.
DSP Report: operator grp_axil_conv2D_Pipeline_loop_k_fu_141/ama_addmuladd_2ns_7ns_7ns_7ns_13_4_1_U2/axil_conv2D_ama_addmuladd_2ns_7ns_7ns_7ns_13_4_1_DSP48_0_U/p is absorbed into DSP grp_axil_conv2D_Pipeline_loop_k_fu_141/ama_addmuladd_2ns_7ns_7ns_7ns_13_4_1_U2/axil_conv2D_ama_addmuladd_2ns_7ns_7ns_7ns_13_4_1_DSP48_0_U/p_reg_reg.
DSP Report: operator grp_axil_conv2D_Pipeline_loop_k_fu_141/ama_addmuladd_2ns_7ns_7ns_7ns_13_4_1_U2/axil_conv2D_ama_addmuladd_2ns_7ns_7ns_7ns_13_4_1_DSP48_0_U/m is absorbed into DSP grp_axil_conv2D_Pipeline_loop_k_fu_141/ama_addmuladd_2ns_7ns_7ns_7ns_13_4_1_U2/axil_conv2D_ama_addmuladd_2ns_7ns_7ns_7ns_13_4_1_DSP48_0_U/p_reg_reg.
DSP Report: operator grp_axil_conv2D_Pipeline_loop_k_fu_141/ama_addmuladd_2ns_7ns_7ns_7ns_13_4_1_U2/axil_conv2D_ama_addmuladd_2ns_7ns_7ns_7ns_13_4_1_DSP48_0_U/ad is absorbed into DSP grp_axil_conv2D_Pipeline_loop_k_fu_141/ama_addmuladd_2ns_7ns_7ns_7ns_13_4_1_U2/axil_conv2D_ama_addmuladd_2ns_7ns_7ns_7ns_13_4_1_DSP48_0_U/p_reg_reg.
DSP Report: Generating DSP grp_axil_conv2D_Pipeline_loop_k_fu_141/mul_8ns_8s_16_1_1_U1/tmp_product, operation Mode is: A2*B2.
DSP Report: register grp_axil_conv2D_Pipeline_loop_k_fu_141/weights_load_1_reg_567_reg is absorbed into DSP grp_axil_conv2D_Pipeline_loop_k_fu_141/mul_8ns_8s_16_1_1_U1/tmp_product.
DSP Report: register grp_axil_conv2D_Pipeline_loop_k_fu_141/mul_8ns_8s_16_1_1_U1/tmp_product is absorbed into DSP grp_axil_conv2D_Pipeline_loop_k_fu_141/mul_8ns_8s_16_1_1_U1/tmp_product.
DSP Report: operator grp_axil_conv2D_Pipeline_loop_k_fu_141/mul_8ns_8s_16_1_1_U1/tmp_product is absorbed into DSP grp_axil_conv2D_Pipeline_loop_k_fu_141/mul_8ns_8s_16_1_1_U1/tmp_product.
DSP Report: Generating DSP grp_axil_conv2D_Pipeline_loop_k_fu_141/mac_muladd_8ns_8s_16s_17_4_1_U3/axil_conv2D_mac_muladd_8ns_8s_16s_17_4_1_DSP48_0_U/p_reg_reg, operation Mode is: (C+(A''*B'')')'.
DSP Report: register grp_axil_conv2D_Pipeline_loop_k_fu_141/reg_173_reg is absorbed into DSP grp_axil_conv2D_Pipeline_loop_k_fu_141/mac_muladd_8ns_8s_16s_17_4_1_U3/axil_conv2D_mac_muladd_8ns_8s_16s_17_4_1_DSP48_0_U/p_reg_reg.
DSP Report: register grp_axil_conv2D_Pipeline_loop_k_fu_141/mac_muladd_8ns_8s_16s_17_4_1_U3/axil_conv2D_mac_muladd_8ns_8s_16s_17_4_1_DSP48_0_U/b_reg_reg is absorbed into DSP grp_axil_conv2D_Pipeline_loop_k_fu_141/mac_muladd_8ns_8s_16s_17_4_1_U3/axil_conv2D_mac_muladd_8ns_8s_16s_17_4_1_DSP48_0_U/p_reg_reg.
DSP Report: register grp_axil_conv2D_Pipeline_loop_k_fu_141/mac_muladd_8ns_8s_16s_17_4_1_U3/axil_conv2D_mac_muladd_8ns_8s_16s_17_4_1_DSP48_0_U/p_reg_reg is absorbed into DSP grp_axil_conv2D_Pipeline_loop_k_fu_141/mac_muladd_8ns_8s_16s_17_4_1_U3/axil_conv2D_mac_muladd_8ns_8s_16s_17_4_1_DSP48_0_U/p_reg_reg.
DSP Report: register grp_axil_conv2D_Pipeline_loop_k_fu_141/mac_muladd_8ns_8s_16s_17_4_1_U3/axil_conv2D_mac_muladd_8ns_8s_16s_17_4_1_DSP48_0_U/p_reg_reg is absorbed into DSP grp_axil_conv2D_Pipeline_loop_k_fu_141/mac_muladd_8ns_8s_16s_17_4_1_U3/axil_conv2D_mac_muladd_8ns_8s_16s_17_4_1_DSP48_0_U/p_reg_reg.
DSP Report: register grp_axil_conv2D_Pipeline_loop_k_fu_141/mac_muladd_8ns_8s_16s_17_4_1_U3/axil_conv2D_mac_muladd_8ns_8s_16s_17_4_1_DSP48_0_U/p_reg_reg is absorbed into DSP grp_axil_conv2D_Pipeline_loop_k_fu_141/mac_muladd_8ns_8s_16s_17_4_1_U3/axil_conv2D_mac_muladd_8ns_8s_16s_17_4_1_DSP48_0_U/p_reg_reg.
DSP Report: register grp_axil_conv2D_Pipeline_loop_k_fu_141/mac_muladd_8ns_8s_16s_17_4_1_U3/axil_conv2D_mac_muladd_8ns_8s_16s_17_4_1_DSP48_0_U/m_reg_reg is absorbed into DSP grp_axil_conv2D_Pipeline_loop_k_fu_141/mac_muladd_8ns_8s_16s_17_4_1_U3/axil_conv2D_mac_muladd_8ns_8s_16s_17_4_1_DSP48_0_U/p_reg_reg.
DSP Report: operator grp_axil_conv2D_Pipeline_loop_k_fu_141/mac_muladd_8ns_8s_16s_17_4_1_U3/axil_conv2D_mac_muladd_8ns_8s_16s_17_4_1_DSP48_0_U/p is absorbed into DSP grp_axil_conv2D_Pipeline_loop_k_fu_141/mac_muladd_8ns_8s_16s_17_4_1_U3/axil_conv2D_mac_muladd_8ns_8s_16s_17_4_1_DSP48_0_U/p_reg_reg.
DSP Report: operator grp_axil_conv2D_Pipeline_loop_k_fu_141/mac_muladd_8ns_8s_16s_17_4_1_U3/axil_conv2D_mac_muladd_8ns_8s_16s_17_4_1_DSP48_0_U/m is absorbed into DSP grp_axil_conv2D_Pipeline_loop_k_fu_141/mac_muladd_8ns_8s_16s_17_4_1_U3/axil_conv2D_mac_muladd_8ns_8s_16s_17_4_1_DSP48_0_U/p_reg_reg.
DSP Report: Generating DSP grp_axil_conv2D_Pipeline_loop_k_fu_141/mac_muladd_8ns_8s_17s_18_4_1_U4/axil_conv2D_mac_muladd_8ns_8s_17s_18_4_1_DSP48_0_U/p_reg_reg, operation Mode is: (C+(A''*B'')')'.
DSP Report: register grp_axil_conv2D_Pipeline_loop_k_fu_141/reg_173_reg is absorbed into DSP grp_axil_conv2D_Pipeline_loop_k_fu_141/mac_muladd_8ns_8s_17s_18_4_1_U4/axil_conv2D_mac_muladd_8ns_8s_17s_18_4_1_DSP48_0_U/p_reg_reg.
DSP Report: register grp_axil_conv2D_Pipeline_loop_k_fu_141/mac_muladd_8ns_8s_17s_18_4_1_U4/axil_conv2D_mac_muladd_8ns_8s_17s_18_4_1_DSP48_0_U/p_reg_reg is absorbed into DSP grp_axil_conv2D_Pipeline_loop_k_fu_141/mac_muladd_8ns_8s_17s_18_4_1_U4/axil_conv2D_mac_muladd_8ns_8s_17s_18_4_1_DSP48_0_U/p_reg_reg.
DSP Report: register grp_axil_conv2D_Pipeline_loop_k_fu_141/mac_muladd_8ns_8s_17s_18_4_1_U4/axil_conv2D_mac_muladd_8ns_8s_17s_18_4_1_DSP48_0_U/p_reg_reg is absorbed into DSP grp_axil_conv2D_Pipeline_loop_k_fu_141/mac_muladd_8ns_8s_17s_18_4_1_U4/axil_conv2D_mac_muladd_8ns_8s_17s_18_4_1_DSP48_0_U/p_reg_reg.
DSP Report: register grp_axil_conv2D_Pipeline_loop_k_fu_141/mac_muladd_8ns_8s_16s_17_4_1_U3/axil_conv2D_mac_muladd_8ns_8s_16s_17_4_1_DSP48_0_U/b_reg_reg is absorbed into DSP grp_axil_conv2D_Pipeline_loop_k_fu_141/mac_muladd_8ns_8s_17s_18_4_1_U4/axil_conv2D_mac_muladd_8ns_8s_17s_18_4_1_DSP48_0_U/p_reg_reg.
DSP Report: register grp_axil_conv2D_Pipeline_loop_k_fu_141/mac_muladd_8ns_8s_17s_18_4_1_U4/axil_conv2D_mac_muladd_8ns_8s_17s_18_4_1_DSP48_0_U/p_reg_reg is absorbed into DSP grp_axil_conv2D_Pipeline_loop_k_fu_141/mac_muladd_8ns_8s_17s_18_4_1_U4/axil_conv2D_mac_muladd_8ns_8s_17s_18_4_1_DSP48_0_U/p_reg_reg.
DSP Report: register grp_axil_conv2D_Pipeline_loop_k_fu_141/mac_muladd_8ns_8s_17s_18_4_1_U4/axil_conv2D_mac_muladd_8ns_8s_17s_18_4_1_DSP48_0_U/m_reg_reg is absorbed into DSP grp_axil_conv2D_Pipeline_loop_k_fu_141/mac_muladd_8ns_8s_17s_18_4_1_U4/axil_conv2D_mac_muladd_8ns_8s_17s_18_4_1_DSP48_0_U/p_reg_reg.
DSP Report: operator grp_axil_conv2D_Pipeline_loop_k_fu_141/mac_muladd_8ns_8s_17s_18_4_1_U4/axil_conv2D_mac_muladd_8ns_8s_17s_18_4_1_DSP48_0_U/p is absorbed into DSP grp_axil_conv2D_Pipeline_loop_k_fu_141/mac_muladd_8ns_8s_17s_18_4_1_U4/axil_conv2D_mac_muladd_8ns_8s_17s_18_4_1_DSP48_0_U/p_reg_reg.
DSP Report: operator grp_axil_conv2D_Pipeline_loop_k_fu_141/mac_muladd_8ns_8s_17s_18_4_1_U4/axil_conv2D_mac_muladd_8ns_8s_17s_18_4_1_DSP48_0_U/m is absorbed into DSP grp_axil_conv2D_Pipeline_loop_k_fu_141/mac_muladd_8ns_8s_17s_18_4_1_U4/axil_conv2D_mac_muladd_8ns_8s_17s_18_4_1_DSP48_0_U/p_reg_reg.
INFO: [Synth 8-3971] The signal "U0/BUS1_s_axi_U/int_image_out/write_p0.mem_reg" was recognized as a true dual port RAM template.
WARNING: [Synth 8-3332] Sequential element (grp_axil_conv2D_Pipeline_loop_k_fu_141/ama_addmuladd_2ns_7ns_7ns_7ns_13_4_1_U2/axil_conv2D_ama_addmuladd_2ns_7ns_7ns_7ns_13_4_1_DSP48_0_U/p_reg_reg) is unused and will be removed from module axil_conv2D.
---------------------------------------------------------------------------------
Finished Cross Boundary and Area Optimization : Time (s): cpu = 00:00:24 ; elapsed = 00:00:37 . Memory (MB): peak = 2382.957 ; gain = 667.309 ; free physical = 130 ; free virtual = 2400
---------------------------------------------------------------------------------
 Sort Area is  grp_axil_conv2D_Pipeline_loop_k_fu_141/mac_muladd_8ns_8s_17s_18_4_1_U4/axil_conv2D_mac_muladd_8ns_8s_17s_18_4_1_DSP48_0_U/p_reg_reg_6 : 0 0 : 1050 1050 : Used 1 time 0
 Sort Area is  grp_axil_conv2D_Pipeline_loop_k_fu_141/mac_muladd_8ns_8s_16s_17_4_1_U3/axil_conv2D_mac_muladd_8ns_8s_16s_17_4_1_DSP48_0_U/p_reg_reg_4 : 0 0 : 998 998 : Used 1 time 0
 Sort Area is  grp_axil_conv2D_Pipeline_loop_k_fu_141/ama_addmuladd_2ns_7ns_7ns_7ns_13_4_1_U2/axil_conv2D_ama_addmuladd_2ns_7ns_7ns_7ns_13_4_1_DSP48_0_U/p_reg_reg_0 : 0 0 : 911 911 : Used 1 time 0
 Sort Area is  grp_axil_conv2D_Pipeline_loop_k_fu_141/mul_8ns_8s_16_1_1_U1/tmp_product_2 : 0 0 : 519 519 : Used 1 time 0
---------------------------------------------------------------------------------
Start ROM, RAM, DSP, Shift Register and Retiming Reporting
---------------------------------------------------------------------------------

Block RAM: Preliminary Mapping Report (see note below)
+------------+---------------------------------------------+------------------------+---+---+------------------------+---+---+------------------+--------+--------+
|Module Name | RTL Object                                  | PORT A (Depth x Width) | W | R | PORT B (Depth x Width) | W | R | Ports driving FF | RAMB18 | RAMB36 | 
+------------+---------------------------------------------+------------------------+---+---+------------------------+---+---+------------------+--------+--------+
|U0          | BUS1_s_axi_U/int_image_in/write_p1.mem_reg  | 1 K x 32(READ_FIRST)   | W | R | 1 K x 32(WRITE_FIRST)  |   | R | Port A and B     | 0      | 2      | 
|U0          | BUS1_s_axi_U/int_image_out/write_p0.mem_reg | 1 K x 32(READ_FIRST)   | W | R | 1 K x 32(READ_FIRST)   | W | R | Port A and B     | 0      | 2      | 
+------------+---------------------------------------------+------------------------+---+---+------------------------+---+---+------------------+--------+--------+

Note: The table above is a preliminary report that shows the Block RAMs at the current stage of the synthesis flow. Some Block RAMs may be reimplemented as non Block RAM primitives later in the synthesis flow. Multiple instantiated Block RAMs are reported only once. 

Distributed RAM: Preliminary Mapping Report (see note below)
+------------+-------------------------------------------+-----------+----------------------+----------------+
|Module Name | RTL Object                                | Inference | Size (Depth x Width) | Primitives     | 
+------------+-------------------------------------------+-----------+----------------------+----------------+
|U0          | BUS1_s_axi_U/int_weights/write_p1.mem_reg | Implied   | 4 x 32               | RAM16X1D x 32  | 
+------------+-------------------------------------------+-----------+----------------------+----------------+

Note: The table above is a preliminary report that shows the Distributed RAMs at the current stage of the synthesis flow. Some Distributed RAMs may be reimplemented as non Distributed RAM primitives later in the synthesis flow. Multiple instantiated RAMs are reported only once.

DSP: Preliminary Mapping Report (see note below. The ' indicates corresponding REG is set)
+------------+--------------------------+--------+--------+--------+--------+--------+------+------+------+------+-------+------+------+
|Module Name | DSP Mapping              | A Size | B Size | C Size | D Size | P Size | AREG | BREG | CREG | DREG | ADREG | MREG | PREG | 
+------------+--------------------------+--------+--------+--------+--------+--------+------+------+------+------+-------+------+------+
|axil_conv2D | (C+((D+A2)*(B:0x58)')')' | 8      | 13     | 8      | 3      | 13     | 1    | 1    | 0    | 0    | 1     | 1    | 1    | 
|axil_conv2D | A2*B2                    | 9      | 8      | -      | -      | 17     | 1    | 1    | -    | -    | -     | 0    | 0    | 
|axil_conv2D | (C+(A''*B'')')'          | 17     | 8      | 16     | -      | 17     | 2    | 2    | 0    | -    | -     | 1    | 1    | 
|axil_conv2D | (C+(A''*B'')')'          | 18     | 8      | 17     | -      | 18     | 2    | 2    | 0    | -    | -     | 1    | 1    | 
+------------+--------------------------+--------+--------+--------+--------+--------+------+------+------+------+-------+------+------+

Note: The table above is a preliminary report that shows the DSPs inferred at the current stage of the synthesis flow. Some DSP may be reimplemented as non DSP primitives later in the synthesis flow. Multiple instantiated DSPs are reported only once.
---------------------------------------------------------------------------------
Finished ROM, RAM, DSP, Shift Register and Retiming Reporting
---------------------------------------------------------------------------------
---------------------------------------------------------------------------------
Start Applying XDC Timing Constraints
---------------------------------------------------------------------------------
---------------------------------------------------------------------------------
Finished Applying XDC Timing Constraints : Time (s): cpu = 00:00:35 ; elapsed = 00:00:48 . Memory (MB): peak = 2382.957 ; gain = 667.309 ; free physical = 141 ; free virtual = 2387
---------------------------------------------------------------------------------
---------------------------------------------------------------------------------
Start Timing Optimization
---------------------------------------------------------------------------------
---------------------------------------------------------------------------------
Finished Timing Optimization : Time (s): cpu = 00:00:36 ; elapsed = 00:00:48 . Memory (MB): peak = 2382.957 ; gain = 667.309 ; free physical = 141 ; free virtual = 2387
---------------------------------------------------------------------------------
---------------------------------------------------------------------------------
Start ROM, RAM, DSP, Shift Register and Retiming Reporting
---------------------------------------------------------------------------------

Block RAM: Final Mapping Report
+------------+---------------------------------------------+------------------------+---+---+------------------------+---+---+------------------+--------+--------+
|Module Name | RTL Object                                  | PORT A (Depth x Width) | W | R | PORT B (Depth x Width) | W | R | Ports driving FF | RAMB18 | RAMB36 | 
+------------+---------------------------------------------+------------------------+---+---+------------------------+---+---+------------------+--------+--------+
|U0          | BUS1_s_axi_U/int_image_in/write_p1.mem_reg  | 1 K x 32(READ_FIRST)   | W | R | 1 K x 32(WRITE_FIRST)  |   | R | Port A and B     | 0      | 2      | 
|U0          | BUS1_s_axi_U/int_image_out/write_p0.mem_reg | 1 K x 32(READ_FIRST)   | W | R | 1 K x 32(READ_FIRST)   | W | R | Port A and B     | 0      | 2      | 
+------------+---------------------------------------------+------------------------+---+---+------------------------+---+---+------------------+--------+--------+


Distributed RAM: Final Mapping Report
+------------+-------------------------------------------+-----------+----------------------+----------------+
|Module Name | RTL Object                                | Inference | Size (Depth x Width) | Primitives     | 
+------------+-------------------------------------------+-----------+----------------------+----------------+
|U0          | BUS1_s_axi_U/int_weights/write_p1.mem_reg | Implied   | 4 x 32               | RAM16X1D x 32  | 
+------------+-------------------------------------------+-----------+----------------------+----------------+

---------------------------------------------------------------------------------
Finished ROM, RAM, DSP, Shift Register and Retiming Reporting
---------------------------------------------------------------------------------
---------------------------------------------------------------------------------
Start Technology Mapping
---------------------------------------------------------------------------------
INFO: [Synth 8-7052] The timing for the instance U0/BUS1_s_axi_U/int_image_in/write_p1.mem_reg_0 (implemented as a Block RAM) might be sub-optimal as no optional output register could be merged into the ram block. Providing additional output register may help in improving timing.
INFO: [Synth 8-7052] The timing for the instance U0/BUS1_s_axi_U/int_image_in/write_p1.mem_reg_1 (implemented as a Block RAM) might be sub-optimal as no optional output register could be merged into the ram block. Providing additional output register may help in improving timing.
INFO: [Synth 8-7052] The timing for the instance U0/BUS1_s_axi_U/int_image_out/write_p0.mem_reg_0 (implemented as a Block RAM) might be sub-optimal as no optional output register could be merged into the ram block. Providing additional output register may help in improving timing.
INFO: [Synth 8-7052] The timing for the instance U0/BUS1_s_axi_U/int_image_out/write_p0.mem_reg_0 (implemented as a Block RAM) might be sub-optimal as no optional output register could be merged into the ram block. Providing additional output register may help in improving timing.
INFO: [Synth 8-7052] The timing for the instance U0/BUS1_s_axi_U/int_image_out/write_p0.mem_reg_1 (implemented as a Block RAM) might be sub-optimal as no optional output register could be merged into the ram block. Providing additional output register may help in improving timing.
INFO: [Synth 8-7052] The timing for the instance U0/BUS1_s_axi_U/int_image_out/write_p0.mem_reg_1 (implemented as a Block RAM) might be sub-optimal as no optional output register could be merged into the ram block. Providing additional output register may help in improving timing.
---------------------------------------------------------------------------------
Finished Technology Mapping : Time (s): cpu = 00:00:36 ; elapsed = 00:00:49 . Memory (MB): peak = 2382.957 ; gain = 667.309 ; free physical = 140 ; free virtual = 2387
---------------------------------------------------------------------------------
---------------------------------------------------------------------------------
Start IO Insertion
---------------------------------------------------------------------------------
---------------------------------------------------------------------------------
Start Flattening Before IO Insertion
---------------------------------------------------------------------------------
---------------------------------------------------------------------------------
Finished Flattening Before IO Insertion
---------------------------------------------------------------------------------
---------------------------------------------------------------------------------
Start Final Netlist Cleanup
---------------------------------------------------------------------------------
---------------------------------------------------------------------------------
Finished Final Netlist Cleanup
---------------------------------------------------------------------------------
---------------------------------------------------------------------------------
Finished IO Insertion : Time (s): cpu = 00:00:42 ; elapsed = 00:00:55 . Memory (MB): peak = 2382.957 ; gain = 667.309 ; free physical = 146 ; free virtual = 2388
---------------------------------------------------------------------------------
---------------------------------------------------------------------------------
Start Renaming Generated Instances
---------------------------------------------------------------------------------
---------------------------------------------------------------------------------
Finished Renaming Generated Instances : Time (s): cpu = 00:00:42 ; elapsed = 00:00:55 . Memory (MB): peak = 2382.957 ; gain = 667.309 ; free physical = 146 ; free virtual = 2388
---------------------------------------------------------------------------------
---------------------------------------------------------------------------------
Start Rebuilding User Hierarchy
---------------------------------------------------------------------------------
---------------------------------------------------------------------------------
Finished Rebuilding User Hierarchy : Time (s): cpu = 00:00:42 ; elapsed = 00:00:55 . Memory (MB): peak = 2382.957 ; gain = 667.309 ; free physical = 145 ; free virtual = 2388
---------------------------------------------------------------------------------
---------------------------------------------------------------------------------
Start Renaming Generated Ports
---------------------------------------------------------------------------------
---------------------------------------------------------------------------------
Finished Renaming Generated Ports : Time (s): cpu = 00:00:42 ; elapsed = 00:00:55 . Memory (MB): peak = 2382.957 ; gain = 667.309 ; free physical = 145 ; free virtual = 2388
---------------------------------------------------------------------------------
---------------------------------------------------------------------------------
Start Handling Custom Attributes
---------------------------------------------------------------------------------
---------------------------------------------------------------------------------
Finished Handling Custom Attributes : Time (s): cpu = 00:00:42 ; elapsed = 00:00:55 . Memory (MB): peak = 2382.957 ; gain = 667.309 ; free physical = 145 ; free virtual = 2388
---------------------------------------------------------------------------------
---------------------------------------------------------------------------------
Start Renaming Generated Nets
---------------------------------------------------------------------------------
---------------------------------------------------------------------------------
Finished Renaming Generated Nets : Time (s): cpu = 00:00:42 ; elapsed = 00:00:55 . Memory (MB): peak = 2382.957 ; gain = 667.309 ; free physical = 145 ; free virtual = 2388
---------------------------------------------------------------------------------
---------------------------------------------------------------------------------
Start Writing Synthesis Report
---------------------------------------------------------------------------------

DSP Final Report (the ' indicates corresponding REG is set)
+------------+---------------------+--------+--------+--------+--------+--------+------+------+------+------+-------+------+------+
|Module Name | DSP Mapping         | A Size | B Size | C Size | D Size | P Size | AREG | BREG | CREG | DREG | ADREG | MREG | PREG | 
+------------+---------------------+--------+--------+--------+--------+--------+------+------+------+------+-------+------+------+
|axil_conv2D | (C'+((D+A')'*B')')' | 7      | 7      | 7      | 2      | 13     | 1    | 1    | 1    | 1    | 1     | 1    | 1    | 
|axil_conv2D | (C+(A''*B'')')'     | 8      | 18     | 48     | -      | 17     | 2    | 2    | 2    | -    | -     | 1    | 1    | 
|axil_conv2D | (C+(A''*B'')')'     | 8      | 18     | 48     | -      | 18     | 2    | 2    | 2    | -    | -     | 1    | 1    | 
|axil_conv2D | A'*B'               | 8      | 18     | -      | -      | 17     | 1    | 1    | -    | -    | -     | 0    | 0    | 
+------------+---------------------+--------+--------+--------+--------+--------+------+------+------+------+-------+------+------+


Report BlackBoxes: 
+-+--------------+----------+
| |BlackBox name |Instances |
+-+--------------+----------+
+-+--------------+----------+

Report Cell Usage: 
+------+---------+------+
|      |Cell     |Count |
+------+---------+------+
|1     |CARRY4   |    23|
|2     |DSP48E1  |     4|
|5     |LUT1     |    10|
|6     |LUT2     |    61|
|7     |LUT3     |    78|
|8     |LUT4     |    79|
|9     |LUT5     |    66|
|10    |LUT6     |   151|
|11    |RAM16X1D |    32|
|12    |RAMB36E1 |     4|
|14    |FDRE     |   370|
|15    |FDSE     |     5|
+------+---------+------+
---------------------------------------------------------------------------------
Finished Writing Synthesis Report : Time (s): cpu = 00:00:42 ; elapsed = 00:00:55 . Memory (MB): peak = 2382.957 ; gain = 667.309 ; free physical = 145 ; free virtual = 2388
---------------------------------------------------------------------------------
Synthesis finished with 0 errors, 0 critical warnings and 13 warnings.
Synthesis Optimization Runtime : Time (s): cpu = 00:00:39 ; elapsed = 00:00:50 . Memory (MB): peak = 2382.957 ; gain = 516.559 ; free physical = 144 ; free virtual = 2387
Synthesis Optimization Complete : Time (s): cpu = 00:00:42 ; elapsed = 00:00:55 . Memory (MB): peak = 2382.965 ; gain = 667.309 ; free physical = 144 ; free virtual = 2387
INFO: [Project 1-571] Translating synthesized netlist
Netlist sorting complete. Time (s): cpu = 00:00:00.02 ; elapsed = 00:00:00.01 . Memory (MB): peak = 2382.965 ; gain = 0.000 ; free physical = 416 ; free virtual = 2659
INFO: [Netlist 29-17] Analyzing 63 Unisim elements for replacement
INFO: [Netlist 29-28] Unisim Transformation completed in 0 CPU seconds
INFO: [Project 1-570] Preparing netlist for logic optimization
INFO: [Opt 31-138] Pushed 0 inverter(s) to 0 load pin(s).
Netlist sorting complete. Time (s): cpu = 00:00:00 ; elapsed = 00:00:00 . Memory (MB): peak = 2382.965 ; gain = 0.000 ; free physical = 411 ; free virtual = 2655
INFO: [Project 1-111] Unisim Transformation Summary:
  A total of 32 instances were transformed.
  RAM16X1D => RAM32X1D (RAMD32(x2)): 32 instances

Synth Design complete | Checksum: 268492e8
INFO: [Common 17-83] Releasing license: Synthesis
74 Infos, 92 Warnings, 0 Critical Warnings and 0 Errors encountered.
synth_design completed successfully
synth_design: Time (s): cpu = 00:00:56 ; elapsed = 00:01:05 . Memory (MB): peak = 2382.965 ; gain = 964.527 ; free physical = 411 ; free virtual = 2655
INFO: [Common 17-2834] synth_design peak Physical Memory [PSS] (MB): overall = 1952.616; main = 1650.406; forked = 394.087
INFO: [Common 17-2834] synth_design peak Virtual Memory [VSS] (MB): overall = 3403.531; main = 2382.961; forked = 1020.570
Write ShapeDB Complete: Time (s): cpu = 00:00:00 ; elapsed = 00:00:00 . Memory (MB): peak = 2406.969 ; gain = 0.000 ; free physical = 410 ; free virtual = 2655
INFO: [Common 17-1381] The checkpoint '/home/ares/Desktop/CO-Proj/Labs/Lab1/vitis_better/viviado_3ip/viviado_3ip.runs/ip_3_axil_conv2D_0_0_synth_1/ip_3_axil_conv2D_0_0.dcp' has been generated.
INFO: [Coretcl 2-1648] Added synthesis output to IP cache for IP ip_3_axil_conv2D_0_0, cache-ID = 0b9c7ea27b3172b9
INFO: [Coretcl 2-1174] Renamed 14 cell refs.
Write ShapeDB Complete: Time (s): cpu = 00:00:00 ; elapsed = 00:00:00 . Memory (MB): peak = 2406.969 ; gain = 0.000 ; free physical = 379 ; free virtual = 2625
INFO: [Common 17-1381] The checkpoint '/home/ares/Desktop/CO-Proj/Labs/Lab1/vitis_better/viviado_3ip/viviado_3ip.runs/ip_3_axil_conv2D_0_0_synth_1/ip_3_axil_conv2D_0_0.dcp' has been generated.
INFO: [Vivado 12-24828] Executing command : report_utilization -file ip_3_axil_conv2D_0_0_utilization_synth.rpt -pb ip_3_axil_conv2D_0_0_utilization_synth.pb
INFO: [Common 17-206] Exiting Vivado at Fri May 23 14:16:57 2025...
